#
# There is insufficient memory for the Java Runtime Environment to continue.
# Native memory allocation (mmap) failed to map 98566144 bytes. Error detail: G1 virtual space
# Possible reasons:
#   The system is out of physical RAM or swap space
#   This process is running with CompressedOops enabled, and the Java Heap may be blocking the growth of the native heap
# Possible solutions:
#   Reduce memory load on the system
#   Increase physical memory or swap space
#   Check if swap backing store is full
#   Decrease Java heap size (-Xmx/-Xms)
#   Decrease number of Java threads
#   Decrease Java thread stack sizes (-Xss)
#   Set larger code cache with -XX:ReservedCodeCacheSize=
#   JVM is running with Unscaled Compressed Oops mode in which the Java heap is
#     placed in the first 4GB address space. The Java Heap base address is the
#     maximum limit for the native heap growth. Please use -XX:HeapBaseMinAddress
#     to set the Java Heap base and to place the Java Heap above 4GB virtual address.
# This output file may be truncated or incomplete.
#
#  Out of Memory Error (os_windows.cpp:3686), pid=17908, tid=7980
#
# JRE version:  (21.0.6+7) (build )
# Java VM: OpenJDK 64-Bit Server VM (21.0.6+7-LTS, mixed mode, sharing, tiered, compressed oops, compressed class ptrs, g1 gc, windows-amd64)
# No core dump will be written. Minidumps are not enabled by default on client versions of Windows
#

---------------  S U M M A R Y ------------

Command Line: --add-modules=ALL-SYSTEM --add-opens=java.base/java.util=ALL-UNNAMED --add-opens=java.base/java.lang=ALL-UNNAMED --add-opens=java.base/sun.nio.fs=ALL-UNNAMED -Declipse.application=org.eclipse.jdt.ls.core.id1 -Dosgi.bundles.defaultStartLevel=4 -Declipse.product=org.eclipse.jdt.ls.core.product -Djava.import.generatesMetadataFilesAtProjectRoot=false -DDetectVMInstallationsJob.disabled=true -Dfile.encoding=utf8 -Xlog:disable -javaagent:c:\Users\raksh\.vscode\extensions\redhat.java-1.41.1-win32-x64\lombok\lombok-1.18.36.jar -XX:+HeapDumpOnOutOfMemoryError -XX:HeapDumpPath=c:\Users\raksh\AppData\Roaming\Code\User\workspaceStorage\f8465ce4448ad0a193f9be849f5d8456\redhat.java -Daether.dependencyCollector.impl=bf -Xmx2048M c:\Users\raksh\.vscode\extensions\redhat.java-1.41.1-win32-x64\server\plugins\org.eclipse.equinox.launcher_1.7.0.v20250331-1702.jar -configuration c:\Users\raksh\AppData\Roaming\Code\User\globalStorage\redhat.java\1.41.1\config_win -data c:\Users\raksh\AppData\Roaming\Code\User\workspaceStorage\f8465ce4448ad0a193f9be849f5d8456\redhat.java\jdt_ws --pipe=\\.\pipe\lsp-6b1c08e8ddfa25aea73408acd3b90351-sock

Host: AMD Ryzen 5 5500U with Radeon Graphics         , 12 cores, 5G,  Windows 11 , 64 bit Build 22621 (10.0.22621.5124)
Time: Sun Apr 13 21:02:50 2025 India Standard Time elapsed time: 0.021538 seconds (0d 0h 0m 0s)

---------------  T H R E A D  ---------------

Current thread (0x00000191ab100060):  JavaThread "Unknown thread" [_thread_in_vm, id=7980, stack(0x000000574cc00000,0x000000574cd00000) (1024K)]

Stack: [0x000000574cc00000,0x000000574cd00000]
Native frames: (J=compiled Java code, j=interpreted, Vv=VM code, C=native code)
V  [jvm.dll+0x6cdee9]
V  [jvm.dll+0x8a83d1]
V  [jvm.dll+0x8aa8fe]
V  [jvm.dll+0x8aafe3]
V  [jvm.dll+0x27f706]
V  [jvm.dll+0x6ca755]
V  [jvm.dll+0x6bea3a]
V  [jvm.dll+0x355d6a]
V  [jvm.dll+0x35d936]
V  [jvm.dll+0x3af58e]
V  [jvm.dll+0x3af838]
V  [jvm.dll+0x329efc]
V  [jvm.dll+0x32aa5b]
V  [jvm.dll+0x871639]
V  [jvm.dll+0x3bc361]
V  [jvm.dll+0x85a763]
V  [jvm.dll+0x45066e]
V  [jvm.dll+0x4522b1]
C  [jli.dll+0x5278]
C  [ucrtbase.dll+0x29333]
C  [KERNEL32.DLL+0x1259d]
C  [ntdll.dll+0x5af38]


---------------  P R O C E S S  ---------------

Threads class SMR info:
_java_thread_list=0x00007fff3be7a0c8, length=0, elements={
}

Java Threads: ( => current thread )
Total: 0

Other Threads:
  0x00000191ab15d490 WorkerThread "GC Thread#0"                     [id=9464, stack(0x000000574cd00000,0x000000574ce00000) (1024K)]
  0x00000191ab16e620 ConcurrentGCThread "G1 Main Marker"            [id=19008, stack(0x000000574ce00000,0x000000574cf00000) (1024K)]
  0x00000191ab170ce0 WorkerThread "G1 Conc#0"                       [id=16516, stack(0x000000574cf00000,0x000000574d000000) (1024K)]

[error occurred during error reporting (printing all threads), id 0xc0000005, EXCEPTION_ACCESS_VIOLATION (0xc0000005) at pc=0x00007fff3b57c827]
VM state: not at safepoint (not fully initialized)

VM Mutex/Monitor currently owned by a thread:  ([mutex/lock_event])
[0x00007fff3beee480] Heap_lock - owner thread: 0x00000191ab100060

Heap address: 0x0000000080000000, size: 2048 MB, Compressed Oops mode: 32-bit

CDS archive(s) mapped at: [0x0000000000000000-0x0000000000000000-0x0000000000000000), size 0, SharedBaseAddress: 0x0000000800000000, ArchiveRelocationMode: 1.
Narrow klass base: 0x0000000000000000, Narrow klass shift: 0, Narrow klass range: 0x0

GC Precious Log:
 CardTable entry size: 512
 Card Set container configuration: InlinePtr #cards 5 size 8 Array Of Cards #cards 12 size 40 Howl #buckets 4 coarsen threshold 1843 Howl Bitmap #cards 512 size 80 coarsen threshold 460 Card regions per heap region 1 cards per card region 2048

Heap:
 garbage-first heap   total 0K, used 0K [0x0000000080000000, 0x0000000100000000)
  region size 1024K, 0 young (0K), 0 survivors (0K)

[error occurred during error reporting (printing heap information), id 0xc0000005, EXCEPTION_ACCESS_VIOLATION (0xc0000005) at pc=0x00007fff3b9679b9]
GC Heap History (0 events):
No events

Dll operation events (1 events):
Event: 0.014 Loaded shared library c:\Users\raksh\.vscode\extensions\redhat.java-1.41.1-win32-x64\jre\21.0.6-win32-x86_64\bin\java.dll

Deoptimization events (0 events):
No events

Classes loaded (0 events):
No events

Classes unloaded (0 events):
No events

Classes redefined (0 events):
No events

Internal exceptions (0 events):
No events

ZGC Phase Switch (0 events):
No events

VM Operations (0 events):
No events

Memory protections (0 events):
No events

Nmethod flushes (0 events):
No events

Events (0 events):
No events


Dynamic libraries:
0x00007ff74cc10000 - 0x00007ff74cc1e000 	c:\Users\raksh\.vscode\extensions\redhat.java-1.41.1-win32-x64\jre\21.0.6-win32-x86_64\bin\java.exe
0x00007fffc8a30000 - 0x00007fffc8c47000 	C:\WINDOWS\SYSTEM32\ntdll.dll
0x00007fffc7a30000 - 0x00007fffc7af4000 	C:\WINDOWS\System32\KERNEL32.DLL
0x00007fffc60d0000 - 0x00007fffc64a3000 	C:\WINDOWS\System32\KERNELBASE.dll
0x00007fffc5b40000 - 0x00007fffc5c51000 	C:\WINDOWS\System32\ucrtbase.dll
0x00007fffa7a00000 - 0x00007fffa7a18000 	c:\Users\raksh\.vscode\extensions\redhat.java-1.41.1-win32-x64\jre\21.0.6-win32-x86_64\bin\jli.dll
0x00007fffc85f0000 - 0x00007fffc87a1000 	C:\WINDOWS\System32\USER32.dll
0x00007fffc5f60000 - 0x00007fffc5f86000 	C:\WINDOWS\System32\win32u.dll
0x00007fffc89c0000 - 0x00007fffc89e9000 	C:\WINDOWS\System32\GDI32.dll
0x00007fffc5e40000 - 0x00007fffc5f5b000 	C:\WINDOWS\System32\gdi32full.dll
0x00007fffc5da0000 - 0x00007fffc5e3a000 	C:\WINDOWS\System32\msvcp_win.dll
0x00007fffa7a20000 - 0x00007fffa7a3e000 	c:\Users\raksh\.vscode\extensions\redhat.java-1.41.1-win32-x64\jre\21.0.6-win32-x86_64\bin\VCRUNTIME140.dll
0x00007fffb2890000 - 0x00007fffb2b28000 	C:\WINDOWS\WinSxS\amd64_microsoft.windows.common-controls_6595b64144ccf1df_6.0.22621.5124_none_270e8f4f7386d69d\COMCTL32.dll
0x00007fffc73c0000 - 0x00007fffc7467000 	C:\WINDOWS\System32\msvcrt.dll
0x00007fffc7850000 - 0x00007fffc7881000 	C:\WINDOWS\System32\IMM32.DLL
0x00007fffab780000 - 0x00007fffab78c000 	c:\Users\raksh\.vscode\extensions\redhat.java-1.41.1-win32-x64\jre\21.0.6-win32-x86_64\bin\vcruntime140_1.dll
0x00007fff5fc70000 - 0x00007fff5fcfd000 	c:\Users\raksh\.vscode\extensions\redhat.java-1.41.1-win32-x64\jre\21.0.6-win32-x86_64\bin\msvcp140.dll
0x00007fff3b240000 - 0x00007fff3bfd0000 	c:\Users\raksh\.vscode\extensions\redhat.java-1.41.1-win32-x64\jre\21.0.6-win32-x86_64\bin\server\jvm.dll
0x00007fffc87d0000 - 0x00007fffc8881000 	C:\WINDOWS\System32\ADVAPI32.dll
0x00007fffc7550000 - 0x00007fffc75f8000 	C:\WINDOWS\System32\sechost.dll
0x00007fffc6620000 - 0x00007fffc6648000 	C:\WINDOWS\System32\bcrypt.dll
0x00007fffc88a0000 - 0x00007fffc89b4000 	C:\WINDOWS\System32\RPCRT4.dll
0x00007fffc8570000 - 0x00007fffc85e1000 	C:\WINDOWS\System32\WS2_32.dll
0x00007fffc5a10000 - 0x00007fffc5a5d000 	C:\WINDOWS\SYSTEM32\POWRPROF.dll
0x00007fffc1490000 - 0x00007fffc14c4000 	C:\WINDOWS\SYSTEM32\WINMM.dll
0x00007fffbddb0000 - 0x00007fffbddba000 	C:\WINDOWS\SYSTEM32\VERSION.dll
0x00007fffc59f0000 - 0x00007fffc5a03000 	C:\WINDOWS\SYSTEM32\UMPDC.dll
0x00007fffc4b50000 - 0x00007fffc4b68000 	C:\WINDOWS\SYSTEM32\kernel.appcore.dll
0x00007fffa79f0000 - 0x00007fffa79fa000 	c:\Users\raksh\.vscode\extensions\redhat.java-1.41.1-win32-x64\jre\21.0.6-win32-x86_64\bin\jimage.dll
0x00007fffc3640000 - 0x00007fffc3872000 	C:\WINDOWS\SYSTEM32\DBGHELP.DLL
0x00007fffc7b80000 - 0x00007fffc7f12000 	C:\WINDOWS\System32\combase.dll
0x00007fffc7470000 - 0x00007fffc7547000 	C:\WINDOWS\System32\OLEAUT32.dll
0x00007fffb4b20000 - 0x00007fffb4b52000 	C:\WINDOWS\SYSTEM32\dbgcore.DLL
0x00007fffc6650000 - 0x00007fffc66cb000 	C:\WINDOWS\System32\bcryptPrimitives.dll
0x00007fffa5780000 - 0x00007fffa578f000 	c:\Users\raksh\.vscode\extensions\redhat.java-1.41.1-win32-x64\jre\21.0.6-win32-x86_64\bin\instrument.dll
0x00007fff91040000 - 0x00007fff9105f000 	c:\Users\raksh\.vscode\extensions\redhat.java-1.41.1-win32-x64\jre\21.0.6-win32-x86_64\bin\java.dll

dbghelp: loaded successfully - version: 4.0.5 - missing functions: none
symbol engine: initialized successfully - sym options: 0x614 - pdb path: .;c:\Users\raksh\.vscode\extensions\redhat.java-1.41.1-win32-x64\jre\21.0.6-win32-x86_64\bin;C:\WINDOWS\SYSTEM32;C:\WINDOWS\WinSxS\amd64_microsoft.windows.common-controls_6595b64144ccf1df_6.0.22621.5124_none_270e8f4f7386d69d;c:\Users\raksh\.vscode\extensions\redhat.java-1.41.1-win32-x64\jre\21.0.6-win32-x86_64\bin\server

VM Arguments:
jvm_args: --add-modules=ALL-SYSTEM --add-opens=java.base/java.util=ALL-UNNAMED --add-opens=java.base/java.lang=ALL-UNNAMED --add-opens=java.base/sun.nio.fs=ALL-UNNAMED -Declipse.application=org.eclipse.jdt.ls.core.id1 -Dosgi.bundles.defaultStartLevel=4 -Declipse.product=org.eclipse.jdt.ls.core.product -Djava.import.generatesMetadataFilesAtProjectRoot=false -DDetectVMInstallationsJob.disabled=true -Dfile.encoding=utf8 -Xlog:disable -javaagent:c:\Users\raksh\.vscode\extensions\redhat.java-1.41.1-win32-x64\lombok\lombok-1.18.36.jar -XX:+HeapDumpOnOutOfMemoryError -XX:HeapDumpPath=c:\Users\raksh\AppData\Roaming\Code\User\workspaceStorage\f8465ce4448ad0a193f9be849f5d8456\redhat.java -Daether.dependencyCollector.impl=bf -Xmx2048M 
java_command: c:\Users\raksh\.vscode\extensions\redhat.java-1.41.1-win32-x64\server\plugins\org.eclipse.equinox.launcher_1.7.0.v20250331-1702.jar -configuration c:\Users\raksh\AppData\Roaming\Code\User\globalStorage\redhat.java\1.41.1\config_win -data c:\Users\raksh\AppData\Roaming\Code\User\workspaceStorage\f8465ce4448ad0a193f9be849f5d8456\redhat.java\jdt_ws --pipe=\\.\pipe\lsp-6b1c08e8ddfa25aea73408acd3b90351-sock
java_class_path (initial): c:\Users\raksh\.vscode\extensions\redhat.java-1.41.1-win32-x64\server\plugins\org.eclipse.equinox.launcher_1.7.0.v20250331-1702.jar
Launcher Type: SUN_STANDARD

[Global flags]
     intx CICompilerCount                          = 4                                         {product} {ergonomic}
     uint ConcGCThreads                            = 3                                         {product} {ergonomic}
     uint G1ConcRefinementThreads                  = 10                                        {product} {ergonomic}
   size_t G1HeapRegionSize                         = 1048576                                   {product} {ergonomic}
    uintx GCDrainStackTargetSize                   = 64                                        {product} {ergonomic}
     bool HeapDumpOnOutOfMemoryError               = true                                   {manageable} {command line}
    ccstr HeapDumpPath                             = c:\Users\raksh\AppData\Roaming\Code\User\workspaceStorage\f8465ce4448ad0a193f9be849f5d8456\redhat.java         {manageable} {command line}
   size_t InitialHeapSize                          = 98566144                                  {product} {ergonomic}
   size_t MarkStackSize                            = 4194304                                   {product} {ergonomic}
   size_t MaxHeapSize                              = 2147483648                                {product} {command line}
   size_t MinHeapDeltaBytes                        = 1048576                                   {product} {ergonomic}
   size_t MinHeapSize                              = 8388608                                   {product} {ergonomic}
    uintx NonNMethodCodeHeapSize                   = 5839372                                {pd product} {ergonomic}
    uintx NonProfiledCodeHeapSize                  = 122909434                              {pd product} {ergonomic}
    uintx ProfiledCodeHeapSize                     = 122909434                              {pd product} {ergonomic}
    uintx ReservedCodeCacheSize                    = 251658240                              {pd product} {ergonomic}
     bool SegmentedCodeCache                       = true                                      {product} {ergonomic}
   size_t SoftMaxHeapSize                          = 2147483648                             {manageable} {ergonomic}
     bool UseCompressedOops                        = true                           {product lp64_product} {ergonomic}
     bool UseG1GC                                  = true                                      {product} {ergonomic}
     bool UseLargePagesIndividualAllocation        = false                                  {pd product} {ergonomic}

Logging:
Log output configuration:
 #0: stdout all=off uptime,level,tags foldmultilines=false
 #1: stderr all=off uptime,level,tags foldmultilines=false

Environment Variables:
JAVA_HOME=C:\Program Files\Java\jdk-17
_JAVA_OPTIONS=-Xmx2048M
PATH=C:\Python310\Scripts\;C:\Python310\;C:\Program Files\Common Files\Oracle\Java\javapath;C:\WINDOWS\system32;C:\WINDOWS;C:\WINDOWS\System32\Wbem;C:\WINDOWS\System32\WindowsPowerShell\v1.0\;C:\WINDOWS\System32\OpenSSH\;C:\Program Files\Java\jdk-19\bin;C:\ProgramData\chocolatey\bin;C:\Program Files\MySQL\MySQL Server 8.0\bin;C:\Program Files\Git\cmd;C:\Program Files\MongoDB\mongosh-1.8.2-win32-x64\mongosh-1.8.2-win32-x64\bin;C:\ngrok;C:\Users\raksh\AppData\Roaming\npm;C:\Program Files\nodejs\;C:\Program Files\apache-maven-3.9.9\bin;C:\Program Files\MySQL\MySQL Shell 8.0\bin\;C:\Users\raksh\AppData\Local\Microsoft\WindowsApps;;C:\Users\raksh\AppData\Local\Programs\Hyper\resources\bin;C:\Users\raksh\AppData\Local\Programs\Microsoft VS Code\bin;C:\Users\raksh\AppData\Roaming\npm
USERNAME=raksh
OS=Windows_NT
PROCESSOR_IDENTIFIER=AMD64 Family 23 Model 104 Stepping 1, AuthenticAMD
TMP=C:\Users\raksh\AppData\Local\Temp
TEMP=C:\Users\raksh\AppData\Local\Temp




Periodic native trim disabled

---------------  S Y S T E M  ---------------

OS:
 Windows 11 , 64 bit Build 22621 (10.0.22621.5124)
OS uptime: 0 days 9:41 hours
Hyper-V role detected

CPU: total 12 (initial active 12) (12 cores per cpu, 2 threads per core) family 23 model 104 stepping 1 microcode 0x0, cx8, cmov, fxsr, ht, mmx, 3dnowpref, sse, sse2, sse3, ssse3, sse4a, sse4.1, sse4.2, popcnt, lzcnt, tsc, tscinvbit, avx, avx2, aes, clmul, bmi1, bmi2, adx, sha, fma, vzeroupper, clflush, clflushopt, hv, rdtscp, rdpid, f16c
Processor Information for processor 0
  Max Mhz: 2100, Current Mhz: 1893, Mhz Limit: 2100
Processor Information for processor 1
  Max Mhz: 2100, Current Mhz: 1893, Mhz Limit: 2100
Processor Information for processor 2
  Max Mhz: 2100, Current Mhz: 1893, Mhz Limit: 2100
Processor Information for processor 3
  Max Mhz: 2100, Current Mhz: 1893, Mhz Limit: 2100
Processor Information for processor 4
  Max Mhz: 2100, Current Mhz: 1893, Mhz Limit: 2100
Processor Information for processor 5
  Max Mhz: 2100, Current Mhz: 1893, Mhz Limit: 2100
Processor Information for processor 6
  Max Mhz: 2100, Current Mhz: 1813, Mhz Limit: 2100
Processor Information for processor 7
  Max Mhz: 2100, Current Mhz: 1893, Mhz Limit: 2100
Processor Information for processor 8
  Max Mhz: 2100, Current Mhz: 1893, Mhz Limit: 2100
Processor Information for processor 9
  Max Mhz: 2100, Current Mhz: 1813, Mhz Limit: 2100
Processor Information for processor 10
  Max Mhz: 2100, Current Mhz: 1893, Mhz Limit: 2100
Processor Information for processor 11
  Max Mhz: 2100, Current Mhz: 1813, Mhz Limit: 2100

Memory: 4k page, system-wide physical 6005M (325M free)
TotalPageFile size 24437M (AvailPageFile size 25M)
current process WorkingSet (physical memory assigned to process): 11M, peak: 11M
current process commit charge ("private bytes"): 64M, peak: 158M

vm_info: OpenJDK 64-Bit Server VM (21.0.6+7-LTS) for windows-amd64 JRE (21.0.6+7-LTS), built on 2025-01-21T00:00:00Z by "admin" with MS VC++ 17.7 (VS2022)

END.
