#
# There is insufficient memory for the Java Runtime Environment to continue.
# Native memory allocation (malloc) failed to allocate 1732336 bytes. Error detail: Chunk::new
# Possible reasons:
#   The system is out of physical RAM or swap space
#   This process is running with CompressedOops enabled, and the Java Heap may be blocking the growth of the native heap
# Possible solutions:
#   Reduce memory load on the system
#   Increase physical memory or swap space
#   Check if swap backing store is full
#   Decrease Java heap size (-Xmx/-Xms)
#   Decrease number of Java threads
#   Decrease Java thread stack sizes (-Xss)
#   Set larger code cache with -XX:ReservedCodeCacheSize=
#   JVM is running with Unscaled Compressed Oops mode in which the Java heap is
#     placed in the first 4GB address space. The Java Heap base address is the
#     maximum limit for the native heap growth. Please use -XX:HeapBaseMinAddress
#     to set the Java Heap base and to place the Java Heap above 4GB virtual address.
# This output file may be truncated or incomplete.
#
#  Out of Memory Error (arena.cpp:168), pid=3284, tid=17844
#
# JRE version: OpenJDK Runtime Environment Temurin-21.0.6+7 (21.0.6+7) (build 21.0.6+7-LTS)
# Java VM: OpenJDK 64-Bit Server VM Temurin-21.0.6+7 (21.0.6+7-LTS, mixed mode, sharing, tiered, compressed oops, compressed class ptrs, g1 gc, windows-amd64)
# No core dump will be written. Minidumps are not enabled by default on client versions of Windows
#

---------------  S U M M A R Y ------------

Command Line: --add-modules=ALL-SYSTEM --add-opens=java.base/java.util=ALL-UNNAMED --add-opens=java.base/java.lang=ALL-UNNAMED --add-opens=java.base/sun.nio.fs=ALL-UNNAMED -Declipse.application=org.eclipse.jdt.ls.core.id1 -Dosgi.bundles.defaultStartLevel=4 -Declipse.product=org.eclipse.jdt.ls.core.product -Djava.import.generatesMetadataFilesAtProjectRoot=false -DDetectVMInstallationsJob.disabled=true -Dfile.encoding=utf8 -Xlog:disable -javaagent:c:\Users\raksh\.vscode\extensions\redhat.java-1.41.1-win32-x64\lombok\lombok-1.18.36.jar -XX:+HeapDumpOnOutOfMemoryError -XX:HeapDumpPath=c:\Users\raksh\AppData\Roaming\Code\User\workspaceStorage\9e95b460ab2f98c4a6ac8e55d6906d03\redhat.java -Daether.dependencyCollector.impl=bf -Xmx2048M c:\Users\raksh\.vscode\extensions\redhat.java-1.41.1-win32-x64\server\plugins\org.eclipse.equinox.launcher_1.7.0.v20250331-1702.jar -configuration c:\Users\raksh\AppData\Roaming\Code\User\globalStorage\redhat.java\1.41.1\config_win -data c:\Users\raksh\AppData\Roaming\Code\User\workspaceStorage\9e95b460ab2f98c4a6ac8e55d6906d03\redhat.java\jdt_ws --pipe=\\.\pipe\lsp-54d73c6563b2af2b2e6087299c5fc844-sock

Host: AMD Ryzen 5 5500U with Radeon Graphics         , 12 cores, 5G,  Windows 11 , 64 bit Build 22621 (10.0.22621.5124)
Time: Sun Apr 13 21:05:02 2025 India Standard Time elapsed time: 158.324694 seconds (0d 0h 2m 38s)

---------------  T H R E A D  ---------------

Current thread (0x000001e75d70b380):  JavaThread "C2 CompilerThread0" daemon [_thread_in_native, id=17844, stack(0x000000c932c00000,0x000000c932d00000) (1024K)]


Current CompileTask:
C2:158324 12247       4       org.eclipse.jdt.internal.compiler.lookup.BinaryTypeBinding::createMethod (1720 bytes)

Stack: [0x000000c932c00000,0x000000c932d00000]
Native frames: (J=compiled Java code, j=interpreted, Vv=VM code, C=native code)
V  [jvm.dll+0x6cdee9]
V  [jvm.dll+0x8a83d1]
V  [jvm.dll+0x8aa8fe]
V  [jvm.dll+0x8aafe3]
V  [jvm.dll+0x27f706]
V  [jvm.dll+0xc500d]
V  [jvm.dll+0xc5543]
V  [jvm.dll+0x3b6752]
V  [jvm.dll+0x1e0009]
V  [jvm.dll+0x247b42]
V  [jvm.dll+0x246fcf]
V  [jvm.dll+0x1c75ee]
V  [jvm.dll+0x25685a]
V  [jvm.dll+0x254dfa]
V  [jvm.dll+0x3f0256]
V  [jvm.dll+0x851f8b]
V  [jvm.dll+0x6cc5ed]
C  [ucrtbase.dll+0x29333]
C  [KERNEL32.DLL+0x1259d]
C  [ntdll.dll+0x5af38]


---------------  P R O C E S S  ---------------

Threads class SMR info:
_java_thread_list=0x000001e76d82bde0, length=65, elements={
0x000001e745b6d150, 0x000001e75d6fe080, 0x000001e75d6ff040, 0x000001e75d7005c0,
0x000001e75d702700, 0x000001e75d705440, 0x000001e75d706ea0, 0x000001e75d70b380,
0x000001e75d714e30, 0x000001e75d6cd820, 0x000001e75d9c89c0, 0x000001e76298f800,
0x000001e762789410, 0x000001e7629d0b10, 0x000001e76286cd50, 0x000001e7626fffd0,
0x000001e7633628b0, 0x000001e762f77b10, 0x000001e762f781a0, 0x000001e762f79550,
0x000001e762f78830, 0x000001e762f79be0, 0x000001e762f76760, 0x000001e7626b1f30,
0x000001e7626b25c0, 0x000001e7626af140, 0x000001e7626af7d0, 0x000001e7626b0b80,
0x000001e7626b1210, 0x000001e7626b18a0, 0x000001e7626afe60, 0x000001e7626b04f0,
0x000001e764f796a0, 0x000001e764f78980, 0x000001e764f7c490, 0x000001e764f77c60,
0x000001e764f7ded0, 0x000001e764f782f0, 0x000001e764f7b770, 0x000001e764f79010,
0x000001e764f7d840, 0x000001e764f79d30, 0x000001e764f76f40, 0x000001e764f7be00,
0x000001e764f7a3c0, 0x000001e764f7aa50, 0x000001e764f7b0e0, 0x000001e764f7d1b0,
0x000001e764fd1960, 0x000001e764fd4750, 0x000001e764fd88f0, 0x000001e764fd8f80,
0x000001e764fd4de0, 0x000001e764fd40c0, 0x000001e764fd5470, 0x000001e764fd1ff0,
0x000001e764fd2680, 0x000001e764fd5b00, 0x000001e764fd6190, 0x000001e764fd33a0,
0x000001e764fd2d10, 0x000001e764fd6eb0, 0x000001e764fd7bd0, 0x000001e762f76df0,
0x000001e762f78ec0
}

Java Threads: ( => current thread )
  0x000001e745b6d150 JavaThread "main"                              [_thread_blocked, id=20468, stack(0x000000c931e00000,0x000000c931f00000) (1024K)]
  0x000001e75d6fe080 JavaThread "Reference Handler"          daemon [_thread_blocked, id=13504, stack(0x000000c932600000,0x000000c932700000) (1024K)]
  0x000001e75d6ff040 JavaThread "Finalizer"                  daemon [_thread_blocked, id=16756, stack(0x000000c932700000,0x000000c932800000) (1024K)]
  0x000001e75d7005c0 JavaThread "Signal Dispatcher"          daemon [_thread_blocked, id=17540, stack(0x000000c932800000,0x000000c932900000) (1024K)]
  0x000001e75d702700 JavaThread "Attach Listener"            daemon [_thread_blocked, id=17072, stack(0x000000c932900000,0x000000c932a00000) (1024K)]
  0x000001e75d705440 JavaThread "Service Thread"             daemon [_thread_blocked, id=15528, stack(0x000000c932a00000,0x000000c932b00000) (1024K)]
  0x000001e75d706ea0 JavaThread "Monitor Deflation Thread"   daemon [_thread_blocked, id=2968, stack(0x000000c932b00000,0x000000c932c00000) (1024K)]
=>0x000001e75d70b380 JavaThread "C2 CompilerThread0"         daemon [_thread_in_native, id=17844, stack(0x000000c932c00000,0x000000c932d00000) (1024K)]
  0x000001e75d714e30 JavaThread "C1 CompilerThread0"         daemon [_thread_blocked, id=10672, stack(0x000000c932d00000,0x000000c932e00000) (1024K)]
  0x000001e75d6cd820 JavaThread "Common-Cleaner"             daemon [_thread_blocked, id=19032, stack(0x000000c932e00000,0x000000c932f00000) (1024K)]
  0x000001e75d9c89c0 JavaThread "Notification Thread"        daemon [_thread_blocked, id=20276, stack(0x000000c933000000,0x000000c933100000) (1024K)]
  0x000001e76298f800 JavaThread "Active Thread: Equinox Container: 3fca1247-9e61-4c40-bfce-081be73d84a7"        [_thread_blocked, id=14740, stack(0x000000c933700000,0x000000c933800000) (1024K)]
  0x000001e762789410 JavaThread "Refresh Thread: Equinox Container: 3fca1247-9e61-4c40-bfce-081be73d84a7" daemon [_thread_blocked, id=14292, stack(0x000000c933800000,0x000000c933900000) (1024K)]
  0x000001e7629d0b10 JavaThread "Framework Event Dispatcher: Equinox Container: 3fca1247-9e61-4c40-bfce-081be73d84a7" daemon [_thread_blocked, id=18268, stack(0x000000c933900000,0x000000c933a00000) (1024K)]
  0x000001e76286cd50 JavaThread "Start Level: Equinox Container: 3fca1247-9e61-4c40-bfce-081be73d84a7" daemon [_thread_blocked, id=9528, stack(0x000000c933a00000,0x000000c933b00000) (1024K)]
  0x000001e7626fffd0 JavaThread "Bundle File Closer"         daemon [_thread_blocked, id=19724, stack(0x000000c933c00000,0x000000c933d00000) (1024K)]
  0x000001e7633628b0 JavaThread "SCR Component Actor"        daemon [_thread_blocked, id=3052, stack(0x000000c933d00000,0x000000c933e00000) (1024K)]
  0x000001e762f77b10 JavaThread "Worker-JM"                         [_thread_blocked, id=12352, stack(0x000000c934100000,0x000000c934200000) (1024K)]
  0x000001e762f781a0 JavaThread "JNA Cleaner"                daemon [_thread_blocked, id=19164, stack(0x000000c932f00000,0x000000c933000000) (1024K)]
  0x000001e762f79550 JavaThread "Java indexing"              daemon [_thread_blocked, id=10800, stack(0x000000c934600000,0x000000c934700000) (1024K)]
  0x000001e762f78830 JavaThread "Worker-2"                          [_thread_blocked, id=14932, stack(0x000000c934700000,0x000000c934800000) (1024K)]
  0x000001e762f79be0 JavaThread "Worker-4"                          [_thread_blocked, id=20256, stack(0x000000c934900000,0x000000c934a00000) (1024K)]
  0x000001e762f76760 JavaThread "Thread-2"                   daemon [_thread_in_native, id=15896, stack(0x000000c934a00000,0x000000c934b00000) (1024K)]
  0x000001e7626b1f30 JavaThread "Thread-3"                   daemon [_thread_in_native, id=17232, stack(0x000000c934b00000,0x000000c934c00000) (1024K)]
  0x000001e7626b25c0 JavaThread "Thread-4"                   daemon [_thread_in_native, id=16092, stack(0x000000c934c00000,0x000000c934d00000) (1024K)]
  0x000001e7626af140 JavaThread "Thread-5"                   daemon [_thread_in_native, id=19636, stack(0x000000c934d00000,0x000000c934e00000) (1024K)]
  0x000001e7626af7d0 JavaThread "Thread-6"                   daemon [_thread_in_native, id=15736, stack(0x000000c934e00000,0x000000c934f00000) (1024K)]
  0x000001e7626b0b80 JavaThread "Thread-7"                   daemon [_thread_in_native, id=20044, stack(0x000000c934f00000,0x000000c935000000) (1024K)]
  0x000001e7626b1210 JavaThread "Thread-8"                   daemon [_thread_in_native, id=18252, stack(0x000000c935000000,0x000000c935100000) (1024K)]
  0x000001e7626b18a0 JavaThread "Thread-9"                   daemon [_thread_in_native, id=9264, stack(0x000000c935100000,0x000000c935200000) (1024K)]
  0x000001e7626afe60 JavaThread "Thread-10"                  daemon [_thread_in_native, id=19084, stack(0x000000c935200000,0x000000c935300000) (1024K)]
  0x000001e7626b04f0 JavaThread "Thread-11"                  daemon [_thread_in_native, id=18272, stack(0x000000c935300000,0x000000c935400000) (1024K)]
  0x000001e764f796a0 JavaThread "Thread-12"                  daemon [_thread_in_native, id=17852, stack(0x000000c935400000,0x000000c935500000) (1024K)]
  0x000001e764f78980 JavaThread "Thread-13"                  daemon [_thread_in_native, id=17064, stack(0x000000c935500000,0x000000c935600000) (1024K)]
  0x000001e764f7c490 JavaThread "Thread-14"                  daemon [_thread_in_native, id=19364, stack(0x000000c935600000,0x000000c935700000) (1024K)]
  0x000001e764f77c60 JavaThread "pool-2-thread-1"                   [_thread_blocked, id=3672, stack(0x000000c935700000,0x000000c935800000) (1024K)]
  0x000001e764f7ded0 JavaThread "WorkspaceEventsHandler"            [_thread_blocked, id=17936, stack(0x000000c935800000,0x000000c935900000) (1024K)]
  0x000001e764f782f0 JavaThread "pool-1-thread-1"                   [_thread_blocked, id=17548, stack(0x000000c935900000,0x000000c935a00000) (1024K)]
  0x000001e764f7b770 JavaThread "ForkJoinPool.commonPool-worker-1" daemon [_thread_blocked, id=17984, stack(0x000000c935a00000,0x000000c935b00000) (1024K)]
  0x000001e764f79010 JavaThread "ForkJoinPool.commonPool-worker-3" daemon [_thread_blocked, id=10736, stack(0x000000c935b00000,0x000000c935c00000) (1024K)]
  0x000001e764f7d840 JavaThread "ForkJoinPool.commonPool-worker-2" daemon [_thread_blocked, id=14180, stack(0x000000c935c00000,0x000000c935d00000) (1024K)]
  0x000001e764f79d30 JavaThread "ForkJoinPool.commonPool-worker-4" daemon [_thread_blocked, id=9420, stack(0x000000c935d00000,0x000000c935e00000) (1024K)]
  0x000001e764f76f40 JavaThread "ForkJoinPool.commonPool-worker-6" daemon [_thread_blocked, id=2848, stack(0x000000c935f00000,0x000000c936000000) (1024K)]
  0x000001e764f7be00 JavaThread "ForkJoinPool.commonPool-worker-7" daemon [_thread_blocked, id=20260, stack(0x000000c936000000,0x000000c936100000) (1024K)]
  0x000001e764f7a3c0 JavaThread "ForkJoinPool.commonPool-worker-8" daemon [_thread_blocked, id=9432, stack(0x000000c936100000,0x000000c936200000) (1024K)]
  0x000001e764f7aa50 JavaThread "ForkJoinPool.commonPool-worker-9" daemon [_thread_blocked, id=19868, stack(0x000000c936200000,0x000000c936300000) (1024K)]
  0x000001e764f7b0e0 JavaThread "ForkJoinPool.commonPool-worker-10" daemon [_thread_blocked, id=9128, stack(0x000000c936300000,0x000000c936400000) (1024K)]
  0x000001e764f7d1b0 JavaThread "ForkJoinPool.commonPool-worker-11" daemon [_thread_in_vm, id=11700, stack(0x000000c936400000,0x000000c936500000) (1024K)]
  0x000001e764fd1960 JavaThread "LocalFile Deleter"          daemon [_thread_blocked, id=2596, stack(0x000000c931b00000,0x000000c931c00000) (1024K)]
  0x000001e764fd4750 JavaThread "LocalFile Deleter"          daemon [_thread_blocked, id=10668, stack(0x000000c931c00000,0x000000c931d00000) (1024K)]
  0x000001e764fd88f0 JavaThread "LocalFile Deleter"          daemon [_thread_blocked, id=16444, stack(0x000000c931d00000,0x000000c931e00000) (1024K)]
  0x000001e764fd8f80 JavaThread "LocalFile Deleter"          daemon [_thread_blocked, id=9908, stack(0x000000c933e00000,0x000000c933f00000) (1024K)]
  0x000001e764fd4de0 JavaThread "Compiler Source File Reader" daemon [_thread_blocked, id=3260, stack(0x000000c934200000,0x000000c934300000) (1024K)]
  0x000001e764fd40c0 JavaThread "Compiler Processing Task"   daemon [_thread_blocked, id=19200, stack(0x000000c934300000,0x000000c934400000) (1024K)]
  0x000001e764fd5470 JavaThread "Compiler Class File Writer" daemon [_thread_blocked, id=10288, stack(0x000000c934800000,0x000000c934900000) (1024K)]
  0x000001e764fd1ff0 JavaThread "LocalFile Deleter"          daemon [_thread_blocked, id=17776, stack(0x000000c935e00000,0x000000c935f00000) (1024K)]
  0x000001e764fd2680 JavaThread "Compiler Source File Reader" daemon [_thread_blocked, id=18688, stack(0x000000c936700000,0x000000c936800000) (1024K)]
  0x000001e764fd5b00 JavaThread "Compiler Class File Writer" daemon [_thread_blocked, id=8364, stack(0x000000c936800000,0x000000c936900000) (1024K)]
  0x000001e764fd6190 JavaThread "Worker-6"                          [_thread_blocked, id=6736, stack(0x000000c936900000,0x000000c936a00000) (1024K)]
  0x000001e764fd33a0 JavaThread "Worker-7"                          [_thread_blocked, id=14036, stack(0x000000c936a00000,0x000000c936b00000) (1024K)]
  0x000001e764fd2d10 JavaThread "Java Debug Server"          daemon [_thread_in_native, id=7568, stack(0x000000c936b00000,0x000000c936c00000) (1024K)]
  0x000001e764fd6eb0 JavaThread "pool-5-thread-1"                   [_thread_in_native, id=15844, stack(0x000000c936c00000,0x000000c936d00000) (1024K)]
  0x000001e764fd7bd0 JavaThread "RxSchedulerPurge-1"         daemon [_thread_blocked, id=19660, stack(0x000000c936d00000,0x000000c936e00000) (1024K)]
  0x000001e762f76df0 JavaThread "RxCachedWorkerPoolEvictor-1" daemon [_thread_blocked, id=19640, stack(0x000000c936e00000,0x000000c936f00000) (1024K)]
  0x000001e762f78ec0 JavaThread "RxNewThreadScheduler-1"     daemon [_thread_blocked, id=5796, stack(0x000000c936f00000,0x000000c937000000) (1024K)]
Total: 65

Other Threads:
  0x000001e75d6e2af0 VMThread "VM Thread"                           [id=11092, stack(0x000000c932500000,0x000000c932600000) (1024K)]
  0x000001e75d6cbb20 WatcherThread "VM Periodic Task Thread"        [id=18768, stack(0x000000c932400000,0x000000c932500000) (1024K)]
  0x000001e745bcc1f0 WorkerThread "GC Thread#0"                     [id=18636, stack(0x000000c931f00000,0x000000c932000000) (1024K)]
  0x000001e75d6e2010 WorkerThread "GC Thread#1"                     [id=17916, stack(0x000000c933100000,0x000000c933200000) (1024K)]
  0x000001e75d6e2750 WorkerThread "GC Thread#2"                     [id=19208, stack(0x000000c933200000,0x000000c933300000) (1024K)]
  0x000001e75d6e1190 WorkerThread "GC Thread#3"                     [id=7064, stack(0x000000c933300000,0x000000c933400000) (1024K)]
  0x000001e75d6e1530 WorkerThread "GC Thread#4"                     [id=1840, stack(0x000000c933400000,0x000000c933500000) (1024K)]
  0x000001e75d6e1c70 WorkerThread "GC Thread#5"                     [id=11656, stack(0x000000c933500000,0x000000c933600000) (1024K)]
  0x000001e75d6e18d0 WorkerThread "GC Thread#6"                     [id=11884, stack(0x000000c933600000,0x000000c933700000) (1024K)]
  0x000001e762a0c6a0 WorkerThread "GC Thread#7"                     [id=19312, stack(0x000000c933b00000,0x000000c933c00000) (1024K)]
  0x000001e762a09040 WorkerThread "GC Thread#8"                     [id=1772, stack(0x000000c933f00000,0x000000c934000000) (1024K)]
  0x000001e762a0ca40 WorkerThread "GC Thread#9"                     [id=16972, stack(0x000000c934000000,0x000000c934100000) (1024K)]
  0x000001e745bdd1d0 ConcurrentGCThread "G1 Main Marker"            [id=19324, stack(0x000000c932000000,0x000000c932100000) (1024K)]
  0x000001e745bdee90 WorkerThread "G1 Conc#0"                       [id=18664, stack(0x000000c932100000,0x000000c932200000) (1024K)]
  0x000001e762a093e0 WorkerThread "G1 Conc#1"                       [id=18084, stack(0x000000c934400000,0x000000c934500000) (1024K)]
  0x000001e762a0a9a0 WorkerThread "G1 Conc#2"                       [id=19412, stack(0x000000c934500000,0x000000c934600000) (1024K)]
  0x000001e745c2e100 ConcurrentGCThread "G1 Refine#0"               [id=18672, stack(0x000000c932200000,0x000000c932300000) (1024K)]
  0x000001e75d59f150 ConcurrentGCThread "G1 Service"                [id=10344, stack(0x000000c932300000,0x000000c932400000) (1024K)]
Total: 18

Threads with active compile tasks:
C2 CompilerThread0  158361 12247       4       org.eclipse.jdt.internal.compiler.lookup.BinaryTypeBinding::createMethod (1720 bytes)
Total: 1

VM state: not at safepoint (normal execution)

VM Mutex/Monitor currently owned by a thread: None

Heap address: 0x0000000080000000, size: 2048 MB, Compressed Oops mode: 32-bit

CDS archive(s) mapped at: [0x000001e700000000-0x000001e700ba0000-0x000001e700ba0000), size 12189696, SharedBaseAddress: 0x000001e700000000, ArchiveRelocationMode: 1.
Compressed class space mapped at: 0x000001e701000000-0x000001e741000000, reserved size: 1073741824
Narrow klass base: 0x000001e700000000, Narrow klass shift: 0, Narrow klass range: 0x100000000

GC Precious Log:
 CardTable entry size: 512
 Card Set container configuration: InlinePtr #cards 5 size 8 Array Of Cards #cards 12 size 40 Howl #buckets 4 coarsen threshold 1843 Howl Bitmap #cards 512 size 80 coarsen threshold 460 Card regions per heap region 1 cards per card region 2048
 CPUs: 12 total, 12 available
 Memory: 6005M
 Large Page Support: Disabled
 NUMA Support: Disabled
 Compressed Oops: Enabled (32-bit)
 Heap Region Size: 1M
 Heap Min Capacity: 8M
 Heap Initial Capacity: 94M
 Heap Max Capacity: 2G
 Pre-touch: Disabled
 Parallel Workers: 10
 Concurrent Workers: 3
 Concurrent Refinement Workers: 10
 Periodic GC: Disabled

Heap:
 garbage-first heap   total 280576K, used 196480K [0x0000000080000000, 0x0000000100000000)
  region size 1024K, 123 young (125952K), 17 survivors (17408K)
 Metaspace       used 69592K, committed 71232K, reserved 1114112K
  class space    used 7318K, committed 8064K, reserved 1048576K

Heap Regions: E=young(eden), S=young(survivor), O=old, HS=humongous(starts), HC=humongous(continues), CS=collection set, F=free, TAMS=top-at-mark-start, PB=parsable bottom
|   0|0x0000000080000000, 0x0000000080100000, 0x0000000080100000|100%| O|  |TAMS 0x0000000080000000| PB 0x0000000080000000| Untracked 
|   1|0x0000000080100000, 0x0000000080200000, 0x0000000080200000|100%| O|  |TAMS 0x0000000080100000| PB 0x0000000080100000| Untracked 
|   2|0x0000000080200000, 0x0000000080300000, 0x0000000080300000|100%| O|  |TAMS 0x0000000080200000| PB 0x0000000080200000| Untracked 
|   3|0x0000000080300000, 0x0000000080400000, 0x0000000080400000|100%| O|  |TAMS 0x0000000080300000| PB 0x0000000080300000| Untracked 
|   4|0x0000000080400000, 0x0000000080500000, 0x0000000080500000|100%| O|  |TAMS 0x0000000080400000| PB 0x0000000080400000| Untracked 
|   5|0x0000000080500000, 0x0000000080600000, 0x0000000080600000|100%| O|  |TAMS 0x0000000080500000| PB 0x0000000080500000| Untracked 
|   6|0x0000000080600000, 0x0000000080700000, 0x0000000080700000|100%| O|  |TAMS 0x0000000080600000| PB 0x0000000080600000| Untracked 
|   7|0x0000000080700000, 0x0000000080800000, 0x0000000080800000|100%| O|  |TAMS 0x0000000080700000| PB 0x0000000080700000| Untracked 
|   8|0x0000000080800000, 0x0000000080900000, 0x0000000080900000|100%| O|  |TAMS 0x0000000080800000| PB 0x0000000080800000| Untracked 
|   9|0x0000000080900000, 0x0000000080a00000, 0x0000000080a00000|100%| O|  |TAMS 0x0000000080900000| PB 0x0000000080900000| Untracked 
|  10|0x0000000080a00000, 0x0000000080b00000, 0x0000000080b00000|100%|HS|  |TAMS 0x0000000080a00000| PB 0x0000000080a00000| Complete 
|  11|0x0000000080b00000, 0x0000000080c00000, 0x0000000080c00000|100%|HS|  |TAMS 0x0000000080b00000| PB 0x0000000080b00000| Complete 
|  12|0x0000000080c00000, 0x0000000080d00000, 0x0000000080d00000|100%| O|  |TAMS 0x0000000080c00000| PB 0x0000000080c00000| Untracked 
|  13|0x0000000080d00000, 0x0000000080e00000, 0x0000000080e00000|100%| O|  |TAMS 0x0000000080d00000| PB 0x0000000080d00000| Untracked 
|  14|0x0000000080e00000, 0x0000000080f00000, 0x0000000080f00000|100%| O|  |TAMS 0x0000000080e00000| PB 0x0000000080e00000| Untracked 
|  15|0x0000000080f00000, 0x0000000081000000, 0x0000000081000000|100%| O|  |TAMS 0x0000000080f00000| PB 0x0000000080f00000| Untracked 
|  16|0x0000000081000000, 0x0000000081100000, 0x0000000081100000|100%| O|  |TAMS 0x0000000081000000| PB 0x0000000081000000| Untracked 
|  17|0x0000000081100000, 0x0000000081200000, 0x0000000081200000|100%| O|  |TAMS 0x0000000081100000| PB 0x0000000081100000| Untracked 
|  18|0x0000000081200000, 0x0000000081300000, 0x0000000081300000|100%| O|  |TAMS 0x0000000081200000| PB 0x0000000081200000| Untracked 
|  19|0x0000000081300000, 0x0000000081400000, 0x0000000081400000|100%| O|  |TAMS 0x0000000081300000| PB 0x0000000081300000| Untracked 
|  20|0x0000000081400000, 0x0000000081500000, 0x0000000081500000|100%| O|  |TAMS 0x0000000081400000| PB 0x0000000081400000| Untracked 
|  21|0x0000000081500000, 0x0000000081600000, 0x0000000081600000|100%| O|  |TAMS 0x0000000081500000| PB 0x0000000081500000| Untracked 
|  22|0x0000000081600000, 0x0000000081700000, 0x0000000081700000|100%| O|  |TAMS 0x0000000081600000| PB 0x0000000081600000| Untracked 
|  23|0x0000000081700000, 0x0000000081800000, 0x0000000081800000|100%| O|  |TAMS 0x0000000081700000| PB 0x0000000081700000| Untracked 
|  24|0x0000000081800000, 0x0000000081900000, 0x0000000081900000|100%| O|  |TAMS 0x0000000081800000| PB 0x0000000081800000| Untracked 
|  25|0x0000000081900000, 0x0000000081a00000, 0x0000000081a00000|100%| O|  |TAMS 0x0000000081900000| PB 0x0000000081900000| Untracked 
|  26|0x0000000081a00000, 0x0000000081b00000, 0x0000000081b00000|100%| O|  |TAMS 0x0000000081a00000| PB 0x0000000081a00000| Untracked 
|  27|0x0000000081b00000, 0x0000000081c00000, 0x0000000081c00000|100%| O|  |TAMS 0x0000000081b00000| PB 0x0000000081b00000| Untracked 
|  28|0x0000000081c00000, 0x0000000081d00000, 0x0000000081d00000|100%| O|  |TAMS 0x0000000081c00000| PB 0x0000000081c00000| Untracked 
|  29|0x0000000081d00000, 0x0000000081e00000, 0x0000000081e00000|100%| O|  |TAMS 0x0000000081d00000| PB 0x0000000081d00000| Untracked 
|  30|0x0000000081e00000, 0x0000000081f00000, 0x0000000081f00000|100%| O|  |TAMS 0x0000000081e00000| PB 0x0000000081e00000| Untracked 
|  31|0x0000000081f00000, 0x0000000082000000, 0x0000000082000000|100%| O|  |TAMS 0x0000000081f00000| PB 0x0000000081f00000| Untracked 
|  32|0x0000000082000000, 0x0000000082100000, 0x0000000082100000|100%| O|  |TAMS 0x0000000082000000| PB 0x0000000082000000| Untracked 
|  33|0x0000000082100000, 0x0000000082200000, 0x0000000082200000|100%| O|  |TAMS 0x0000000082100000| PB 0x0000000082100000| Untracked 
|  34|0x0000000082200000, 0x0000000082300000, 0x0000000082300000|100%| O|  |TAMS 0x0000000082200000| PB 0x0000000082200000| Untracked 
|  35|0x0000000082300000, 0x0000000082400000, 0x0000000082400000|100%| O|  |TAMS 0x0000000082300000| PB 0x0000000082300000| Untracked 
|  36|0x0000000082400000, 0x0000000082500000, 0x0000000082500000|100%| O|  |TAMS 0x0000000082400000| PB 0x0000000082400000| Untracked 
|  37|0x0000000082500000, 0x0000000082600000, 0x0000000082600000|100%| O|  |TAMS 0x0000000082500000| PB 0x0000000082500000| Untracked 
|  38|0x0000000082600000, 0x0000000082700000, 0x0000000082700000|100%| O|  |TAMS 0x0000000082600000| PB 0x0000000082600000| Untracked 
|  39|0x0000000082700000, 0x0000000082800000, 0x0000000082800000|100%| O|  |TAMS 0x0000000082700000| PB 0x0000000082700000| Untracked 
|  40|0x0000000082800000, 0x0000000082900000, 0x0000000082900000|100%|HS|  |TAMS 0x0000000082800000| PB 0x0000000082800000| Complete 
|  41|0x0000000082900000, 0x0000000082a00000, 0x0000000082a00000|100%| O|  |TAMS 0x0000000082900000| PB 0x0000000082900000| Untracked 
|  42|0x0000000082a00000, 0x0000000082b00000, 0x0000000082b00000|100%| O|  |TAMS 0x0000000082a00000| PB 0x0000000082a00000| Untracked 
|  43|0x0000000082b00000, 0x0000000082c00000, 0x0000000082c00000|100%| O|  |TAMS 0x0000000082b00000| PB 0x0000000082b00000| Untracked 
|  44|0x0000000082c00000, 0x0000000082d00000, 0x0000000082d00000|100%| O|  |TAMS 0x0000000082c00000| PB 0x0000000082c00000| Untracked 
|  45|0x0000000082d00000, 0x0000000082e00000, 0x0000000082e00000|100%| O|  |TAMS 0x0000000082d00000| PB 0x0000000082d00000| Untracked 
|  46|0x0000000082e00000, 0x0000000082f00000, 0x0000000082f00000|100%| O|  |TAMS 0x0000000082e00000| PB 0x0000000082e00000| Untracked 
|  47|0x0000000082f00000, 0x0000000083000000, 0x0000000083000000|100%| O|  |TAMS 0x0000000082f00000| PB 0x0000000082f00000| Untracked 
|  48|0x0000000083000000, 0x0000000083100000, 0x0000000083100000|100%| O|  |TAMS 0x0000000083000000| PB 0x0000000083000000| Untracked 
|  49|0x0000000083100000, 0x0000000083200000, 0x0000000083200000|100%| O|  |TAMS 0x0000000083100000| PB 0x0000000083100000| Untracked 
|  50|0x0000000083200000, 0x0000000083300000, 0x0000000083300000|100%| O|  |TAMS 0x0000000083200000| PB 0x0000000083200000| Untracked 
|  51|0x0000000083300000, 0x0000000083400000, 0x0000000083400000|100%| O|  |TAMS 0x0000000083300000| PB 0x0000000083300000| Untracked 
|  52|0x0000000083400000, 0x0000000083500000, 0x0000000083500000|100%| O|  |TAMS 0x0000000083400000| PB 0x0000000083400000| Untracked 
|  53|0x0000000083500000, 0x0000000083600000, 0x0000000083600000|100%| O|  |TAMS 0x0000000083500000| PB 0x0000000083500000| Untracked 
|  54|0x0000000083600000, 0x0000000083700000, 0x0000000083700000|100%|HS|  |TAMS 0x0000000083600000| PB 0x0000000083600000| Complete 
|  55|0x0000000083700000, 0x0000000083800000, 0x0000000083800000|100%| O|  |TAMS 0x0000000083700000| PB 0x0000000083700000| Untracked 
|  56|0x0000000083800000, 0x0000000083900000, 0x0000000083900000|100%| O|  |TAMS 0x0000000083800000| PB 0x0000000083800000| Untracked 
|  57|0x0000000083900000, 0x0000000083a00000, 0x0000000083a00000|100%| O|  |TAMS 0x0000000083900000| PB 0x0000000083900000| Untracked 
|  58|0x0000000083a00000, 0x0000000083b00000, 0x0000000083b00000|100%| O|  |TAMS 0x0000000083a00000| PB 0x0000000083a00000| Untracked 
|  59|0x0000000083b00000, 0x0000000083c00000, 0x0000000083c00000|100%| O|  |TAMS 0x0000000083b00000| PB 0x0000000083b00000| Untracked 
|  60|0x0000000083c00000, 0x0000000083d00000, 0x0000000083d00000|100%| O|  |TAMS 0x0000000083c00000| PB 0x0000000083c00000| Untracked 
|  61|0x0000000083d00000, 0x0000000083e00000, 0x0000000083e00000|100%| O|  |TAMS 0x0000000083d00000| PB 0x0000000083d00000| Untracked 
|  62|0x0000000083e00000, 0x0000000083f00000, 0x0000000083f00000|100%| O|  |TAMS 0x0000000083e00000| PB 0x0000000083e00000| Untracked 
|  63|0x0000000083f00000, 0x0000000084000000, 0x0000000084000000|100%| O|  |TAMS 0x0000000083f00000| PB 0x0000000083f00000| Untracked 
|  64|0x0000000084000000, 0x0000000084100000, 0x0000000084100000|100%|HS|  |TAMS 0x0000000084000000| PB 0x0000000084000000| Complete 
|  65|0x0000000084100000, 0x0000000084100000, 0x0000000084200000|  0%| F|  |TAMS 0x0000000084100000| PB 0x0000000084100000| Untracked 
|  66|0x0000000084200000, 0x0000000084300000, 0x0000000084300000|100%| O|  |TAMS 0x0000000084200000| PB 0x0000000084200000| Untracked 
|  67|0x0000000084300000, 0x0000000084400000, 0x0000000084400000|100%| O|  |TAMS 0x0000000084300000| PB 0x0000000084300000| Untracked 
|  68|0x0000000084400000, 0x0000000084400000, 0x0000000084500000|  0%| F|  |TAMS 0x0000000084400000| PB 0x0000000084400000| Untracked 
|  69|0x0000000084500000, 0x0000000084500000, 0x0000000084600000|  0%| F|  |TAMS 0x0000000084500000| PB 0x0000000084500000| Untracked 
|  70|0x0000000084600000, 0x0000000084600000, 0x0000000084700000|  0%| F|  |TAMS 0x0000000084600000| PB 0x0000000084600000| Untracked 
|  71|0x0000000084700000, 0x0000000084700000, 0x0000000084800000|  0%| F|  |TAMS 0x0000000084700000| PB 0x0000000084700000| Untracked 
|  72|0x0000000084800000, 0x0000000084800000, 0x0000000084900000|  0%| F|  |TAMS 0x0000000084800000| PB 0x0000000084800000| Untracked 
|  73|0x0000000084900000, 0x0000000084a00000, 0x0000000084a00000|100%|HS|  |TAMS 0x0000000084900000| PB 0x0000000084900000| Complete 
|  74|0x0000000084a00000, 0x0000000084b00000, 0x0000000084b00000|100%|HS|  |TAMS 0x0000000084a00000| PB 0x0000000084a00000| Complete 
|  75|0x0000000084b00000, 0x0000000084c00000, 0x0000000084c00000|100%| O|  |TAMS 0x0000000084b00000| PB 0x0000000084b00000| Untracked 
|  76|0x0000000084c00000, 0x0000000084ca6ef0, 0x0000000084d00000| 65%| O|  |TAMS 0x0000000084c00000| PB 0x0000000084c00000| Untracked 
|  77|0x0000000084d00000, 0x0000000084d00000, 0x0000000084e00000|  0%| F|  |TAMS 0x0000000084d00000| PB 0x0000000084d00000| Untracked 
|  78|0x0000000084e00000, 0x0000000084e00000, 0x0000000084f00000|  0%| F|  |TAMS 0x0000000084e00000| PB 0x0000000084e00000| Untracked 
|  79|0x0000000084f00000, 0x0000000084f00000, 0x0000000085000000|  0%| F|  |TAMS 0x0000000084f00000| PB 0x0000000084f00000| Untracked 
|  80|0x0000000085000000, 0x0000000085000000, 0x0000000085100000|  0%| F|  |TAMS 0x0000000085000000| PB 0x0000000085000000| Untracked 
|  81|0x0000000085100000, 0x0000000085100000, 0x0000000085200000|  0%| F|  |TAMS 0x0000000085100000| PB 0x0000000085100000| Untracked 
|  82|0x0000000085200000, 0x0000000085200000, 0x0000000085300000|  0%| F|  |TAMS 0x0000000085200000| PB 0x0000000085200000| Untracked 
|  83|0x0000000085300000, 0x0000000085300000, 0x0000000085400000|  0%| F|  |TAMS 0x0000000085300000| PB 0x0000000085300000| Untracked 
|  84|0x0000000085400000, 0x0000000085400000, 0x0000000085500000|  0%| F|  |TAMS 0x0000000085400000| PB 0x0000000085400000| Untracked 
|  85|0x0000000085500000, 0x0000000085500000, 0x0000000085600000|  0%| F|  |TAMS 0x0000000085500000| PB 0x0000000085500000| Untracked 
|  86|0x0000000085600000, 0x0000000085600000, 0x0000000085700000|  0%| F|  |TAMS 0x0000000085600000| PB 0x0000000085600000| Untracked 
|  87|0x0000000085700000, 0x0000000085700000, 0x0000000085800000|  0%| F|  |TAMS 0x0000000085700000| PB 0x0000000085700000| Untracked 
|  88|0x0000000085800000, 0x0000000085800000, 0x0000000085900000|  0%| F|  |TAMS 0x0000000085800000| PB 0x0000000085800000| Untracked 
|  89|0x0000000085900000, 0x0000000085900000, 0x0000000085a00000|  0%| F|  |TAMS 0x0000000085900000| PB 0x0000000085900000| Untracked 
|  90|0x0000000085a00000, 0x0000000085a00000, 0x0000000085b00000|  0%| F|  |TAMS 0x0000000085a00000| PB 0x0000000085a00000| Untracked 
|  91|0x0000000085b00000, 0x0000000085b00000, 0x0000000085c00000|  0%| F|  |TAMS 0x0000000085b00000| PB 0x0000000085b00000| Untracked 
|  92|0x0000000085c00000, 0x0000000085c39480, 0x0000000085d00000| 22%| S|CS|TAMS 0x0000000085c00000| PB 0x0000000085c00000| Complete 
|  93|0x0000000085d00000, 0x0000000085e00000, 0x0000000085e00000|100%| S|CS|TAMS 0x0000000085d00000| PB 0x0000000085d00000| Complete 
|  94|0x0000000085e00000, 0x0000000085f00000, 0x0000000085f00000|100%| S|CS|TAMS 0x0000000085e00000| PB 0x0000000085e00000| Complete 
|  95|0x0000000085f00000, 0x0000000086000000, 0x0000000086000000|100%| S|CS|TAMS 0x0000000085f00000| PB 0x0000000085f00000| Complete 
|  96|0x0000000086000000, 0x0000000086000000, 0x0000000086100000|  0%| F|  |TAMS 0x0000000086000000| PB 0x0000000086000000| Untracked 
|  97|0x0000000086100000, 0x0000000086100000, 0x0000000086200000|  0%| F|  |TAMS 0x0000000086100000| PB 0x0000000086100000| Untracked 
|  98|0x0000000086200000, 0x0000000086200000, 0x0000000086300000|  0%| F|  |TAMS 0x0000000086200000| PB 0x0000000086200000| Untracked 
|  99|0x0000000086300000, 0x0000000086300000, 0x0000000086400000|  0%| F|  |TAMS 0x0000000086300000| PB 0x0000000086300000| Untracked 
| 100|0x0000000086400000, 0x0000000086400000, 0x0000000086500000|  0%| F|  |TAMS 0x0000000086400000| PB 0x0000000086400000| Untracked 
| 101|0x0000000086500000, 0x0000000086500000, 0x0000000086600000|  0%| F|  |TAMS 0x0000000086500000| PB 0x0000000086500000| Untracked 
| 102|0x0000000086600000, 0x0000000086600000, 0x0000000086700000|  0%| F|  |TAMS 0x0000000086600000| PB 0x0000000086600000| Untracked 
| 103|0x0000000086700000, 0x0000000086700000, 0x0000000086800000|  0%| F|  |TAMS 0x0000000086700000| PB 0x0000000086700000| Untracked 
| 104|0x0000000086800000, 0x0000000086800000, 0x0000000086900000|  0%| F|  |TAMS 0x0000000086800000| PB 0x0000000086800000| Untracked 
| 105|0x0000000086900000, 0x0000000086900000, 0x0000000086a00000|  0%| F|  |TAMS 0x0000000086900000| PB 0x0000000086900000| Untracked 
| 106|0x0000000086a00000, 0x0000000086b00000, 0x0000000086b00000|100%| S|CS|TAMS 0x0000000086a00000| PB 0x0000000086a00000| Complete 
| 107|0x0000000086b00000, 0x0000000086c00000, 0x0000000086c00000|100%| S|CS|TAMS 0x0000000086b00000| PB 0x0000000086b00000| Complete 
| 108|0x0000000086c00000, 0x0000000086d00000, 0x0000000086d00000|100%| S|CS|TAMS 0x0000000086c00000| PB 0x0000000086c00000| Complete 
| 109|0x0000000086d00000, 0x0000000086e00000, 0x0000000086e00000|100%| S|CS|TAMS 0x0000000086d00000| PB 0x0000000086d00000| Complete 
| 110|0x0000000086e00000, 0x0000000086f00000, 0x0000000086f00000|100%| S|CS|TAMS 0x0000000086e00000| PB 0x0000000086e00000| Complete 
| 111|0x0000000086f00000, 0x0000000087000000, 0x0000000087000000|100%| S|CS|TAMS 0x0000000086f00000| PB 0x0000000086f00000| Complete 
| 112|0x0000000087000000, 0x0000000087100000, 0x0000000087100000|100%| S|CS|TAMS 0x0000000087000000| PB 0x0000000087000000| Complete 
| 113|0x0000000087100000, 0x0000000087200000, 0x0000000087200000|100%| S|CS|TAMS 0x0000000087100000| PB 0x0000000087100000| Complete 
| 114|0x0000000087200000, 0x0000000087300000, 0x0000000087300000|100%| S|CS|TAMS 0x0000000087200000| PB 0x0000000087200000| Complete 
| 115|0x0000000087300000, 0x0000000087400000, 0x0000000087400000|100%| S|CS|TAMS 0x0000000087300000| PB 0x0000000087300000| Complete 
| 116|0x0000000087400000, 0x0000000087500000, 0x0000000087500000|100%| S|CS|TAMS 0x0000000087400000| PB 0x0000000087400000| Complete 
| 117|0x0000000087500000, 0x0000000087600000, 0x0000000087600000|100%| S|CS|TAMS 0x0000000087500000| PB 0x0000000087500000| Complete 
| 118|0x0000000087600000, 0x0000000087700000, 0x0000000087700000|100%| S|CS|TAMS 0x0000000087600000| PB 0x0000000087600000| Complete 
| 119|0x0000000087700000, 0x0000000087700000, 0x0000000087800000|  0%| F|  |TAMS 0x0000000087700000| PB 0x0000000087700000| Untracked 
| 120|0x0000000087800000, 0x0000000087800000, 0x0000000087900000|  0%| F|  |TAMS 0x0000000087800000| PB 0x0000000087800000| Untracked 
| 121|0x0000000087900000, 0x0000000087900000, 0x0000000087a00000|  0%| F|  |TAMS 0x0000000087900000| PB 0x0000000087900000| Untracked 
| 122|0x0000000087a00000, 0x0000000087a00000, 0x0000000087b00000|  0%| F|  |TAMS 0x0000000087a00000| PB 0x0000000087a00000| Untracked 
| 123|0x0000000087b00000, 0x0000000087b00000, 0x0000000087c00000|  0%| F|  |TAMS 0x0000000087b00000| PB 0x0000000087b00000| Untracked 
| 124|0x0000000087c00000, 0x0000000087c00000, 0x0000000087d00000|  0%| F|  |TAMS 0x0000000087c00000| PB 0x0000000087c00000| Untracked 
| 125|0x0000000087d00000, 0x0000000087d00000, 0x0000000087e00000|  0%| F|  |TAMS 0x0000000087d00000| PB 0x0000000087d00000| Untracked 
| 126|0x0000000087e00000, 0x0000000087e00000, 0x0000000087f00000|  0%| F|  |TAMS 0x0000000087e00000| PB 0x0000000087e00000| Untracked 
| 127|0x0000000087f00000, 0x0000000087f00000, 0x0000000088000000|  0%| F|  |TAMS 0x0000000087f00000| PB 0x0000000087f00000| Untracked 
| 128|0x0000000088000000, 0x0000000088000000, 0x0000000088100000|  0%| F|  |TAMS 0x0000000088000000| PB 0x0000000088000000| Untracked 
| 129|0x0000000088100000, 0x0000000088100000, 0x0000000088200000|  0%| F|  |TAMS 0x0000000088100000| PB 0x0000000088100000| Untracked 
| 130|0x0000000088200000, 0x0000000088200000, 0x0000000088300000|  0%| F|  |TAMS 0x0000000088200000| PB 0x0000000088200000| Untracked 
| 131|0x0000000088300000, 0x0000000088300000, 0x0000000088400000|  0%| F|  |TAMS 0x0000000088300000| PB 0x0000000088300000| Untracked 
| 132|0x0000000088400000, 0x0000000088400000, 0x0000000088500000|  0%| F|  |TAMS 0x0000000088400000| PB 0x0000000088400000| Untracked 
| 133|0x0000000088500000, 0x0000000088500000, 0x0000000088600000|  0%| F|  |TAMS 0x0000000088500000| PB 0x0000000088500000| Untracked 
| 134|0x0000000088600000, 0x0000000088600000, 0x0000000088700000|  0%| F|  |TAMS 0x0000000088600000| PB 0x0000000088600000| Untracked 
| 135|0x0000000088700000, 0x0000000088700000, 0x0000000088800000|  0%| F|  |TAMS 0x0000000088700000| PB 0x0000000088700000| Untracked 
| 136|0x0000000088800000, 0x0000000088800000, 0x0000000088900000|  0%| F|  |TAMS 0x0000000088800000| PB 0x0000000088800000| Untracked 
| 137|0x0000000088900000, 0x0000000088900000, 0x0000000088a00000|  0%| F|  |TAMS 0x0000000088900000| PB 0x0000000088900000| Untracked 
| 138|0x0000000088a00000, 0x0000000088a00000, 0x0000000088b00000|  0%| F|  |TAMS 0x0000000088a00000| PB 0x0000000088a00000| Untracked 
| 139|0x0000000088b00000, 0x0000000088b00000, 0x0000000088c00000|  0%| F|  |TAMS 0x0000000088b00000| PB 0x0000000088b00000| Untracked 
| 140|0x0000000088c00000, 0x0000000088c00000, 0x0000000088d00000|  0%| F|  |TAMS 0x0000000088c00000| PB 0x0000000088c00000| Untracked 
| 141|0x0000000088d00000, 0x0000000088d00000, 0x0000000088e00000|  0%| F|  |TAMS 0x0000000088d00000| PB 0x0000000088d00000| Untracked 
| 142|0x0000000088e00000, 0x0000000088e00000, 0x0000000088f00000|  0%| F|  |TAMS 0x0000000088e00000| PB 0x0000000088e00000| Untracked 
| 143|0x0000000088f00000, 0x0000000088f00000, 0x0000000089000000|  0%| F|  |TAMS 0x0000000088f00000| PB 0x0000000088f00000| Untracked 
| 144|0x0000000089000000, 0x0000000089000000, 0x0000000089100000|  0%| F|  |TAMS 0x0000000089000000| PB 0x0000000089000000| Untracked 
| 145|0x0000000089100000, 0x0000000089100000, 0x0000000089200000|  0%| F|  |TAMS 0x0000000089100000| PB 0x0000000089100000| Untracked 
| 146|0x0000000089200000, 0x0000000089200000, 0x0000000089300000|  0%| F|  |TAMS 0x0000000089200000| PB 0x0000000089200000| Untracked 
| 147|0x0000000089300000, 0x0000000089300000, 0x0000000089400000|  0%| F|  |TAMS 0x0000000089300000| PB 0x0000000089300000| Untracked 
| 148|0x0000000089400000, 0x0000000089400000, 0x0000000089500000|  0%| F|  |TAMS 0x0000000089400000| PB 0x0000000089400000| Untracked 
| 149|0x0000000089500000, 0x0000000089500000, 0x0000000089600000|  0%| F|  |TAMS 0x0000000089500000| PB 0x0000000089500000| Untracked 
| 150|0x0000000089600000, 0x0000000089600000, 0x0000000089700000|  0%| F|  |TAMS 0x0000000089600000| PB 0x0000000089600000| Untracked 
| 151|0x0000000089700000, 0x0000000089700000, 0x0000000089800000|  0%| F|  |TAMS 0x0000000089700000| PB 0x0000000089700000| Untracked 
| 152|0x0000000089800000, 0x0000000089800000, 0x0000000089900000|  0%| F|  |TAMS 0x0000000089800000| PB 0x0000000089800000| Untracked 
| 153|0x0000000089900000, 0x0000000089900000, 0x0000000089a00000|  0%| F|  |TAMS 0x0000000089900000| PB 0x0000000089900000| Untracked 
| 154|0x0000000089a00000, 0x0000000089a00000, 0x0000000089b00000|  0%| F|  |TAMS 0x0000000089a00000| PB 0x0000000089a00000| Untracked 
| 155|0x0000000089b00000, 0x0000000089b00000, 0x0000000089c00000|  0%| F|  |TAMS 0x0000000089b00000| PB 0x0000000089b00000| Untracked 
| 156|0x0000000089c00000, 0x0000000089c00000, 0x0000000089d00000|  0%| F|  |TAMS 0x0000000089c00000| PB 0x0000000089c00000| Untracked 
| 157|0x0000000089d00000, 0x0000000089d00000, 0x0000000089e00000|  0%| F|  |TAMS 0x0000000089d00000| PB 0x0000000089d00000| Untracked 
| 158|0x0000000089e00000, 0x0000000089e00000, 0x0000000089f00000|  0%| F|  |TAMS 0x0000000089e00000| PB 0x0000000089e00000| Untracked 
| 159|0x0000000089f00000, 0x0000000089f00000, 0x000000008a000000|  0%| F|  |TAMS 0x0000000089f00000| PB 0x0000000089f00000| Untracked 
| 160|0x000000008a000000, 0x000000008a000000, 0x000000008a100000|  0%| F|  |TAMS 0x000000008a000000| PB 0x000000008a000000| Untracked 
| 161|0x000000008a100000, 0x000000008a100000, 0x000000008a200000|  0%| F|  |TAMS 0x000000008a100000| PB 0x000000008a100000| Untracked 
| 162|0x000000008a200000, 0x000000008a200000, 0x000000008a300000|  0%| F|  |TAMS 0x000000008a200000| PB 0x000000008a200000| Untracked 
| 163|0x000000008a300000, 0x000000008a300000, 0x000000008a400000|  0%| F|  |TAMS 0x000000008a300000| PB 0x000000008a300000| Untracked 
| 164|0x000000008a400000, 0x000000008a400000, 0x000000008a500000|  0%| F|  |TAMS 0x000000008a400000| PB 0x000000008a400000| Untracked 
| 165|0x000000008a500000, 0x000000008a500000, 0x000000008a600000|  0%| F|  |TAMS 0x000000008a500000| PB 0x000000008a500000| Untracked 
| 166|0x000000008a600000, 0x000000008a600000, 0x000000008a700000|  0%| F|  |TAMS 0x000000008a600000| PB 0x000000008a600000| Untracked 
| 167|0x000000008a700000, 0x000000008a800000, 0x000000008a800000|100%| E|  |TAMS 0x000000008a700000| PB 0x000000008a700000| Complete 
| 168|0x000000008a800000, 0x000000008a900000, 0x000000008a900000|100%| E|CS|TAMS 0x000000008a800000| PB 0x000000008a800000| Complete 
| 169|0x000000008a900000, 0x000000008aa00000, 0x000000008aa00000|100%| E|  |TAMS 0x000000008a900000| PB 0x000000008a900000| Complete 
| 170|0x000000008aa00000, 0x000000008ab00000, 0x000000008ab00000|100%| E|CS|TAMS 0x000000008aa00000| PB 0x000000008aa00000| Complete 
| 171|0x000000008ab00000, 0x000000008ac00000, 0x000000008ac00000|100%| E|CS|TAMS 0x000000008ab00000| PB 0x000000008ab00000| Complete 
| 172|0x000000008ac00000, 0x000000008ad00000, 0x000000008ad00000|100%| E|CS|TAMS 0x000000008ac00000| PB 0x000000008ac00000| Complete 
| 173|0x000000008ad00000, 0x000000008ae00000, 0x000000008ae00000|100%| E|CS|TAMS 0x000000008ad00000| PB 0x000000008ad00000| Complete 
| 174|0x000000008ae00000, 0x000000008af00000, 0x000000008af00000|100%| E|CS|TAMS 0x000000008ae00000| PB 0x000000008ae00000| Complete 
| 175|0x000000008af00000, 0x000000008b000000, 0x000000008b000000|100%| E|CS|TAMS 0x000000008af00000| PB 0x000000008af00000| Complete 
| 176|0x000000008b000000, 0x000000008b100000, 0x000000008b100000|100%| E|CS|TAMS 0x000000008b000000| PB 0x000000008b000000| Complete 
| 177|0x000000008b100000, 0x000000008b200000, 0x000000008b200000|100%| E|CS|TAMS 0x000000008b100000| PB 0x000000008b100000| Complete 
| 178|0x000000008b200000, 0x000000008b300000, 0x000000008b300000|100%| E|CS|TAMS 0x000000008b200000| PB 0x000000008b200000| Complete 
| 179|0x000000008b300000, 0x000000008b400000, 0x000000008b400000|100%| E|CS|TAMS 0x000000008b300000| PB 0x000000008b300000| Complete 
| 180|0x000000008b400000, 0x000000008b500000, 0x000000008b500000|100%| E|CS|TAMS 0x000000008b400000| PB 0x000000008b400000| Complete 
| 181|0x000000008b500000, 0x000000008b600000, 0x000000008b600000|100%| E|CS|TAMS 0x000000008b500000| PB 0x000000008b500000| Complete 
| 182|0x000000008b600000, 0x000000008b700000, 0x000000008b700000|100%| E|CS|TAMS 0x000000008b600000| PB 0x000000008b600000| Complete 
| 183|0x000000008b700000, 0x000000008b800000, 0x000000008b800000|100%| E|CS|TAMS 0x000000008b700000| PB 0x000000008b700000| Complete 
| 184|0x000000008b800000, 0x000000008b900000, 0x000000008b900000|100%| E|CS|TAMS 0x000000008b800000| PB 0x000000008b800000| Complete 
| 185|0x000000008b900000, 0x000000008ba00000, 0x000000008ba00000|100%| E|CS|TAMS 0x000000008b900000| PB 0x000000008b900000| Complete 
| 186|0x000000008ba00000, 0x000000008bb00000, 0x000000008bb00000|100%| E|CS|TAMS 0x000000008ba00000| PB 0x000000008ba00000| Complete 
| 187|0x000000008bb00000, 0x000000008bc00000, 0x000000008bc00000|100%| E|CS|TAMS 0x000000008bb00000| PB 0x000000008bb00000| Complete 
| 188|0x000000008bc00000, 0x000000008bd00000, 0x000000008bd00000|100%| E|CS|TAMS 0x000000008bc00000| PB 0x000000008bc00000| Complete 
| 189|0x000000008bd00000, 0x000000008be00000, 0x000000008be00000|100%| E|CS|TAMS 0x000000008bd00000| PB 0x000000008bd00000| Complete 
| 190|0x000000008be00000, 0x000000008bf00000, 0x000000008bf00000|100%| E|CS|TAMS 0x000000008be00000| PB 0x000000008be00000| Complete 
| 191|0x000000008bf00000, 0x000000008c000000, 0x000000008c000000|100%| E|CS|TAMS 0x000000008bf00000| PB 0x000000008bf00000| Complete 
| 192|0x000000008c000000, 0x000000008c100000, 0x000000008c100000|100%| E|CS|TAMS 0x000000008c000000| PB 0x000000008c000000| Complete 
| 193|0x000000008c100000, 0x000000008c200000, 0x000000008c200000|100%| E|CS|TAMS 0x000000008c100000| PB 0x000000008c100000| Complete 
| 194|0x000000008c200000, 0x000000008c300000, 0x000000008c300000|100%| E|CS|TAMS 0x000000008c200000| PB 0x000000008c200000| Complete 
| 195|0x000000008c300000, 0x000000008c400000, 0x000000008c400000|100%| E|CS|TAMS 0x000000008c300000| PB 0x000000008c300000| Complete 
| 196|0x000000008c400000, 0x000000008c500000, 0x000000008c500000|100%| E|CS|TAMS 0x000000008c400000| PB 0x000000008c400000| Complete 
| 197|0x000000008c500000, 0x000000008c600000, 0x000000008c600000|100%| E|CS|TAMS 0x000000008c500000| PB 0x000000008c500000| Complete 
| 198|0x000000008c600000, 0x000000008c700000, 0x000000008c700000|100%| E|CS|TAMS 0x000000008c600000| PB 0x000000008c600000| Complete 
| 199|0x000000008c700000, 0x000000008c800000, 0x000000008c800000|100%| E|CS|TAMS 0x000000008c700000| PB 0x000000008c700000| Complete 
| 200|0x000000008c800000, 0x000000008c900000, 0x000000008c900000|100%| E|CS|TAMS 0x000000008c800000| PB 0x000000008c800000| Complete 
| 201|0x000000008c900000, 0x000000008ca00000, 0x000000008ca00000|100%| E|CS|TAMS 0x000000008c900000| PB 0x000000008c900000| Complete 
| 202|0x000000008ca00000, 0x000000008cb00000, 0x000000008cb00000|100%| E|CS|TAMS 0x000000008ca00000| PB 0x000000008ca00000| Complete 
| 203|0x000000008cb00000, 0x000000008cc00000, 0x000000008cc00000|100%| E|CS|TAMS 0x000000008cb00000| PB 0x000000008cb00000| Complete 
| 204|0x000000008cc00000, 0x000000008cd00000, 0x000000008cd00000|100%| E|CS|TAMS 0x000000008cc00000| PB 0x000000008cc00000| Complete 
| 205|0x000000008cd00000, 0x000000008ce00000, 0x000000008ce00000|100%| E|CS|TAMS 0x000000008cd00000| PB 0x000000008cd00000| Complete 
| 206|0x000000008ce00000, 0x000000008cf00000, 0x000000008cf00000|100%| E|CS|TAMS 0x000000008ce00000| PB 0x000000008ce00000| Complete 
| 207|0x000000008cf00000, 0x000000008d000000, 0x000000008d000000|100%| E|CS|TAMS 0x000000008cf00000| PB 0x000000008cf00000| Complete 
| 208|0x000000008d000000, 0x000000008d100000, 0x000000008d100000|100%| E|CS|TAMS 0x000000008d000000| PB 0x000000008d000000| Complete 
| 209|0x000000008d100000, 0x000000008d200000, 0x000000008d200000|100%| E|CS|TAMS 0x000000008d100000| PB 0x000000008d100000| Complete 
| 210|0x000000008d200000, 0x000000008d300000, 0x000000008d300000|100%| E|CS|TAMS 0x000000008d200000| PB 0x000000008d200000| Complete 
| 211|0x000000008d300000, 0x000000008d400000, 0x000000008d400000|100%| E|CS|TAMS 0x000000008d300000| PB 0x000000008d300000| Complete 
| 212|0x000000008d400000, 0x000000008d500000, 0x000000008d500000|100%| E|CS|TAMS 0x000000008d400000| PB 0x000000008d400000| Complete 
| 213|0x000000008d500000, 0x000000008d600000, 0x000000008d600000|100%| E|CS|TAMS 0x000000008d500000| PB 0x000000008d500000| Complete 
| 214|0x000000008d600000, 0x000000008d700000, 0x000000008d700000|100%| E|CS|TAMS 0x000000008d600000| PB 0x000000008d600000| Complete 
| 215|0x000000008d700000, 0x000000008d800000, 0x000000008d800000|100%| E|CS|TAMS 0x000000008d700000| PB 0x000000008d700000| Complete 
| 216|0x000000008d800000, 0x000000008d900000, 0x000000008d900000|100%| E|CS|TAMS 0x000000008d800000| PB 0x000000008d800000| Complete 
| 217|0x000000008d900000, 0x000000008da00000, 0x000000008da00000|100%| E|CS|TAMS 0x000000008d900000| PB 0x000000008d900000| Complete 
| 218|0x000000008da00000, 0x000000008db00000, 0x000000008db00000|100%| E|CS|TAMS 0x000000008da00000| PB 0x000000008da00000| Complete 
| 219|0x000000008db00000, 0x000000008dc00000, 0x000000008dc00000|100%| E|CS|TAMS 0x000000008db00000| PB 0x000000008db00000| Complete 
| 220|0x000000008dc00000, 0x000000008dd00000, 0x000000008dd00000|100%| E|CS|TAMS 0x000000008dc00000| PB 0x000000008dc00000| Complete 
| 221|0x000000008dd00000, 0x000000008de00000, 0x000000008de00000|100%| E|CS|TAMS 0x000000008dd00000| PB 0x000000008dd00000| Complete 
| 222|0x000000008de00000, 0x000000008df00000, 0x000000008df00000|100%| E|CS|TAMS 0x000000008de00000| PB 0x000000008de00000| Complete 
| 223|0x000000008df00000, 0x000000008e000000, 0x000000008e000000|100%| E|CS|TAMS 0x000000008df00000| PB 0x000000008df00000| Complete 
| 224|0x000000008e000000, 0x000000008e100000, 0x000000008e100000|100%| E|CS|TAMS 0x000000008e000000| PB 0x000000008e000000| Complete 
| 225|0x000000008e100000, 0x000000008e200000, 0x000000008e200000|100%| E|CS|TAMS 0x000000008e100000| PB 0x000000008e100000| Complete 
| 226|0x000000008e200000, 0x000000008e300000, 0x000000008e300000|100%| E|CS|TAMS 0x000000008e200000| PB 0x000000008e200000| Complete 
| 227|0x000000008e300000, 0x000000008e400000, 0x000000008e400000|100%| E|CS|TAMS 0x000000008e300000| PB 0x000000008e300000| Complete 
| 228|0x000000008e400000, 0x000000008e500000, 0x000000008e500000|100%| E|CS|TAMS 0x000000008e400000| PB 0x000000008e400000| Complete 
| 229|0x000000008e500000, 0x000000008e600000, 0x000000008e600000|100%| E|CS|TAMS 0x000000008e500000| PB 0x000000008e500000| Complete 
| 230|0x000000008e600000, 0x000000008e700000, 0x000000008e700000|100%| E|CS|TAMS 0x000000008e600000| PB 0x000000008e600000| Complete 
| 231|0x000000008e700000, 0x000000008e800000, 0x000000008e800000|100%| E|CS|TAMS 0x000000008e700000| PB 0x000000008e700000| Complete 
| 232|0x000000008e800000, 0x000000008e900000, 0x000000008e900000|100%| E|CS|TAMS 0x000000008e800000| PB 0x000000008e800000| Complete 
| 233|0x000000008e900000, 0x000000008ea00000, 0x000000008ea00000|100%| E|CS|TAMS 0x000000008e900000| PB 0x000000008e900000| Complete 
| 234|0x000000008ea00000, 0x000000008eb00000, 0x000000008eb00000|100%| E|CS|TAMS 0x000000008ea00000| PB 0x000000008ea00000| Complete 
| 235|0x000000008eb00000, 0x000000008ec00000, 0x000000008ec00000|100%| E|CS|TAMS 0x000000008eb00000| PB 0x000000008eb00000| Complete 
| 236|0x000000008ec00000, 0x000000008ed00000, 0x000000008ed00000|100%| E|CS|TAMS 0x000000008ec00000| PB 0x000000008ec00000| Complete 
| 237|0x000000008ed00000, 0x000000008ee00000, 0x000000008ee00000|100%| E|CS|TAMS 0x000000008ed00000| PB 0x000000008ed00000| Complete 
| 238|0x000000008ee00000, 0x000000008ef00000, 0x000000008ef00000|100%| E|CS|TAMS 0x000000008ee00000| PB 0x000000008ee00000| Complete 
| 239|0x000000008ef00000, 0x000000008f000000, 0x000000008f000000|100%| E|CS|TAMS 0x000000008ef00000| PB 0x000000008ef00000| Complete 
| 240|0x000000008f000000, 0x000000008f100000, 0x000000008f100000|100%| E|CS|TAMS 0x000000008f000000| PB 0x000000008f000000| Complete 
| 241|0x000000008f100000, 0x000000008f200000, 0x000000008f200000|100%| E|CS|TAMS 0x000000008f100000| PB 0x000000008f100000| Complete 
| 242|0x000000008f200000, 0x000000008f300000, 0x000000008f300000|100%| E|CS|TAMS 0x000000008f200000| PB 0x000000008f200000| Complete 
| 243|0x000000008f300000, 0x000000008f400000, 0x000000008f400000|100%| E|CS|TAMS 0x000000008f300000| PB 0x000000008f300000| Complete 
| 244|0x000000008f400000, 0x000000008f500000, 0x000000008f500000|100%| E|CS|TAMS 0x000000008f400000| PB 0x000000008f400000| Complete 
| 245|0x000000008f500000, 0x000000008f600000, 0x000000008f600000|100%| E|CS|TAMS 0x000000008f500000| PB 0x000000008f500000| Complete 
| 246|0x000000008f600000, 0x000000008f700000, 0x000000008f700000|100%| E|CS|TAMS 0x000000008f600000| PB 0x000000008f600000| Complete 
| 247|0x000000008f700000, 0x000000008f800000, 0x000000008f800000|100%| E|CS|TAMS 0x000000008f700000| PB 0x000000008f700000| Complete 
| 248|0x000000008f800000, 0x000000008f900000, 0x000000008f900000|100%| E|CS|TAMS 0x000000008f800000| PB 0x000000008f800000| Complete 
| 249|0x000000008f900000, 0x000000008fa00000, 0x000000008fa00000|100%| E|CS|TAMS 0x000000008f900000| PB 0x000000008f900000| Complete 
| 250|0x000000008fa00000, 0x000000008fb00000, 0x000000008fb00000|100%| E|CS|TAMS 0x000000008fa00000| PB 0x000000008fa00000| Complete 
| 251|0x000000008fb00000, 0x000000008fc00000, 0x000000008fc00000|100%| E|CS|TAMS 0x000000008fb00000| PB 0x000000008fb00000| Complete 
| 252|0x000000008fc00000, 0x000000008fd00000, 0x000000008fd00000|100%| E|CS|TAMS 0x000000008fc00000| PB 0x000000008fc00000| Complete 
| 253|0x000000008fd00000, 0x000000008fe00000, 0x000000008fe00000|100%| E|CS|TAMS 0x000000008fd00000| PB 0x000000008fd00000| Complete 
| 254|0x000000008fe00000, 0x000000008ff00000, 0x000000008ff00000|100%| E|CS|TAMS 0x000000008fe00000| PB 0x000000008fe00000| Complete 
| 255|0x000000008ff00000, 0x0000000090000000, 0x0000000090000000|100%| E|CS|TAMS 0x000000008ff00000| PB 0x000000008ff00000| Complete 
| 256|0x0000000090000000, 0x0000000090100000, 0x0000000090100000|100%| E|CS|TAMS 0x0000000090000000| PB 0x0000000090000000| Complete 
| 257|0x0000000090100000, 0x0000000090200000, 0x0000000090200000|100%| E|CS|TAMS 0x0000000090100000| PB 0x0000000090100000| Complete 
| 258|0x0000000090200000, 0x0000000090300000, 0x0000000090300000|100%| E|CS|TAMS 0x0000000090200000| PB 0x0000000090200000| Complete 
| 259|0x0000000090300000, 0x0000000090400000, 0x0000000090400000|100%| E|CS|TAMS 0x0000000090300000| PB 0x0000000090300000| Complete 
| 260|0x0000000090400000, 0x0000000090500000, 0x0000000090500000|100%| E|CS|TAMS 0x0000000090400000| PB 0x0000000090400000| Complete 
| 261|0x0000000090500000, 0x0000000090600000, 0x0000000090600000|100%| E|CS|TAMS 0x0000000090500000| PB 0x0000000090500000| Complete 
| 262|0x0000000090600000, 0x0000000090700000, 0x0000000090700000|100%| E|CS|TAMS 0x0000000090600000| PB 0x0000000090600000| Complete 
| 263|0x0000000090700000, 0x0000000090800000, 0x0000000090800000|100%| E|CS|TAMS 0x0000000090700000| PB 0x0000000090700000| Complete 
| 264|0x0000000090800000, 0x0000000090900000, 0x0000000090900000|100%| E|CS|TAMS 0x0000000090800000| PB 0x0000000090800000| Complete 
| 265|0x0000000090900000, 0x0000000090a00000, 0x0000000090a00000|100%| E|CS|TAMS 0x0000000090900000| PB 0x0000000090900000| Complete 
| 266|0x0000000090a00000, 0x0000000090b00000, 0x0000000090b00000|100%| E|CS|TAMS 0x0000000090a00000| PB 0x0000000090a00000| Complete 
| 267|0x0000000090b00000, 0x0000000090c00000, 0x0000000090c00000|100%| E|CS|TAMS 0x0000000090b00000| PB 0x0000000090b00000| Complete 
| 268|0x0000000090c00000, 0x0000000090d00000, 0x0000000090d00000|100%| E|CS|TAMS 0x0000000090c00000| PB 0x0000000090c00000| Complete 
| 269|0x0000000090d00000, 0x0000000090e00000, 0x0000000090e00000|100%| E|CS|TAMS 0x0000000090d00000| PB 0x0000000090d00000| Complete 
| 270|0x0000000090e00000, 0x0000000090f00000, 0x0000000090f00000|100%| E|CS|TAMS 0x0000000090e00000| PB 0x0000000090e00000| Complete 
| 271|0x0000000090f00000, 0x0000000091000000, 0x0000000091000000|100%| E|CS|TAMS 0x0000000090f00000| PB 0x0000000090f00000| Complete 
|2046|0x00000000ffe00000, 0x00000000fff00000, 0x00000000fff00000|100%| E|CS|TAMS 0x00000000ffe00000| PB 0x00000000ffe00000| Complete 
|2047|0x00000000fff00000, 0x0000000100000000, 0x0000000100000000|100%| O|  |TAMS 0x00000000fff00000| PB 0x00000000fff00000| Untracked 

Card table byte_map: [0x000001e7586b0000,0x000001e758ab0000] _byte_map_base: 0x000001e7582b0000

Marking Bits: (CMBitMap*) 0x000001e745bcc8f0
 Bits: [0x000001e758ab0000, 0x000001e75aab0000)

Polling page: 0x000001e743800000

Metaspace:

Usage:
  Non-class:     60.81 MB used.
      Class:      7.15 MB used.
       Both:     67.96 MB used.

Virtual space:
  Non-class space:       64.00 MB reserved,      61.69 MB ( 96%) committed,  1 nodes.
      Class space:        1.00 GB reserved,       7.88 MB ( <1%) committed,  1 nodes.
             Both:        1.06 GB reserved,      69.56 MB (  6%) committed. 

Chunk freelists:
   Non-Class:  1.72 MB
       Class:  7.94 MB
        Both:  9.66 MB

MaxMetaspaceSize: unlimited
CompressedClassSpaceSize: 1.00 GB
Initial GC threshold: 21.00 MB
Current GC threshold: 95.31 MB
CDS: on
 - commit_granule_bytes: 65536.
 - commit_granule_words: 8192.
 - virtual_space_node_default_size: 8388608.
 - enlarge_chunks_in_place: 1.
 - use_allocation_guard: 0.


Internal statistics:

num_allocs_failed_limit: 8.
num_arena_births: 1360.
num_arena_deaths: 40.
num_vsnodes_births: 2.
num_vsnodes_deaths: 0.
num_space_committed: 1113.
num_space_uncommitted: 0.
num_chunks_returned_to_freelist: 60.
num_chunks_taken_from_freelist: 4718.
num_chunk_merges: 23.
num_chunk_splits: 2871.
num_chunks_enlarged: 1569.
num_inconsistent_stats: 0.

CodeHeap 'non-profiled nmethods': size=120000Kb used=5315Kb max_used=5315Kb free=114684Kb
 bounds [0x000001e750830000, 0x000001e750d70000, 0x000001e757d60000]
CodeHeap 'profiled nmethods': size=120000Kb used=22200Kb max_used=22200Kb free=97799Kb
 bounds [0x000001e748d60000, 0x000001e74a310000, 0x000001e750290000]
CodeHeap 'non-nmethods': size=5760Kb used=1757Kb max_used=1805Kb free=4002Kb
 bounds [0x000001e750290000, 0x000001e750500000, 0x000001e750830000]
 total_blobs=11463 nmethods=10683 adapters=683
 compilation: enabled
              stopped_count=0, restarted_count=0
 full_count=0

Compilation events (20 events):
Event: 157.943 Thread 0x000001e75d714e30 12276       3       org.eclipse.jdt.internal.compiler.lookup.TypeSystem$HashedParameterizedTypes::put (191 bytes)
Event: 157.944 Thread 0x000001e75d714e30 nmethod 12276 0x000001e74a30aa90 code [0x000001e74a30ad20, 0x000001e74a30bc80]
Event: 157.944 Thread 0x000001e75d714e30 12273       3       org.eclipse.jdt.core.Signature::getSimpleNames (11 bytes)
Event: 157.945 Thread 0x000001e75d714e30 nmethod 12273 0x000001e74a30c210 code [0x000001e74a30c400, 0x000001e74a30c728]
Event: 157.986 Thread 0x000001e75d714e30 12277       1       org.eclipse.jdt.internal.core.SourceType::getElementType (3 bytes)
Event: 157.986 Thread 0x000001e75d714e30 nmethod 12277 0x000001e750d60390 code [0x000001e750d60520, 0x000001e750d605e8]
Event: 158.009 Thread 0x000001e75d714e30 12283   !   2       org.eclipse.osgi.storage.bundlefile.CloseableBundleFile$BundleEntryInputStream::available (12 bytes)
Event: 158.009 Thread 0x000001e75d714e30 nmethod 12283 0x000001e74a30c890 code [0x000001e74a30ca40, 0x000001e74a30cbd0]
Event: 158.157 Thread 0x000001e75d714e30 12284       1       org.eclipse.jdt.core.dom.ASTNode::getStartPosition (5 bytes)
Event: 158.157 Thread 0x000001e75d714e30 nmethod 12284 0x000001e750d60690 code [0x000001e750d60820, 0x000001e750d608e8]
Event: 158.157 Thread 0x000001e75d714e30 12285       1       org.eclipse.jdt.core.dom.ASTNode::getLength (5 bytes)
Event: 158.157 Thread 0x000001e75d714e30 nmethod 12285 0x000001e750d60990 code [0x000001e750d60b20, 0x000001e750d60be8]
Event: 158.203 Thread 0x000001e75d714e30 12286       2       org.eclipse.core.filesystem.provider.FileInfo::getAttribute (65 bytes)
Event: 158.203 Thread 0x000001e75d714e30 nmethod 12286 0x000001e74a30cd10 code [0x000001e74a30cec0, 0x000001e74a30d030]
Event: 158.203 Thread 0x000001e75d714e30 12287       2       org.eclipse.jdt.core.dom.ASTNode::accept (40 bytes)
Event: 158.204 Thread 0x000001e75d714e30 nmethod 12287 0x000001e74a30d190 code [0x000001e74a30d380, 0x000001e74a30d630]
Event: 158.204 Thread 0x000001e75d714e30 12288       2       lombok.launch.PatchFixesHider$PatchFixes::isBlockedVisitorAndGenerated (59 bytes)
Event: 158.204 Thread 0x000001e75d714e30 nmethod 12288 0x000001e74a30d790 code [0x000001e74a30d9a0, 0x000001e74a30dc88]
Event: 158.217 Thread 0x000001e75d714e30 12289       2       org.eclipse.jdt.core.dom.ASTVisitor::preVisit2 (7 bytes)
Event: 158.217 Thread 0x000001e75d714e30 nmethod 12289 0x000001e74a30de90 code [0x000001e74a30e020, 0x000001e74a30e128]

GC Heap History (20 events):
Event: 12.038 GC heap before
{Heap before GC invocations=34 (full 0):
 garbage-first heap   total 115712K, used 103386K [0x0000000080000000, 0x0000000100000000)
  region size 1024K, 45 young (46080K), 4 survivors (4096K)
 Metaspace       used 57094K, committed 58496K, reserved 1114112K
  class space    used 5955K, committed 6592K, reserved 1048576K
}
Event: 12.042 GC heap after
{Heap after GC invocations=35 (full 0):
 garbage-first heap   total 115712K, used 61619K [0x0000000080000000, 0x0000000100000000)
  region size 1024K, 4 young (4096K), 4 survivors (4096K)
 Metaspace       used 57094K, committed 58496K, reserved 1114112K
  class space    used 5955K, committed 6592K, reserved 1048576K
}
Event: 12.119 GC heap before
{Heap before GC invocations=35 (full 0):
 garbage-first heap   total 115712K, used 103603K [0x0000000080000000, 0x0000000100000000)
  region size 1024K, 45 young (46080K), 4 survivors (4096K)
 Metaspace       used 57107K, committed 58496K, reserved 1114112K
  class space    used 5956K, committed 6592K, reserved 1048576K
}
Event: 12.125 GC heap after
{Heap after GC invocations=36 (full 0):
 garbage-first heap   total 231424K, used 62830K [0x0000000080000000, 0x0000000100000000)
  region size 1024K, 4 young (4096K), 4 survivors (4096K)
 Metaspace       used 57107K, committed 58496K, reserved 1114112K
  class space    used 5956K, committed 6592K, reserved 1048576K
}
Event: 12.372 GC heap before
{Heap before GC invocations=37 (full 0):
 garbage-first heap   total 211968K, used 186734K [0x0000000080000000, 0x0000000100000000)
  region size 1024K, 124 young (126976K), 4 survivors (4096K)
 Metaspace       used 57368K, committed 58816K, reserved 1114112K
  class space    used 5990K, committed 6656K, reserved 1048576K
}
Event: 12.378 GC heap after
{Heap after GC invocations=38 (full 0):
 garbage-first heap   total 211968K, used 66644K [0x0000000080000000, 0x0000000100000000)
  region size 1024K, 7 young (7168K), 7 survivors (7168K)
 Metaspace       used 57368K, committed 58816K, reserved 1114112K
  class space    used 5990K, committed 6656K, reserved 1048576K
}
Event: 12.575 GC heap before
{Heap before GC invocations=38 (full 0):
 garbage-first heap   total 211968K, used 186452K [0x0000000080000000, 0x0000000100000000)
  region size 1024K, 124 young (126976K), 7 survivors (7168K)
 Metaspace       used 57598K, committed 59008K, reserved 1114112K
  class space    used 6008K, committed 6656K, reserved 1048576K
}
Event: 12.582 GC heap after
{Heap after GC invocations=39 (full 0):
 garbage-first heap   total 211968K, used 70226K [0x0000000080000000, 0x0000000100000000)
  region size 1024K, 11 young (11264K), 11 survivors (11264K)
 Metaspace       used 57598K, committed 59008K, reserved 1114112K
  class space    used 6008K, committed 6656K, reserved 1048576K
}
Event: 12.772 GC heap before
{Heap before GC invocations=39 (full 0):
 garbage-first heap   total 211968K, used 185938K [0x0000000080000000, 0x0000000100000000)
  region size 1024K, 124 young (126976K), 11 survivors (11264K)
 Metaspace       used 57747K, committed 59136K, reserved 1114112K
  class space    used 6011K, committed 6656K, reserved 1048576K
}
Event: 12.781 GC heap after
{Heap after GC invocations=40 (full 0):
 garbage-first heap   total 211968K, used 71480K [0x0000000080000000, 0x0000000100000000)
  region size 1024K, 10 young (10240K), 10 survivors (10240K)
 Metaspace       used 57747K, committed 59136K, reserved 1114112K
  class space    used 6011K, committed 6656K, reserved 1048576K
}
Event: 12.976 GC heap before
{Heap before GC invocations=40 (full 0):
 garbage-first heap   total 211968K, used 187192K [0x0000000080000000, 0x0000000100000000)
  region size 1024K, 124 young (126976K), 10 survivors (10240K)
 Metaspace       used 57909K, committed 59328K, reserved 1114112K
  class space    used 6013K, committed 6656K, reserved 1048576K
}
Event: 12.986 GC heap after
{Heap after GC invocations=41 (full 0):
 garbage-first heap   total 211968K, used 73356K [0x0000000080000000, 0x0000000100000000)
  region size 1024K, 11 young (11264K), 11 survivors (11264K)
 Metaspace       used 57909K, committed 59328K, reserved 1114112K
  class space    used 6013K, committed 6656K, reserved 1048576K
}
Event: 13.152 GC heap before
{Heap before GC invocations=41 (full 0):
 garbage-first heap   total 211968K, used 187020K [0x0000000080000000, 0x0000000100000000)
  region size 1024K, 123 young (125952K), 11 survivors (11264K)
 Metaspace       used 57997K, committed 59392K, reserved 1114112K
  class space    used 6013K, committed 6656K, reserved 1048576K
}
Event: 13.162 GC heap after
{Heap after GC invocations=42 (full 0):
 garbage-first heap   total 280576K, used 75801K [0x0000000080000000, 0x0000000100000000)
  region size 1024K, 10 young (10240K), 10 survivors (10240K)
 Metaspace       used 57997K, committed 59392K, reserved 1114112K
  class space    used 6013K, committed 6656K, reserved 1048576K
}
Event: 13.449 GC heap before
{Heap before GC invocations=42 (full 0):
 garbage-first heap   total 280576K, used 234521K [0x0000000080000000, 0x0000000100000000)
  region size 1024K, 164 young (167936K), 10 survivors (10240K)
 Metaspace       used 58104K, committed 59456K, reserved 1114112K
  class space    used 6016K, committed 6656K, reserved 1048576K
}
Event: 13.461 GC heap after
{Heap after GC invocations=43 (full 0):
 garbage-first heap   total 280576K, used 79070K [0x0000000080000000, 0x0000000100000000)
  region size 1024K, 13 young (13312K), 13 survivors (13312K)
 Metaspace       used 58104K, committed 59456K, reserved 1114112K
  class space    used 6016K, committed 6656K, reserved 1048576K
}
Event: 17.122 GC heap before
{Heap before GC invocations=43 (full 0):
 garbage-first heap   total 280576K, used 233694K [0x0000000080000000, 0x0000000100000000)
  region size 1024K, 164 young (167936K), 13 survivors (13312K)
 Metaspace       used 62188K, committed 63680K, reserved 1114112K
  class space    used 6444K, committed 7104K, reserved 1048576K
}
Event: 17.135 GC heap after
{Heap after GC invocations=44 (full 0):
 garbage-first heap   total 280576K, used 79884K [0x0000000080000000, 0x0000000100000000)
  region size 1024K, 13 young (13312K), 13 survivors (13312K)
 Metaspace       used 62188K, committed 63680K, reserved 1114112K
  class space    used 6444K, committed 7104K, reserved 1048576K
}
Event: 108.747 GC heap before
{Heap before GC invocations=44 (full 0):
 garbage-first heap   total 280576K, used 243724K [0x0000000080000000, 0x0000000100000000)
  region size 1024K, 164 young (167936K), 13 survivors (13312K)
 Metaspace       used 63451K, committed 64960K, reserved 1114112K
  class space    used 6557K, committed 7232K, reserved 1048576K
}
Event: 108.770 GC heap after
{Heap after GC invocations=45 (full 0):
 garbage-first heap   total 280576K, used 87936K [0x0000000080000000, 0x0000000100000000)
  region size 1024K, 17 young (17408K), 17 survivors (17408K)
 Metaspace       used 63451K, committed 64960K, reserved 1114112K
  class space    used 6557K, committed 7232K, reserved 1048576K
}

Dll operation events (11 events):
Event: 0.021 Loaded shared library c:\Users\raksh\.vscode\extensions\redhat.java-1.41.1-win32-x64\jre\21.0.6-win32-x86_64\bin\java.dll
Event: 0.129 Loaded shared library c:\Users\raksh\.vscode\extensions\redhat.java-1.41.1-win32-x64\jre\21.0.6-win32-x86_64\bin\zip.dll
Event: 0.160 Loaded shared library C:\Users\raksh\.vscode\extensions\redhat.java-1.41.1-win32-x64\jre\21.0.6-win32-x86_64\bin\instrument.dll
Event: 0.167 Loaded shared library C:\Users\raksh\.vscode\extensions\redhat.java-1.41.1-win32-x64\jre\21.0.6-win32-x86_64\bin\net.dll
Event: 0.172 Loaded shared library C:\Users\raksh\.vscode\extensions\redhat.java-1.41.1-win32-x64\jre\21.0.6-win32-x86_64\bin\nio.dll
Event: 0.177 Loaded shared library C:\Users\raksh\.vscode\extensions\redhat.java-1.41.1-win32-x64\jre\21.0.6-win32-x86_64\bin\zip.dll
Event: 0.200 Loaded shared library C:\Users\raksh\.vscode\extensions\redhat.java-1.41.1-win32-x64\jre\21.0.6-win32-x86_64\bin\jimage.dll
Event: 0.306 Loaded shared library c:\Users\raksh\.vscode\extensions\redhat.java-1.41.1-win32-x64\jre\21.0.6-win32-x86_64\bin\verify.dll
Event: 2.067 Loaded shared library C:\Users\raksh\AppData\Roaming\Code\User\globalStorage\redhat.java\1.41.1\config_win\org.eclipse.equinox.launcher\org.eclipse.equinox.launcher.win32.win32.x86_64_1.2.1300.v20250331-1702\eclipse_11911.dll
Event: 4.114 Loaded shared library C:\Users\raksh\AppData\Local\Temp\jna-108277617\jna5809434553417570752.dll
Event: 110.602 Loaded shared library C:\Users\raksh\.vscode\extensions\redhat.java-1.41.1-win32-x64\jre\21.0.6-win32-x86_64\bin\extnet.dll

Deoptimization events (20 events):
Event: 157.371 Thread 0x000001e764f7d1b0 DEOPT PACKING pc=0x000001e749f1dd89 sp=0x000000c9364fe390
Event: 157.371 Thread 0x000001e764f7d1b0 DEOPT UNPACKING pc=0x000001e7502e4e42 sp=0x000000c9364fd8d0 mode 0
Event: 157.904 Thread 0x000001e764f7d1b0 Uncommon trap: trap_request=0xffffff45 fr.pc=0x000001e750ca4ea0 relative=0x0000000000000400
Event: 157.904 Thread 0x000001e764f7d1b0 Uncommon trap: reason=unstable_if action=reinterpret pc=0x000001e750ca4ea0 method=java.lang.Integer.parseInt(Ljava/lang/String;I)I @ 197 c2
Event: 157.904 Thread 0x000001e764f7d1b0 DEOPT PACKING pc=0x000001e750ca4ea0 sp=0x000000c9364ff120
Event: 157.904 Thread 0x000001e764f7d1b0 DEOPT UNPACKING pc=0x000001e7502e46a2 sp=0x000000c9364ff090 mode 2
Event: 157.938 Thread 0x000001e764f7d1b0 Uncommon trap: trap_request=0xffffffde fr.pc=0x000001e750cf2d04 relative=0x0000000000000064
Event: 157.938 Thread 0x000001e764f7d1b0 Uncommon trap: reason=class_check action=maybe_recompile pc=0x000001e750cf2d04 method=java.lang.invoke.Invokers$Holder.linkToTargetMethod(ILjava/lang/Object;)Ljava/lang/Object; @ 1 c2
Event: 157.938 Thread 0x000001e764f7d1b0 DEOPT PACKING pc=0x000001e750cf2d04 sp=0x000000c9364fe1c0
Event: 157.938 Thread 0x000001e764f7d1b0 DEOPT UNPACKING pc=0x000001e7502e46a2 sp=0x000000c9364fe150 mode 2
Event: 158.006 Thread 0x000001e764f7d1b0 DEOPT PACKING pc=0x000001e749a95c61 sp=0x000000c9364fde30
Event: 158.006 Thread 0x000001e764f7d1b0 DEOPT UNPACKING pc=0x000001e7502e4e42 sp=0x000000c9364fd320 mode 0
Event: 158.007 Thread 0x000001e764f7d1b0 DEOPT PACKING pc=0x000001e749a95c61 sp=0x000000c9364fde30
Event: 158.007 Thread 0x000001e764f7d1b0 DEOPT UNPACKING pc=0x000001e7502e4e42 sp=0x000000c9364fd320 mode 0
Event: 158.008 Thread 0x000001e764f7d1b0 DEOPT PACKING pc=0x000001e749a95c61 sp=0x000000c9364fde30
Event: 158.008 Thread 0x000001e764f7d1b0 DEOPT UNPACKING pc=0x000001e7502e4e42 sp=0x000000c9364fd320 mode 0
Event: 158.008 Thread 0x000001e764f7d1b0 DEOPT PACKING pc=0x000001e749a95c61 sp=0x000000c9364fde30
Event: 158.008 Thread 0x000001e764f7d1b0 DEOPT UNPACKING pc=0x000001e7502e4e42 sp=0x000000c9364fd320 mode 0
Event: 158.009 Thread 0x000001e764f7d1b0 DEOPT PACKING pc=0x000001e749a95c61 sp=0x000000c9364fde30
Event: 158.009 Thread 0x000001e764f7d1b0 DEOPT UNPACKING pc=0x000001e7502e4e42 sp=0x000000c9364fd320 mode 0

Classes loaded (20 events):
Event: 111.011 Loading class java/util/stream/SliceOps$1
Event: 111.012 Loading class java/util/stream/SliceOps$1 done
Event: 111.018 Loading class java/util/stream/SliceOps$1$1
Event: 111.019 Loading class java/util/stream/SliceOps$1$1 done
Event: 111.031 Loading class java/util/concurrent/CompletableFuture$UniWhenComplete
Event: 111.031 Loading class java/util/concurrent/CompletableFuture$UniWhenComplete done
Event: 111.032 Loading class java/util/concurrent/CompletableFuture$UniCompose
Event: 111.032 Loading class java/util/concurrent/CompletableFuture$UniCompose done
Event: 111.032 Loading class java/util/concurrent/CompletableFuture$UniRelay
Event: 111.032 Loading class java/util/concurrent/CompletableFuture$UniRelay done
Event: 111.814 Loading class java/util/concurrent/ScheduledThreadPoolExecutor$DelayedWorkQueue$Itr
Event: 111.814 Loading class java/util/concurrent/ScheduledThreadPoolExecutor$DelayedWorkQueue$Itr done
Event: 112.533 Loading class java/util/stream/IntPipeline$1
Event: 112.533 Loading class java/util/stream/IntPipeline$1 done
Event: 112.535 Loading class java/util/stream/IntPipeline$1$1
Event: 112.536 Loading class java/util/stream/Sink$ChainedInt
Event: 112.536 Loading class java/util/stream/Sink$OfInt
Event: 112.536 Loading class java/util/stream/Sink$OfInt done
Event: 112.536 Loading class java/util/stream/Sink$ChainedInt done
Event: 112.536 Loading class java/util/stream/IntPipeline$1$1 done

Classes unloaded (20 events):
Event: 6.427 Thread 0x000001e75d6e2af0 Unloading class 0x000001e70119dc00 'java/lang/invoke/LambdaForm$MH+0x000001e70119dc00'
Event: 6.427 Thread 0x000001e75d6e2af0 Unloading class 0x000001e70119d800 'java/lang/invoke/LambdaForm$MH+0x000001e70119d800'
Event: 6.427 Thread 0x000001e75d6e2af0 Unloading class 0x000001e70119d400 'java/lang/invoke/LambdaForm$MH+0x000001e70119d400'
Event: 6.427 Thread 0x000001e75d6e2af0 Unloading class 0x000001e70119d000 'java/lang/invoke/LambdaForm$MH+0x000001e70119d000'
Event: 6.427 Thread 0x000001e75d6e2af0 Unloading class 0x000001e70119cc00 'java/lang/invoke/LambdaForm$BMH+0x000001e70119cc00'
Event: 6.427 Thread 0x000001e75d6e2af0 Unloading class 0x000001e70119c800 'java/lang/invoke/LambdaForm$DMH+0x000001e70119c800'
Event: 6.427 Thread 0x000001e75d6e2af0 Unloading class 0x000001e70119b400 'java/lang/invoke/LambdaForm$DMH+0x000001e70119b400'
Event: 11.624 Thread 0x000001e75d6e2af0 Unloading class 0x000001e701618400 'java/lang/invoke/LambdaForm$MH+0x000001e701618400'
Event: 11.624 Thread 0x000001e75d6e2af0 Unloading class 0x000001e701615400 'java/lang/invoke/LambdaForm$MH+0x000001e701615400'
Event: 11.624 Thread 0x000001e75d6e2af0 Unloading class 0x000001e701614c00 'java/lang/invoke/LambdaForm$DMH+0x000001e701614c00'
Event: 11.624 Thread 0x000001e75d6e2af0 Unloading class 0x000001e701614400 'java/lang/invoke/LambdaForm$DMH+0x000001e701614400'
Event: 11.624 Thread 0x000001e75d6e2af0 Unloading class 0x000001e7015fe800 'java/lang/invoke/LambdaForm$MH+0x000001e7015fe800'
Event: 11.624 Thread 0x000001e75d6e2af0 Unloading class 0x000001e7015fe000 'java/lang/invoke/LambdaForm$MH+0x000001e7015fe000'
Event: 11.624 Thread 0x000001e75d6e2af0 Unloading class 0x000001e7015fe400 'java/lang/invoke/LambdaForm$MH+0x000001e7015fe400'
Event: 11.624 Thread 0x000001e75d6e2af0 Unloading class 0x000001e7015fd800 'java/lang/invoke/LambdaForm$MH+0x000001e7015fd800'
Event: 11.624 Thread 0x000001e75d6e2af0 Unloading class 0x000001e7015fd400 'java/lang/invoke/LambdaForm$MH+0x000001e7015fd400'
Event: 11.624 Thread 0x000001e75d6e2af0 Unloading class 0x000001e7015fd000 'java/lang/invoke/LambdaForm$MH+0x000001e7015fd000'
Event: 11.624 Thread 0x000001e75d6e2af0 Unloading class 0x000001e7015fc400 'java/lang/invoke/LambdaForm$MH+0x000001e7015fc400'
Event: 11.624 Thread 0x000001e75d6e2af0 Unloading class 0x000001e7015fc800 'java/lang/invoke/LambdaForm$MH+0x000001e7015fc800'
Event: 11.624 Thread 0x000001e75d6e2af0 Unloading class 0x000001e7015fc000 'java/lang/invoke/LambdaForm$MH+0x000001e7015fc000'

Classes redefined (0 events):
No events

Internal exceptions (20 events):
Event: 109.608 Thread 0x000001e762f78830 Exception <a 'java/lang/NoSuchMethodError'{0x000000008f39ac98}: 'java.lang.Object java.lang.invoke.DirectMethodHandle$Holder.invokeStatic(java.lang.Object, java.lang.Object, int, java.lang.Object)'> (0x000000008f39ac98) 
thrown [s\src\hotspot\share\interpreter\linkResolver.cpp, line 773]
Event: 109.744 Thread 0x000001e764f7d1b0 Exception <a 'sun/nio/fs/WindowsException'{0x000000008ef0c808}> (0x000000008ef0c808) 
thrown [s\src\hotspot\share\prims\jni.cpp, line 520]
Event: 109.744 Thread 0x000001e764f7d1b0 Exception <a 'sun/nio/fs/WindowsException'{0x000000008ef0d0e8}> (0x000000008ef0d0e8) 
thrown [s\src\hotspot\share\prims\jni.cpp, line 520]
Event: 109.744 Thread 0x000001e764f7d1b0 Exception <a 'sun/nio/fs/WindowsException'{0x000000008ef0ddd0}> (0x000000008ef0ddd0) 
thrown [s\src\hotspot\share\prims\jni.cpp, line 520]
Event: 109.745 Thread 0x000001e764f7d1b0 Exception <a 'sun/nio/fs/WindowsException'{0x000000008ef0e6b0}> (0x000000008ef0e6b0) 
thrown [s\src\hotspot\share\prims\jni.cpp, line 520]
Event: 109.746 Thread 0x000001e764f7d1b0 Exception <a 'sun/nio/fs/WindowsException'{0x000000008ef0fe48}> (0x000000008ef0fe48) 
thrown [s\src\hotspot\share\prims\jni.cpp, line 520]
Event: 109.746 Thread 0x000001e764f7d1b0 Exception <a 'sun/nio/fs/WindowsException'{0x000000008ef10478}> (0x000000008ef10478) 
thrown [s\src\hotspot\share\prims\jni.cpp, line 520]
Event: 109.751 Thread 0x000001e764f7d1b0 Exception <a 'sun/nio/fs/WindowsException'{0x000000008ef29f60}> (0x000000008ef29f60) 
thrown [s\src\hotspot\share\prims\jni.cpp, line 520]
Event: 109.751 Thread 0x000001e764f7d1b0 Exception <a 'sun/nio/fs/WindowsException'{0x000000008ef2a840}> (0x000000008ef2a840) 
thrown [s\src\hotspot\share\prims\jni.cpp, line 520]
Event: 110.652 Thread 0x000001e764fd6eb0 Exception <a 'java/io/FileNotFoundException'{0x000000008ce741a8}> (0x000000008ce741a8) 
thrown [s\src\hotspot\share\prims\jni.cpp, line 520]
Event: 110.913 Thread 0x000001e764fd6eb0 Exception <a 'java/lang/NoSuchMethodError'{0x000000008bf14710}: 'java.lang.Object java.lang.invoke.DirectMethodHandle$Holder.invokeVirtual(java.lang.Object, java.lang.Object, java.lang.Object, java.lang.Object)'> (0x000000008bf14710) 
thrown [s\src\hotspot\share\interpreter\linkResolver.cpp, line 773]
Event: 110.972 Thread 0x000001e762f78ec0 Exception <a 'java/lang/NoSuchMethodError'{0x000000008bb171c0}: 'java.lang.Object java.lang.invoke.DirectMethodHandle$Holder.invokeStatic(java.lang.Object, long, java.lang.Object, java.lang.Object)'> (0x000000008bb171c0) 
thrown [s\src\hotspot\share\interpreter\linkResolver.cpp, line 773]
Event: 111.006 Thread 0x000001e762f78ec0 Exception <a 'sun/nio/fs/WindowsException'{0x000000008bbf0ca0}> (0x000000008bbf0ca0) 
thrown [s\src\hotspot\share\prims\jni.cpp, line 520]
Event: 111.007 Thread 0x000001e762f78ec0 Exception <a 'sun/nio/fs/WindowsException'{0x000000008bbf1da8}> (0x000000008bbf1da8) 
thrown [s\src\hotspot\share\prims\jni.cpp, line 520]
Event: 111.030 Thread 0x000001e762f78ec0 Exception <a 'java/lang/NoSuchMethodError'{0x000000008ba70930}: 'void java.lang.invoke.DirectMethodHandle$Holder.invokeStatic(java.lang.Object, java.lang.Object, java.lang.Object, java.lang.Object, java.lang.Object, java.lang.Object, java.lang.Object)'> (0x000000008ba70930) 
thrown [s\src\hotspot\share\interpreter\linkResolver.cpp, line 773]
Event: 112.462 Thread 0x000001e764f775d0 Exception <a 'java/lang/NoSuchMethodError'{0x000000008bac5800}: 'long java.lang.invoke.DelegatingMethodHandle$Holder.reinvoke_L(java.lang.Object, java.lang.Object)'> (0x000000008bac5800) 
thrown [s\src\hotspot\share\interpreter\linkResolver.cpp, line 773]
Event: 112.463 Thread 0x000001e764f775d0 Exception <a 'java/lang/NoSuchMethodError'{0x000000008bacf648}: 'void java.lang.invoke.DelegatingMethodHandle$Holder.reinvoke_L(java.lang.Object, java.lang.Object, long)'> (0x000000008bacf648) 
thrown [s\src\hotspot\share\interpreter\linkResolver.cpp, line 773]
Event: 115.168 Thread 0x000001e764f775d0 Exception <a 'java/lang/RuntimeException'{0x000000008b9c06b0}: snapshot not available> (0x000000008b9c06b0) 
thrown [s\src\hotspot\share\prims\jni.cpp, line 539]
Event: 153.315 Thread 0x000001e764f782f0 Exception <a 'java/lang/IncompatibleClassChangeError'{0x000000008b81fe68}: Found class java.lang.Object, but interface was expected> (0x000000008b81fe68) 
thrown [s\src\hotspot\share\interpreter\linkResolver.cpp, line 840]
Event: 157.797 Thread 0x000001e764f782f0 Exception <a 'java/lang/IncompatibleClassChangeError'{0x000000008af67c98}: Found class java.lang.Object, but interface was expected> (0x000000008af67c98) 
thrown [s\src\hotspot\share\interpreter\linkResolver.cpp, line 840]

ZGC Phase Switch (0 events):
No events

VM Operations (20 events):
Event: 120.247 Executing VM operation: HandshakeAllThreads (HandshakeForDeflation)
Event: 120.247 Executing VM operation: HandshakeAllThreads (HandshakeForDeflation) done
Event: 120.247 Executing VM operation: RendezvousGCThreads
Event: 120.247 Executing VM operation: RendezvousGCThreads done
Event: 130.345 Executing VM operation: Cleanup
Event: 130.345 Executing VM operation: Cleanup done
Event: 140.442 Executing VM operation: Cleanup
Event: 140.442 Executing VM operation: Cleanup done
Event: 147.514 Executing VM operation: Cleanup
Event: 147.514 Executing VM operation: Cleanup done
Event: 153.420 Executing VM operation: HandshakeAllThreads (Deoptimize)
Event: 153.420 Executing VM operation: HandshakeAllThreads (Deoptimize) done
Event: 153.420 Executing VM operation: Cleanup
Event: 153.420 Executing VM operation: Cleanup done
Event: 153.424 Executing VM operation: HandshakeAllThreads (Deoptimize)
Event: 153.424 Executing VM operation: HandshakeAllThreads (Deoptimize) done
Event: 154.429 Executing VM operation: Cleanup
Event: 154.429 Executing VM operation: Cleanup done
Event: 157.455 Executing VM operation: Cleanup
Event: 157.455 Executing VM operation: Cleanup done

Memory protections (0 events):
No events

Nmethod flushes (20 events):
Event: 12.187 Thread 0x000001e75d6e2af0 flushing  nmethod 0x000001e74998b010
Event: 12.187 Thread 0x000001e75d6e2af0 flushing  nmethod 0x000001e749110a90
Event: 12.187 Thread 0x000001e75d6e2af0 flushing  nmethod 0x000001e749783d90
Event: 12.187 Thread 0x000001e75d6e2af0 flushing  nmethod 0x000001e749959710
Event: 12.187 Thread 0x000001e75d6e2af0 flushing  nmethod 0x000001e74995a910
Event: 12.187 Thread 0x000001e75d6e2af0 flushing  nmethod 0x000001e748daf390
Event: 12.187 Thread 0x000001e75d6e2af0 flushing  nmethod 0x000001e74905fb90
Event: 12.187 Thread 0x000001e75d6e2af0 flushing  nmethod 0x000001e7490ab710
Event: 12.187 Thread 0x000001e75d6e2af0 flushing  nmethod 0x000001e74978f810
Event: 12.187 Thread 0x000001e75d6e2af0 flushing  nmethod 0x000001e749864110
Event: 12.187 Thread 0x000001e75d6e2af0 flushing  nmethod 0x000001e748d91690
Event: 12.187 Thread 0x000001e75d6e2af0 flushing  nmethod 0x000001e748eb6410
Event: 12.187 Thread 0x000001e75d6e2af0 flushing  nmethod 0x000001e748ff2590
Event: 12.187 Thread 0x000001e75d6e2af0 flushing  nmethod 0x000001e74911aa10
Event: 12.187 Thread 0x000001e75d6e2af0 flushing  nmethod 0x000001e749223a10
Event: 12.187 Thread 0x000001e75d6e2af0 flushing  nmethod 0x000001e7499cf990
Event: 12.187 Thread 0x000001e75d6e2af0 flushing  nmethod 0x000001e7491f7290
Event: 12.187 Thread 0x000001e75d6e2af0 flushing  nmethod 0x000001e749706190
Event: 12.187 Thread 0x000001e75d6e2af0 flushing  nmethod 0x000001e74975ef90
Event: 12.187 Thread 0x000001e75d6e2af0 flushing  nmethod 0x000001e74995ff90

Events (20 events):
Event: 109.358 Thread 0x000001e764f7d1b0 Thread added: 0x000001e764fd6eb0
Event: 109.358 Thread 0x000001e764f7d1b0 Thread added: 0x000001e764fd2d10
Event: 109.358 Thread 0x000001e764f7d1b0 Thread added: 0x000001e764fd7540
Event: 109.359 Thread 0x000001e764f7d1b0 Thread added: 0x000001e764fd7bd0
Event: 109.399 Thread 0x000001e764fd7540 Thread exited: 0x000001e764fd7540
Event: 109.399 Thread 0x000001e764fd2d10 Thread exited: 0x000001e764fd2d10
Event: 109.399 Thread 0x000001e764fd6190 Thread exited: 0x000001e764fd6190
Event: 109.399 Thread 0x000001e764fd6eb0 Thread exited: 0x000001e764fd6eb0
Event: 109.400 Thread 0x000001e764fd7bd0 Thread exited: 0x000001e764fd7bd0
Event: 109.601 Thread 0x000001e762f78830 Thread added: 0x000001e764fd6190
Event: 109.602 Thread 0x000001e764fd6190 Thread added: 0x000001e764fd33a0
Event: 110.607 Thread 0x000001e764f7d1b0 Thread added: 0x000001e764fd2d10
Event: 110.612 Thread 0x000001e764fd2d10 Thread added: 0x000001e764fd6eb0
Event: 110.805 Thread 0x000001e764fd6eb0 Thread added: 0x000001e764fd7bd0
Event: 110.813 Thread 0x000001e764fd6eb0 Thread added: 0x000001e762f76df0
Event: 110.966 Thread 0x000001e764fd6eb0 Thread added: 0x000001e762f78ec0
Event: 111.026 Thread 0x000001e762f78ec0 Thread added: 0x000001e762f77480
Event: 112.457 Thread 0x000001e764fd6eb0 Thread added: 0x000001e764f775d0
Event: 112.458 Thread 0x000001e762f77480 Thread exited: 0x000001e762f77480
Event: 115.169 Thread 0x000001e764f775d0 Thread exited: 0x000001e764f775d0


Dynamic libraries:
0x00007ff74cc10000 - 0x00007ff74cc1e000 	c:\Users\raksh\.vscode\extensions\redhat.java-1.41.1-win32-x64\jre\21.0.6-win32-x86_64\bin\java.exe
0x00007fffc8a30000 - 0x00007fffc8c47000 	C:\WINDOWS\SYSTEM32\ntdll.dll
0x00007fffc7a30000 - 0x00007fffc7af4000 	C:\WINDOWS\System32\KERNEL32.DLL
0x00007fffc60d0000 - 0x00007fffc64a3000 	C:\WINDOWS\System32\KERNELBASE.dll
0x00007fffc5b40000 - 0x00007fffc5c51000 	C:\WINDOWS\System32\ucrtbase.dll
0x00007fffa7a20000 - 0x00007fffa7a3e000 	c:\Users\raksh\.vscode\extensions\redhat.java-1.41.1-win32-x64\jre\21.0.6-win32-x86_64\bin\VCRUNTIME140.dll
0x00007fffa7a00000 - 0x00007fffa7a18000 	c:\Users\raksh\.vscode\extensions\redhat.java-1.41.1-win32-x64\jre\21.0.6-win32-x86_64\bin\jli.dll
0x00007fffc85f0000 - 0x00007fffc87a1000 	C:\WINDOWS\System32\USER32.dll
0x00007fffb2890000 - 0x00007fffb2b28000 	C:\WINDOWS\WinSxS\amd64_microsoft.windows.common-controls_6595b64144ccf1df_6.0.22621.5124_none_270e8f4f7386d69d\COMCTL32.dll
0x00007fffc5f60000 - 0x00007fffc5f86000 	C:\WINDOWS\System32\win32u.dll
0x00007fffc89c0000 - 0x00007fffc89e9000 	C:\WINDOWS\System32\GDI32.dll
0x00007fffc5e40000 - 0x00007fffc5f5b000 	C:\WINDOWS\System32\gdi32full.dll
0x00007fffc5da0000 - 0x00007fffc5e3a000 	C:\WINDOWS\System32\msvcp_win.dll
0x00007fffc73c0000 - 0x00007fffc7467000 	C:\WINDOWS\System32\msvcrt.dll
0x00007fffc7850000 - 0x00007fffc7881000 	C:\WINDOWS\System32\IMM32.DLL
0x00007fffab780000 - 0x00007fffab78c000 	c:\Users\raksh\.vscode\extensions\redhat.java-1.41.1-win32-x64\jre\21.0.6-win32-x86_64\bin\vcruntime140_1.dll
0x00007fff5fc70000 - 0x00007fff5fcfd000 	c:\Users\raksh\.vscode\extensions\redhat.java-1.41.1-win32-x64\jre\21.0.6-win32-x86_64\bin\msvcp140.dll
0x00007fff3b240000 - 0x00007fff3bfd0000 	c:\Users\raksh\.vscode\extensions\redhat.java-1.41.1-win32-x64\jre\21.0.6-win32-x86_64\bin\server\jvm.dll
0x00007fffc87d0000 - 0x00007fffc8881000 	C:\WINDOWS\System32\ADVAPI32.dll
0x00007fffc7550000 - 0x00007fffc75f8000 	C:\WINDOWS\System32\sechost.dll
0x00007fffc6620000 - 0x00007fffc6648000 	C:\WINDOWS\System32\bcrypt.dll
0x00007fffc88a0000 - 0x00007fffc89b4000 	C:\WINDOWS\System32\RPCRT4.dll
0x00007fffc8570000 - 0x00007fffc85e1000 	C:\WINDOWS\System32\WS2_32.dll
0x00007fffc1490000 - 0x00007fffc14c4000 	C:\WINDOWS\SYSTEM32\WINMM.dll
0x00007fffbddb0000 - 0x00007fffbddba000 	C:\WINDOWS\SYSTEM32\VERSION.dll
0x00007fffc5a10000 - 0x00007fffc5a5d000 	C:\WINDOWS\SYSTEM32\POWRPROF.dll
0x00007fffc59f0000 - 0x00007fffc5a03000 	C:\WINDOWS\SYSTEM32\UMPDC.dll
0x00007fffc4b50000 - 0x00007fffc4b68000 	C:\WINDOWS\SYSTEM32\kernel.appcore.dll
0x00007fffa79f0000 - 0x00007fffa79fa000 	c:\Users\raksh\.vscode\extensions\redhat.java-1.41.1-win32-x64\jre\21.0.6-win32-x86_64\bin\jimage.dll
0x00007fffc3640000 - 0x00007fffc3872000 	C:\WINDOWS\SYSTEM32\DBGHELP.DLL
0x00007fffc7b80000 - 0x00007fffc7f12000 	C:\WINDOWS\System32\combase.dll
0x00007fffc7470000 - 0x00007fffc7547000 	C:\WINDOWS\System32\OLEAUT32.dll
0x00007fffb4b20000 - 0x00007fffb4b52000 	C:\WINDOWS\SYSTEM32\dbgcore.DLL
0x00007fffc6650000 - 0x00007fffc66cb000 	C:\WINDOWS\System32\bcryptPrimitives.dll
0x00007fffa5780000 - 0x00007fffa578f000 	c:\Users\raksh\.vscode\extensions\redhat.java-1.41.1-win32-x64\jre\21.0.6-win32-x86_64\bin\instrument.dll
0x00007fff91040000 - 0x00007fff9105f000 	c:\Users\raksh\.vscode\extensions\redhat.java-1.41.1-win32-x64\jre\21.0.6-win32-x86_64\bin\java.dll
0x00007fffc6810000 - 0x00007fffc70a6000 	C:\WINDOWS\System32\SHELL32.dll
0x00007fffc5f90000 - 0x00007fffc60cf000 	C:\WINDOWS\System32\wintypes.dll
0x00007fffc3a10000 - 0x00007fffc432a000 	C:\WINDOWS\SYSTEM32\windows.storage.dll
0x00007fffc7920000 - 0x00007fffc7a2a000 	C:\WINDOWS\System32\SHCORE.dll
0x00007fffc76b0000 - 0x00007fffc7713000 	C:\WINDOWS\System32\shlwapi.dll
0x00007fffc5a70000 - 0x00007fffc5a9b000 	C:\WINDOWS\SYSTEM32\profapi.dll
0x00007fff93cc0000 - 0x00007fff93cd8000 	c:\Users\raksh\.vscode\extensions\redhat.java-1.41.1-win32-x64\jre\21.0.6-win32-x86_64\bin\zip.dll
0x00007fffa47f0000 - 0x00007fffa4800000 	C:\Users\raksh\.vscode\extensions\redhat.java-1.41.1-win32-x64\jre\21.0.6-win32-x86_64\bin\net.dll
0x00007fffc17a0000 - 0x00007fffc18cc000 	C:\WINDOWS\SYSTEM32\WINHTTP.dll
0x00007fffc4ff0000 - 0x00007fffc505a000 	C:\WINDOWS\system32\mswsock.dll
0x00007fff8ea20000 - 0x00007fff8ea36000 	C:\Users\raksh\.vscode\extensions\redhat.java-1.41.1-win32-x64\jre\21.0.6-win32-x86_64\bin\nio.dll
0x00007fffa27c0000 - 0x00007fffa27d0000 	c:\Users\raksh\.vscode\extensions\redhat.java-1.41.1-win32-x64\jre\21.0.6-win32-x86_64\bin\verify.dll
0x00007fff712e0000 - 0x00007fff71325000 	C:\Users\raksh\AppData\Roaming\Code\User\globalStorage\redhat.java\1.41.1\config_win\org.eclipse.equinox.launcher\org.eclipse.equinox.launcher.win32.win32.x86_64_1.2.1300.v20250331-1702\eclipse_11911.dll
0x00007fffc70b0000 - 0x00007fffc7251000 	C:\WINDOWS\System32\ole32.dll
0x00007fffc5240000 - 0x00007fffc525b000 	C:\WINDOWS\SYSTEM32\CRYPTSP.dll
0x00007fffc4aa0000 - 0x00007fffc4ad7000 	C:\WINDOWS\system32\rsaenh.dll
0x00007fffc50e0000 - 0x00007fffc5108000 	C:\WINDOWS\SYSTEM32\USERENV.dll
0x00007fffc5260000 - 0x00007fffc526c000 	C:\WINDOWS\SYSTEM32\CRYPTBASE.dll
0x00007fffc4590000 - 0x00007fffc45bd000 	C:\WINDOWS\SYSTEM32\IPHLPAPI.DLL
0x00007fffc6790000 - 0x00007fffc6799000 	C:\WINDOWS\System32\NSI.dll
0x00007fff8ac30000 - 0x00007fff8ac79000 	C:\Users\raksh\AppData\Local\Temp\jna-108277617\jna5809434553417570752.dll
0x00007fffc8560000 - 0x00007fffc8568000 	C:\WINDOWS\System32\PSAPI.DLL
0x00007fffc1570000 - 0x00007fffc1589000 	C:\WINDOWS\SYSTEM32\dhcpcsvc6.DLL
0x00007fffc1550000 - 0x00007fffc156f000 	C:\WINDOWS\SYSTEM32\dhcpcsvc.DLL
0x00007fffb0540000 - 0x00007fffb0549000 	C:\Users\raksh\.vscode\extensions\redhat.java-1.41.1-win32-x64\jre\21.0.6-win32-x86_64\bin\extnet.dll

dbghelp: loaded successfully - version: 4.0.5 - missing functions: none
symbol engine: initialized successfully - sym options: 0x614 - pdb path: .;c:\Users\raksh\.vscode\extensions\redhat.java-1.41.1-win32-x64\jre\21.0.6-win32-x86_64\bin;C:\WINDOWS\SYSTEM32;C:\WINDOWS\WinSxS\amd64_microsoft.windows.common-controls_6595b64144ccf1df_6.0.22621.5124_none_270e8f4f7386d69d;c:\Users\raksh\.vscode\extensions\redhat.java-1.41.1-win32-x64\jre\21.0.6-win32-x86_64\bin\server;C:\Users\raksh\AppData\Roaming\Code\User\globalStorage\redhat.java\1.41.1\config_win\org.eclipse.equinox.launcher\org.eclipse.equinox.launcher.win32.win32.x86_64_1.2.1300.v20250331-1702;C:\Users\raksh\AppData\Local\Temp\jna-108277617

VM Arguments:
jvm_args: --add-modules=ALL-SYSTEM --add-opens=java.base/java.util=ALL-UNNAMED --add-opens=java.base/java.lang=ALL-UNNAMED --add-opens=java.base/sun.nio.fs=ALL-UNNAMED -Declipse.application=org.eclipse.jdt.ls.core.id1 -Dosgi.bundles.defaultStartLevel=4 -Declipse.product=org.eclipse.jdt.ls.core.product -Djava.import.generatesMetadataFilesAtProjectRoot=false -DDetectVMInstallationsJob.disabled=true -Dfile.encoding=utf8 -Xlog:disable -javaagent:c:\Users\raksh\.vscode\extensions\redhat.java-1.41.1-win32-x64\lombok\lombok-1.18.36.jar -XX:+HeapDumpOnOutOfMemoryError -XX:HeapDumpPath=c:\Users\raksh\AppData\Roaming\Code\User\workspaceStorage\9e95b460ab2f98c4a6ac8e55d6906d03\redhat.java -Daether.dependencyCollector.impl=bf -Xmx2048M 
java_command: c:\Users\raksh\.vscode\extensions\redhat.java-1.41.1-win32-x64\server\plugins\org.eclipse.equinox.launcher_1.7.0.v20250331-1702.jar -configuration c:\Users\raksh\AppData\Roaming\Code\User\globalStorage\redhat.java\1.41.1\config_win -data c:\Users\raksh\AppData\Roaming\Code\User\workspaceStorage\9e95b460ab2f98c4a6ac8e55d6906d03\redhat.java\jdt_ws --pipe=\\.\pipe\lsp-54d73c6563b2af2b2e6087299c5fc844-sock
java_class_path (initial): c:\Users\raksh\.vscode\extensions\redhat.java-1.41.1-win32-x64\server\plugins\org.eclipse.equinox.launcher_1.7.0.v20250331-1702.jar
Launcher Type: SUN_STANDARD

[Global flags]
     intx CICompilerCount                          = 4                                         {product} {ergonomic}
     uint ConcGCThreads                            = 3                                         {product} {ergonomic}
     uint G1ConcRefinementThreads                  = 10                                        {product} {ergonomic}
   size_t G1HeapRegionSize                         = 1048576                                   {product} {ergonomic}
    uintx GCDrainStackTargetSize                   = 64                                        {product} {ergonomic}
     bool HeapDumpOnOutOfMemoryError               = true                                   {manageable} {command line}
    ccstr HeapDumpPath                             = c:\Users\raksh\AppData\Roaming\Code\User\workspaceStorage\9e95b460ab2f98c4a6ac8e55d6906d03\redhat.java         {manageable} {command line}
   size_t InitialHeapSize                          = 98566144                                  {product} {ergonomic}
   size_t MarkStackSize                            = 4194304                                   {product} {ergonomic}
   size_t MaxHeapSize                              = 2147483648                                {product} {command line}
   size_t MaxNewSize                               = 1287651328                                {product} {ergonomic}
   size_t MinHeapDeltaBytes                        = 1048576                                   {product} {ergonomic}
   size_t MinHeapSize                              = 8388608                                   {product} {ergonomic}
    uintx NonNMethodCodeHeapSize                   = 5839372                                {pd product} {ergonomic}
    uintx NonProfiledCodeHeapSize                  = 122909434                              {pd product} {ergonomic}
    uintx ProfiledCodeHeapSize                     = 122909434                              {pd product} {ergonomic}
    uintx ReservedCodeCacheSize                    = 251658240                              {pd product} {ergonomic}
     bool SegmentedCodeCache                       = true                                      {product} {ergonomic}
   size_t SoftMaxHeapSize                          = 2147483648                             {manageable} {ergonomic}
     bool UseCompressedOops                        = true                           {product lp64_product} {ergonomic}
     bool UseG1GC                                  = true                                      {product} {ergonomic}
     bool UseLargePagesIndividualAllocation        = false                                  {pd product} {ergonomic}

Logging:
Log output configuration:
 #0: stdout all=off uptime,level,tags foldmultilines=false
 #1: stderr all=off uptime,level,tags foldmultilines=false

Environment Variables:
JAVA_HOME=C:\Program Files\Java\jdk-17
_JAVA_OPTIONS=-Xmx2048M
PATH=C:\Python310\Scripts\;C:\Python310\;C:\Program Files\Common Files\Oracle\Java\javapath;C:\WINDOWS\system32;C:\WINDOWS;C:\WINDOWS\System32\Wbem;C:\WINDOWS\System32\WindowsPowerShell\v1.0\;C:\WINDOWS\System32\OpenSSH\;C:\Program Files\Java\jdk-19\bin;C:\ProgramData\chocolatey\bin;C:\Program Files\MySQL\MySQL Server 8.0\bin;C:\Program Files\Git\cmd;C:\Program Files\MongoDB\mongosh-1.8.2-win32-x64\mongosh-1.8.2-win32-x64\bin;C:\ngrok;C:\Users\raksh\AppData\Roaming\npm;C:\Program Files\nodejs\;C:\Program Files\apache-maven-3.9.9\bin;C:\Program Files\MySQL\MySQL Shell 8.0\bin\;C:\Users\raksh\AppData\Local\Microsoft\WindowsApps;;C:\Users\raksh\AppData\Local\Programs\Hyper\resources\bin;C:\Users\raksh\AppData\Local\Programs\Microsoft VS Code\bin;C:\Users\raksh\AppData\Roaming\npm
USERNAME=raksh
OS=Windows_NT
PROCESSOR_IDENTIFIER=AMD64 Family 23 Model 104 Stepping 1, AuthenticAMD
TMP=C:\Users\raksh\AppData\Local\Temp
TEMP=C:\Users\raksh\AppData\Local\Temp




Periodic native trim disabled

---------------  S Y S T E M  ---------------

OS:
 Windows 11 , 64 bit Build 22621 (10.0.22621.5124)
OS uptime: 0 days 9:44 hours
Hyper-V role detected

CPU: total 12 (initial active 12) (12 cores per cpu, 2 threads per core) family 23 model 104 stepping 1 microcode 0x0, cx8, cmov, fxsr, ht, mmx, 3dnowpref, sse, sse2, sse3, ssse3, sse4a, sse4.1, sse4.2, popcnt, lzcnt, tsc, tscinvbit, avx, avx2, aes, clmul, bmi1, bmi2, adx, sha, fma, vzeroupper, clflush, clflushopt, hv, rdtscp, rdpid, f16c
Processor Information for processor 0
  Max Mhz: 2100, Current Mhz: 1893, Mhz Limit: 2100
Processor Information for processor 1
  Max Mhz: 2100, Current Mhz: 1813, Mhz Limit: 2100
Processor Information for processor 2
  Max Mhz: 2100, Current Mhz: 1893, Mhz Limit: 2100
Processor Information for processor 3
  Max Mhz: 2100, Current Mhz: 1893, Mhz Limit: 2100
Processor Information for processor 4
  Max Mhz: 2100, Current Mhz: 1893, Mhz Limit: 2100
Processor Information for processor 5
  Max Mhz: 2100, Current Mhz: 1813, Mhz Limit: 2100
Processor Information for processor 6
  Max Mhz: 2100, Current Mhz: 1813, Mhz Limit: 2100
Processor Information for processor 7
  Max Mhz: 2100, Current Mhz: 1813, Mhz Limit: 2100
Processor Information for processor 8
  Max Mhz: 2100, Current Mhz: 1893, Mhz Limit: 2100
Processor Information for processor 9
  Max Mhz: 2100, Current Mhz: 1813, Mhz Limit: 2100
Processor Information for processor 10
  Max Mhz: 2100, Current Mhz: 1813, Mhz Limit: 2100
Processor Information for processor 11
  Max Mhz: 2100, Current Mhz: 1813, Mhz Limit: 2100

Memory: 4k page, system-wide physical 6005M (198M free)
TotalPageFile size 24437M (AvailPageFile size 9M)
current process WorkingSet (physical memory assigned to process): 333M, peak: 462M
current process commit charge ("private bytes"): 530M, peak: 533M

vm_info: OpenJDK 64-Bit Server VM (21.0.6+7-LTS) for windows-amd64 JRE (21.0.6+7-LTS), built on 2025-01-21T00:00:00Z by "admin" with MS VC++ 17.7 (VS2022)

END.
