#
# There is insufficient memory for the Java Runtime Environment to continue.
# Native memory allocation (mmap) failed to map 400556032 bytes. Error detail: G1 virtual space
# Possible reasons:
#   The system is out of physical RAM or swap space
#   This process is running with CompressedOops enabled, and the Java Heap may be blocking the growth of the native heap
# Possible solutions:
#   Reduce memory load on the system
#   Increase physical memory or swap space
#   Check if swap backing store is full
#   Decrease Java heap size (-Xmx/-Xms)
#   Decrease number of Java threads
#   Decrease Java thread stack sizes (-Xss)
#   Set larger code cache with -XX:ReservedCodeCacheSize=
#   JVM is running with Unscaled Compressed Oops mode in which the Java heap is
#     placed in the first 4GB address space. The Java Heap base address is the
#     maximum limit for the native heap growth. Please use -XX:HeapBaseMinAddress
#     to set the Java Heap base and to place the Java Heap above 4GB virtual address.
# This output file may be truncated or incomplete.
#
#  Out of Memory Error (os_windows.cpp:3686), pid=3304, tid=17668
#
# JRE version: OpenJDK Runtime Environment Temurin-21.0.6+7 (21.0.6+7) (build 21.0.6+7-LTS)
# Java VM: OpenJDK 64-Bit Server VM Temurin-21.0.6+7 (21.0.6+7-LTS, mixed mode, sharing, tiered, compressed oops, compressed class ptrs, g1 gc, windows-amd64)
# No core dump will be written. Minidumps are not enabled by default on client versions of Windows
#

---------------  S U M M A R Y ------------

Command Line: --add-modules=ALL-SYSTEM --add-opens=java.base/java.util=ALL-UNNAMED --add-opens=java.base/java.lang=ALL-UNNAMED --add-opens=java.base/sun.nio.fs=ALL-UNNAMED -Declipse.application=org.eclipse.jdt.ls.core.id1 -Dosgi.bundles.defaultStartLevel=4 -Declipse.product=org.eclipse.jdt.ls.core.product -Djava.import.generatesMetadataFilesAtProjectRoot=false -DDetectVMInstallationsJob.disabled=true -Dfile.encoding=utf8 -Xlog:disable -javaagent:c:\Users\raksh\.vscode\extensions\redhat.java-1.41.1-win32-x64\lombok\lombok-1.18.36.jar -XX:+HeapDumpOnOutOfMemoryError -XX:HeapDumpPath=c:\Users\raksh\AppData\Roaming\Code\User\workspaceStorage\9e95b460ab2f98c4a6ac8e55d6906d03\redhat.java -Daether.dependencyCollector.impl=bf -Xmx2048M c:\Users\raksh\.vscode\extensions\redhat.java-1.41.1-win32-x64\server\plugins\org.eclipse.equinox.launcher_1.7.0.v20250331-1702.jar -configuration c:\Users\raksh\AppData\Roaming\Code\User\globalStorage\redhat.java\1.41.1\config_win -data c:\Users\raksh\AppData\Roaming\Code\User\workspaceStorage\9e95b460ab2f98c4a6ac8e55d6906d03\redhat.java\jdt_ws --pipe=\\.\pipe\lsp-3f2a4f099a53b50574458edad10b9b48-sock

Host: AMD Ryzen 5 5500U with Radeon Graphics         , 12 cores, 5G,  Windows 11 , 64 bit Build 22621 (10.0.22621.5124)
Time: Sun Apr 13 21:02:24 2025 India Standard Time elapsed time: 32.792257 seconds (0d 0h 0m 32s)

---------------  T H R E A D  ---------------

Current thread (0x00000152ff97df80):  VMThread "VM Thread"          [id=17668, stack(0x0000003f29c00000,0x0000003f29d00000) (1024K)]

Stack: [0x0000003f29c00000,0x0000003f29d00000]
Native frames: (J=compiled Java code, j=interpreted, Vv=VM code, C=native code)
V  [jvm.dll+0x6cdee9]
V  [jvm.dll+0x8a83d1]
V  [jvm.dll+0x8aa8fe]
V  [jvm.dll+0x8aafe3]
V  [jvm.dll+0x27f706]
V  [jvm.dll+0x6ca755]
V  [jvm.dll+0x6bea3a]
V  [jvm.dll+0x355d6a]
V  [jvm.dll+0x35d936]
V  [jvm.dll+0x3af58e]
V  [jvm.dll+0x3af838]
V  [jvm.dll+0x329efc]
V  [jvm.dll+0x329f87]
V  [jvm.dll+0x36dd4c]
V  [jvm.dll+0x36c598]
V  [jvm.dll+0x3296c1]
V  [jvm.dll+0x36bc0a]
V  [jvm.dll+0x8b0cff]
V  [jvm.dll+0x8b2084]
V  [jvm.dll+0x8b25c0]
V  [jvm.dll+0x8b2863]
V  [jvm.dll+0x851f8b]
V  [jvm.dll+0x6cc5ed]
C  [ucrtbase.dll+0x29333]
C  [KERNEL32.DLL+0x1259d]
C  [ntdll.dll+0x5af38]

VM_Operation (0x0000003f2b9fd980): G1CollectForAllocation, mode: safepoint, requested by thread 0x00000152d506bc20


---------------  P R O C E S S  ---------------

Threads class SMR info:
_java_thread_list=0x00000152d675b410, length=52, elements={
0x00000152f6ddd380, 0x00000152ff99a910, 0x00000152ff99bd60, 0x00000152ff99ec60,
0x00000152ff99f8b0, 0x00000152ff9a2be0, 0x00000152ff9a3dd0, 0x00000152ff9a8a50,
0x00000152ff9a9db0, 0x00000152ffa83e70, 0x00000152ffcd9b40, 0x00000152d4554300,
0x00000152d483e0b0, 0x00000152d44a04d0, 0x00000152d44a0f00, 0x00000152d4c9dbb0,
0x00000152d56a10d0, 0x00000152d50694c0, 0x00000152d506b590, 0x00000152d506bc20,
0x00000152d506c2b0, 0x00000152d5068e30, 0x00000152d506a1e0, 0x00000152d5069b50,
0x00000152d506a870, 0x00000152d506af00, 0x00000152d73ef5f0, 0x00000152d73f1030,
0x00000152d73f0310, 0x00000152d73efc80, 0x00000152d73f5860, 0x00000152d73f51d0,
0x00000152d73f09a0, 0x00000152d73f3e20, 0x00000152d73f3790, 0x00000152d73f16c0,
0x00000152d73f1d50, 0x00000152d73f23e0, 0x00000152d73f44b0, 0x00000152d73f4b40,
0x00000152d73f5ef0, 0x00000152d73f3100, 0x00000152d73eef60, 0x00000152d73f6580,
0x00000152d63205c0, 0x00000152d631f210, 0x00000152d631cab0, 0x00000152d631ff30,
0x00000152d6320c50, 0x00000152d6322000, 0x00000152d63212e0, 0x00000152d631eb80
}

Java Threads: ( => current thread )
  0x00000152f6ddd380 JavaThread "main"                              [_thread_blocked, id=11272, stack(0x0000003f29500000,0x0000003f29600000) (1024K)]
  0x00000152ff99a910 JavaThread "Reference Handler"          daemon [_thread_blocked, id=15388, stack(0x0000003f29d00000,0x0000003f29e00000) (1024K)]
  0x00000152ff99bd60 JavaThread "Finalizer"                  daemon [_thread_blocked, id=15340, stack(0x0000003f29e00000,0x0000003f29f00000) (1024K)]
  0x00000152ff99ec60 JavaThread "Signal Dispatcher"          daemon [_thread_blocked, id=17048, stack(0x0000003f29f00000,0x0000003f2a000000) (1024K)]
  0x00000152ff99f8b0 JavaThread "Attach Listener"            daemon [_thread_blocked, id=17864, stack(0x0000003f2a000000,0x0000003f2a100000) (1024K)]
  0x00000152ff9a2be0 JavaThread "Service Thread"             daemon [_thread_blocked, id=18208, stack(0x0000003f2a100000,0x0000003f2a200000) (1024K)]
  0x00000152ff9a3dd0 JavaThread "Monitor Deflation Thread"   daemon [_thread_blocked, id=15248, stack(0x0000003f2a200000,0x0000003f2a300000) (1024K)]
  0x00000152ff9a8a50 JavaThread "C2 CompilerThread0"         daemon [_thread_blocked, id=14624, stack(0x0000003f2a300000,0x0000003f2a400000) (1024K)]
  0x00000152ff9a9db0 JavaThread "C1 CompilerThread0"         daemon [_thread_blocked, id=14656, stack(0x0000003f2a400000,0x0000003f2a500000) (1024K)]
  0x00000152ffa83e70 JavaThread "Common-Cleaner"             daemon [_thread_blocked, id=6152, stack(0x0000003f2a500000,0x0000003f2a600000) (1024K)]
  0x00000152ffcd9b40 JavaThread "Notification Thread"        daemon [_thread_blocked, id=16516, stack(0x0000003f2a600000,0x0000003f2a700000) (1024K)]
  0x00000152d4554300 JavaThread "Active Thread: Equinox Container: 50891759-8b31-46e6-a2f7-d8f608ae2887"        [_thread_blocked, id=19596, stack(0x0000003f2ad00000,0x0000003f2ae00000) (1024K)]
  0x00000152d483e0b0 JavaThread "Refresh Thread: Equinox Container: 50891759-8b31-46e6-a2f7-d8f608ae2887" daemon [_thread_blocked, id=7336, stack(0x0000003f2ae00000,0x0000003f2af00000) (1024K)]
  0x00000152d44a04d0 JavaThread "Framework Event Dispatcher: Equinox Container: 50891759-8b31-46e6-a2f7-d8f608ae2887" daemon [_thread_blocked, id=19712, stack(0x0000003f2af00000,0x0000003f2b000000) (1024K)]
  0x00000152d44a0f00 JavaThread "Start Level: Equinox Container: 50891759-8b31-46e6-a2f7-d8f608ae2887" daemon [_thread_blocked, id=18784, stack(0x0000003f2b000000,0x0000003f2b100000) (1024K)]
  0x00000152d4c9dbb0 JavaThread "Bundle File Closer"         daemon [_thread_blocked, id=17912, stack(0x0000003f2b200000,0x0000003f2b300000) (1024K)]
  0x00000152d56a10d0 JavaThread "SCR Component Actor"        daemon [_thread_blocked, id=16000, stack(0x0000003f2b300000,0x0000003f2b400000) (1024K)]
  0x00000152d50694c0 JavaThread "Worker-JM"                         [_thread_blocked, id=18120, stack(0x0000003f2b700000,0x0000003f2b800000) (1024K)]
  0x00000152d506b590 JavaThread "JNA Cleaner"                daemon [_thread_blocked, id=19788, stack(0x0000003f2b800000,0x0000003f2b900000) (1024K)]
  0x00000152d506bc20 JavaThread "Worker-0: Initialize workspace"        [_thread_blocked, id=18188, stack(0x0000003f2b900000,0x0000003f2ba00000) (1024K)]
  0x00000152d506c2b0 JavaThread "Worker-1"                          [_thread_blocked, id=9524, stack(0x0000003f2ba00000,0x0000003f2bb00000) (1024K)]
  0x00000152d5068e30 JavaThread "Java indexing"              daemon [_thread_blocked, id=9548, stack(0x0000003f2bd00000,0x0000003f2be00000) (1024K)]
  0x00000152d506a1e0 JavaThread "Worker-2"                          [_thread_blocked, id=19784, stack(0x0000003f2be00000,0x0000003f2bf00000) (1024K)]
  0x00000152d5069b50 JavaThread "Worker-3: Initialize Workspace"        [_thread_blocked, id=8396, stack(0x0000003f2bf00000,0x0000003f2c000000) (1024K)]
  0x00000152d506a870 JavaThread "Worker-4: Publish Diagnostics"        [_thread_blocked, id=7420, stack(0x0000003f2c000000,0x0000003f2c100000) (1024K)]
  0x00000152d506af00 JavaThread "Thread-2"                   daemon [_thread_in_native, id=11828, stack(0x0000003f2c100000,0x0000003f2c200000) (1024K)]
  0x00000152d73ef5f0 JavaThread "Thread-3"                   daemon [_thread_in_native, id=20252, stack(0x0000003f2c200000,0x0000003f2c300000) (1024K)]
  0x00000152d73f1030 JavaThread "Thread-4"                   daemon [_thread_in_native, id=8312, stack(0x0000003f2c300000,0x0000003f2c400000) (1024K)]
  0x00000152d73f0310 JavaThread "Thread-5"                   daemon [_thread_in_native, id=20188, stack(0x0000003f2c400000,0x0000003f2c500000) (1024K)]
  0x00000152d73efc80 JavaThread "Thread-6"                   daemon [_thread_in_native, id=20432, stack(0x0000003f2c500000,0x0000003f2c600000) (1024K)]
  0x00000152d73f5860 JavaThread "Thread-7"                   daemon [_thread_in_native, id=17444, stack(0x0000003f2c600000,0x0000003f2c700000) (1024K)]
  0x00000152d73f51d0 JavaThread "Thread-8"                   daemon [_thread_in_native, id=2124, stack(0x0000003f2c700000,0x0000003f2c800000) (1024K)]
  0x00000152d73f09a0 JavaThread "Thread-9"                   daemon [_thread_in_native, id=6348, stack(0x0000003f2c800000,0x0000003f2c900000) (1024K)]
  0x00000152d73f3e20 JavaThread "Thread-10"                  daemon [_thread_in_native, id=10420, stack(0x0000003f2c900000,0x0000003f2ca00000) (1024K)]
  0x00000152d73f3790 JavaThread "Thread-11"                  daemon [_thread_in_native, id=3016, stack(0x0000003f2ca00000,0x0000003f2cb00000) (1024K)]
  0x00000152d73f16c0 JavaThread "Thread-12"                  daemon [_thread_in_native, id=10940, stack(0x0000003f2cb00000,0x0000003f2cc00000) (1024K)]
  0x00000152d73f1d50 JavaThread "Thread-13"                  daemon [_thread_in_native, id=15764, stack(0x0000003f2cc00000,0x0000003f2cd00000) (1024K)]
  0x00000152d73f23e0 JavaThread "Thread-14"                  daemon [_thread_in_native, id=19016, stack(0x0000003f2cd00000,0x0000003f2ce00000) (1024K)]
  0x00000152d73f44b0 JavaThread "pool-2-thread-1"                   [_thread_blocked, id=15960, stack(0x0000003f2ce00000,0x0000003f2cf00000) (1024K)]
  0x00000152d73f4b40 JavaThread "WorkspaceEventsHandler"            [_thread_blocked, id=20356, stack(0x0000003f2d000000,0x0000003f2d100000) (1024K)]
  0x00000152d73f5ef0 JavaThread "pool-1-thread-1"                   [_thread_blocked, id=20244, stack(0x0000003f2d100000,0x0000003f2d200000) (1024K)]
  0x00000152d73f3100 JavaThread "ForkJoinPool.commonPool-worker-1" daemon [_thread_blocked, id=18532, stack(0x0000003f2d300000,0x0000003f2d400000) (1024K)]
  0x00000152d73eef60 JavaThread "ForkJoinPool.commonPool-worker-2" daemon [_thread_blocked, id=4736, stack(0x0000003f2d400000,0x0000003f2d500000) (1024K)]
  0x00000152d73f6580 JavaThread "ForkJoinPool.commonPool-worker-3" daemon [_thread_blocked, id=6664, stack(0x0000003f2d500000,0x0000003f2d600000) (1024K)]
  0x00000152d63205c0 JavaThread "ForkJoinPool.commonPool-worker-4" daemon [_thread_blocked, id=14496, stack(0x0000003f2d600000,0x0000003f2d700000) (1024K)]
  0x00000152d631f210 JavaThread "ForkJoinPool.commonPool-worker-5" daemon [_thread_blocked, id=10268, stack(0x0000003f2d700000,0x0000003f2d800000) (1024K)]
  0x00000152d631cab0 JavaThread "ForkJoinPool.commonPool-worker-6" daemon [_thread_blocked, id=17424, stack(0x0000003f2d800000,0x0000003f2d900000) (1024K)]
  0x00000152d631ff30 JavaThread "ForkJoinPool.commonPool-worker-7" daemon [_thread_blocked, id=4992, stack(0x0000003f2d900000,0x0000003f2da00000) (1024K)]
  0x00000152d6320c50 JavaThread "ForkJoinPool.commonPool-worker-8" daemon [_thread_blocked, id=14480, stack(0x0000003f2da00000,0x0000003f2db00000) (1024K)]
  0x00000152d6322000 JavaThread "ForkJoinPool.commonPool-worker-9" daemon [_thread_blocked, id=7360, stack(0x0000003f2db00000,0x0000003f2dc00000) (1024K)]
  0x00000152d63212e0 JavaThread "ForkJoinPool.commonPool-worker-10" daemon [_thread_blocked, id=12464, stack(0x0000003f2dc00000,0x0000003f2dd00000) (1024K)]
  0x00000152d631eb80 JavaThread "ForkJoinPool.commonPool-worker-11" daemon [_thread_blocked, id=17804, stack(0x0000003f2dd00000,0x0000003f2de00000) (1024K)]
Total: 52

Other Threads:
=>0x00000152ff97df80 VMThread "VM Thread"                           [id=17668, stack(0x0000003f29c00000,0x0000003f29d00000) (1024K)]
  0x00000152ff96c0e0 WatcherThread "VM Periodic Task Thread"        [id=16836, stack(0x0000003f29b00000,0x0000003f29c00000) (1024K)]
  0x00000152f6e3c190 WorkerThread "GC Thread#0"                     [id=7568, stack(0x0000003f29600000,0x0000003f29700000) (1024K)]
  0x00000152d405ce50 WorkerThread "GC Thread#1"                     [id=19392, stack(0x0000003f2a700000,0x0000003f2a800000) (1024K)]
  0x00000152d4395450 WorkerThread "GC Thread#2"                     [id=17832, stack(0x0000003f2a800000,0x0000003f2a900000) (1024K)]
  0x00000152d43957f0 WorkerThread "GC Thread#3"                     [id=16592, stack(0x0000003f2a900000,0x0000003f2aa00000) (1024K)]
  0x00000152d4395b90 WorkerThread "GC Thread#4"                     [id=7688, stack(0x0000003f2aa00000,0x0000003f2ab00000) (1024K)]
  0x00000152d4395f30 WorkerThread "GC Thread#5"                     [id=9424, stack(0x0000003f2ab00000,0x0000003f2ac00000) (1024K)]
  0x00000152d43962d0 WorkerThread "GC Thread#6"                     [id=19756, stack(0x0000003f2ac00000,0x0000003f2ad00000) (1024K)]
  0x00000152d4a4dc10 WorkerThread "GC Thread#7"                     [id=13316, stack(0x0000003f2b100000,0x0000003f2b200000) (1024K)]
  0x00000152d52ba230 WorkerThread "GC Thread#8"                     [id=10288, stack(0x0000003f2b500000,0x0000003f2b600000) (1024K)]
  0x00000152d4585020 WorkerThread "GC Thread#9"                     [id=20292, stack(0x0000003f2b600000,0x0000003f2b700000) (1024K)]
  0x00000152f6e4ead0 ConcurrentGCThread "G1 Main Marker"            [id=13160, stack(0x0000003f29700000,0x0000003f29800000) (1024K)]
  0x00000152f6e4f5d0 WorkerThread "G1 Conc#0"                       [id=8348, stack(0x0000003f29800000,0x0000003f29900000) (1024K)]
  0x00000152d542af90 WorkerThread "G1 Conc#1"                       [id=19264, stack(0x0000003f2bb00000,0x0000003f2bc00000) (1024K)]
  0x00000152d542be10 WorkerThread "G1 Conc#2"                       [id=17600, stack(0x0000003f2bc00000,0x0000003f2bd00000) (1024K)]
  0x00000152f6e9e850 ConcurrentGCThread "G1 Refine#0"               [id=14544, stack(0x0000003f29900000,0x0000003f29a00000) (1024K)]
  0x00000152ff83e530 ConcurrentGCThread "G1 Service"                [id=18756, stack(0x0000003f29a00000,0x0000003f29b00000) (1024K)]
Total: 18

Threads with active compile tasks:
C2 CompilerThread0  32845 11261       4       org.eclipse.osgi.internal.loader.ModuleClassLoader::toString (80 bytes)
Total: 1

VM state: at safepoint (normal execution)

VM Mutex/Monitor currently owned by a thread:  ([mutex/lock_event])
[0x00007fff3beee380] Threads_lock - owner thread: 0x00000152ff97df80
[0x00007fff3beee480] Heap_lock - owner thread: 0x00000152d506bc20

Heap address: 0x0000000080000000, size: 2048 MB, Compressed Oops mode: 32-bit

CDS archive(s) mapped at: [0x000001528f000000-0x000001528fba0000-0x000001528fba0000), size 12189696, SharedBaseAddress: 0x000001528f000000, ArchiveRelocationMode: 1.
Compressed class space mapped at: 0x0000015290000000-0x00000152d0000000, reserved size: 1073741824
Narrow klass base: 0x000001528f000000, Narrow klass shift: 0, Narrow klass range: 0x100000000

GC Precious Log:
 CardTable entry size: 512
 Card Set container configuration: InlinePtr #cards 5 size 8 Array Of Cards #cards 12 size 40 Howl #buckets 4 coarsen threshold 1843 Howl Bitmap #cards 512 size 80 coarsen threshold 460 Card regions per heap region 1 cards per card region 2048
 CPUs: 12 total, 12 available
 Memory: 6005M
 Large Page Support: Disabled
 NUMA Support: Disabled
 Compressed Oops: Enabled (32-bit)
 Heap Region Size: 1M
 Heap Min Capacity: 8M
 Heap Initial Capacity: 94M
 Heap Max Capacity: 2G
 Pre-touch: Disabled
 Parallel Workers: 10
 Concurrent Workers: 3
 Concurrent Refinement Workers: 10
 Periodic GC: Disabled

Heap:
 garbage-first heap   total 271360K, used 121091K [0x0000000080000000, 0x0000000100000000)
  region size 1024K, 14 young (14336K), 14 survivors (14336K)
 Metaspace       used 65011K, committed 66560K, reserved 1114112K
  class space    used 6789K, committed 7488K, reserved 1048576K

Heap Regions: E=young(eden), S=young(survivor), O=old, HS=humongous(starts), HC=humongous(continues), CS=collection set, F=free, TAMS=top-at-mark-start, PB=parsable bottom
|   0|0x0000000080000000, 0x0000000080100000, 0x0000000080100000|100%| O|  |TAMS 0x0000000080000000| PB 0x0000000080000000| Untracked 
|   1|0x0000000080100000, 0x0000000080200000, 0x0000000080200000|100%| O|  |TAMS 0x0000000080100000| PB 0x0000000080100000| Untracked 
|   2|0x0000000080200000, 0x0000000080300000, 0x0000000080300000|100%| O|  |TAMS 0x0000000080200000| PB 0x0000000080200000| Untracked 
|   3|0x0000000080300000, 0x0000000080400000, 0x0000000080400000|100%| O|  |TAMS 0x0000000080300000| PB 0x0000000080300000| Untracked 
|   4|0x0000000080400000, 0x0000000080500000, 0x0000000080500000|100%| O|  |TAMS 0x0000000080400000| PB 0x0000000080400000| Untracked 
|   5|0x0000000080500000, 0x0000000080600000, 0x0000000080600000|100%| O|  |TAMS 0x0000000080500000| PB 0x0000000080500000| Untracked 
|   6|0x0000000080600000, 0x0000000080700000, 0x0000000080700000|100%| O|  |TAMS 0x0000000080600000| PB 0x0000000080600000| Untracked 
|   7|0x0000000080700000, 0x0000000080800000, 0x0000000080800000|100%| O|  |TAMS 0x0000000080700000| PB 0x0000000080700000| Untracked 
|   8|0x0000000080800000, 0x0000000080900000, 0x0000000080900000|100%| O|  |TAMS 0x0000000080800000| PB 0x0000000080800000| Untracked 
|   9|0x0000000080900000, 0x0000000080a00000, 0x0000000080a00000|100%| O|  |TAMS 0x0000000080900000| PB 0x0000000080900000| Untracked 
|  10|0x0000000080a00000, 0x0000000080b00000, 0x0000000080b00000|100%|HS|  |TAMS 0x0000000080a00000| PB 0x0000000080a00000| Complete 
|  11|0x0000000080b00000, 0x0000000080c00000, 0x0000000080c00000|100%|HS|  |TAMS 0x0000000080b00000| PB 0x0000000080b00000| Complete 
|  12|0x0000000080c00000, 0x0000000080d00000, 0x0000000080d00000|100%| O|  |TAMS 0x0000000080c00000| PB 0x0000000080c00000| Untracked 
|  13|0x0000000080d00000, 0x0000000080e00000, 0x0000000080e00000|100%| O|  |TAMS 0x0000000080d00000| PB 0x0000000080d00000| Untracked 
|  14|0x0000000080e00000, 0x0000000080f00000, 0x0000000080f00000|100%| O|  |TAMS 0x0000000080e00000| PB 0x0000000080e00000| Untracked 
|  15|0x0000000080f00000, 0x0000000081000000, 0x0000000081000000|100%| O|  |TAMS 0x0000000080f00000| PB 0x0000000080f00000| Untracked 
|  16|0x0000000081000000, 0x0000000081100000, 0x0000000081100000|100%| O|  |TAMS 0x0000000081000000| PB 0x0000000081000000| Untracked 
|  17|0x0000000081100000, 0x0000000081200000, 0x0000000081200000|100%| O|  |TAMS 0x0000000081100000| PB 0x0000000081100000| Untracked 
|  18|0x0000000081200000, 0x0000000081300000, 0x0000000081300000|100%| O|  |TAMS 0x0000000081200000| PB 0x0000000081200000| Untracked 
|  19|0x0000000081300000, 0x0000000081400000, 0x0000000081400000|100%| O|  |TAMS 0x0000000081300000| PB 0x0000000081300000| Untracked 
|  20|0x0000000081400000, 0x0000000081500000, 0x0000000081500000|100%| O|  |TAMS 0x0000000081400000| PB 0x0000000081400000| Untracked 
|  21|0x0000000081500000, 0x0000000081600000, 0x0000000081600000|100%| O|  |TAMS 0x0000000081500000| PB 0x0000000081500000| Untracked 
|  22|0x0000000081600000, 0x0000000081700000, 0x0000000081700000|100%| O|  |TAMS 0x0000000081600000| PB 0x0000000081600000| Untracked 
|  23|0x0000000081700000, 0x0000000081800000, 0x0000000081800000|100%| O|  |TAMS 0x0000000081700000| PB 0x0000000081700000| Untracked 
|  24|0x0000000081800000, 0x0000000081900000, 0x0000000081900000|100%| O|  |TAMS 0x0000000081800000| PB 0x0000000081800000| Untracked 
|  25|0x0000000081900000, 0x0000000081a00000, 0x0000000081a00000|100%| O|  |TAMS 0x0000000081900000| PB 0x0000000081900000| Untracked 
|  26|0x0000000081a00000, 0x0000000081b00000, 0x0000000081b00000|100%| O|  |TAMS 0x0000000081a00000| PB 0x0000000081a00000| Untracked 
|  27|0x0000000081b00000, 0x0000000081c00000, 0x0000000081c00000|100%| O|  |TAMS 0x0000000081b00000| PB 0x0000000081b00000| Untracked 
|  28|0x0000000081c00000, 0x0000000081d00000, 0x0000000081d00000|100%| O|  |TAMS 0x0000000081c00000| PB 0x0000000081c00000| Untracked 
|  29|0x0000000081d00000, 0x0000000081e00000, 0x0000000081e00000|100%| O|  |TAMS 0x0000000081d00000| PB 0x0000000081d00000| Untracked 
|  30|0x0000000081e00000, 0x0000000081f00000, 0x0000000081f00000|100%| O|  |TAMS 0x0000000081e00000| PB 0x0000000081e00000| Untracked 
|  31|0x0000000081f00000, 0x0000000082000000, 0x0000000082000000|100%| O|  |TAMS 0x0000000081f00000| PB 0x0000000081f00000| Untracked 
|  32|0x0000000082000000, 0x0000000082100000, 0x0000000082100000|100%| O|  |TAMS 0x0000000082000000| PB 0x0000000082000000| Untracked 
|  33|0x0000000082100000, 0x0000000082200000, 0x0000000082200000|100%| O|  |TAMS 0x0000000082100000| PB 0x0000000082100000| Untracked 
|  34|0x0000000082200000, 0x0000000082300000, 0x0000000082300000|100%| O|  |TAMS 0x0000000082200000| PB 0x0000000082200000| Untracked 
|  35|0x0000000082300000, 0x0000000082400000, 0x0000000082400000|100%| O|  |TAMS 0x0000000082300000| PB 0x0000000082300000| Untracked 
|  36|0x0000000082400000, 0x0000000082500000, 0x0000000082500000|100%| O|  |TAMS 0x0000000082400000| PB 0x0000000082400000| Untracked 
|  37|0x0000000082500000, 0x0000000082600000, 0x0000000082600000|100%| O|  |TAMS 0x0000000082500000| PB 0x0000000082500000| Untracked 
|  38|0x0000000082600000, 0x0000000082700000, 0x0000000082700000|100%| O|  |TAMS 0x0000000082600000| PB 0x0000000082600000| Untracked 
|  39|0x0000000082700000, 0x0000000082800000, 0x0000000082800000|100%| O|  |TAMS 0x0000000082700000| PB 0x0000000082700000| Untracked 
|  40|0x0000000082800000, 0x0000000082900000, 0x0000000082900000|100%| O|  |TAMS 0x0000000082800000| PB 0x0000000082800000| Untracked 
|  41|0x0000000082900000, 0x0000000082a00000, 0x0000000082a00000|100%| O|  |TAMS 0x0000000082900000| PB 0x0000000082900000| Untracked 
|  42|0x0000000082a00000, 0x0000000082b00000, 0x0000000082b00000|100%| O|  |TAMS 0x0000000082a00000| PB 0x0000000082a00000| Untracked 
|  43|0x0000000082b00000, 0x0000000082c00000, 0x0000000082c00000|100%| O|  |TAMS 0x0000000082b00000| PB 0x0000000082b00000| Untracked 
|  44|0x0000000082c00000, 0x0000000082d00000, 0x0000000082d00000|100%| O|  |TAMS 0x0000000082c00000| PB 0x0000000082c00000| Untracked 
|  45|0x0000000082d00000, 0x0000000082e00000, 0x0000000082e00000|100%| O|  |TAMS 0x0000000082d00000| PB 0x0000000082d00000| Untracked 
|  46|0x0000000082e00000, 0x0000000082f00000, 0x0000000082f00000|100%| O|  |TAMS 0x0000000082e00000| PB 0x0000000082e00000| Untracked 
|  47|0x0000000082f00000, 0x0000000083000000, 0x0000000083000000|100%| O|  |TAMS 0x0000000082f00000| PB 0x0000000082f00000| Untracked 
|  48|0x0000000083000000, 0x0000000083100000, 0x0000000083100000|100%| O|  |TAMS 0x0000000083000000| PB 0x0000000083000000| Untracked 
|  49|0x0000000083100000, 0x0000000083200000, 0x0000000083200000|100%| O|  |TAMS 0x0000000083100000| PB 0x0000000083100000| Untracked 
|  50|0x0000000083200000, 0x0000000083300000, 0x0000000083300000|100%| O|  |TAMS 0x0000000083200000| PB 0x0000000083200000| Untracked 
|  51|0x0000000083300000, 0x0000000083400000, 0x0000000083400000|100%| O|  |TAMS 0x0000000083300000| PB 0x0000000083300000| Untracked 
|  52|0x0000000083400000, 0x0000000083500000, 0x0000000083500000|100%|HS|  |TAMS 0x0000000083400000| PB 0x0000000083400000| Complete 
|  53|0x0000000083500000, 0x0000000083600000, 0x0000000083600000|100%| O|  |TAMS 0x0000000083500000| PB 0x0000000083500000| Untracked 
|  54|0x0000000083600000, 0x0000000083700000, 0x0000000083700000|100%| O|  |TAMS 0x0000000083600000| PB 0x0000000083600000| Untracked 
|  55|0x0000000083700000, 0x0000000083800000, 0x0000000083800000|100%| O|  |TAMS 0x0000000083700000| PB 0x0000000083700000| Untracked 
|  56|0x0000000083800000, 0x0000000083900000, 0x0000000083900000|100%| O|  |TAMS 0x0000000083800000| PB 0x0000000083800000| Untracked 
|  57|0x0000000083900000, 0x0000000083a00000, 0x0000000083a00000|100%| O|  |TAMS 0x0000000083900000| PB 0x0000000083900000| Untracked 
|  58|0x0000000083a00000, 0x0000000083b00000, 0x0000000083b00000|100%| O|  |TAMS 0x0000000083a00000| PB 0x0000000083a00000| Untracked 
|  59|0x0000000083b00000, 0x0000000083c00000, 0x0000000083c00000|100%| O|  |TAMS 0x0000000083b00000| PB 0x0000000083b00000| Untracked 
|  60|0x0000000083c00000, 0x0000000083d00000, 0x0000000083d00000|100%|HS|  |TAMS 0x0000000083c00000| PB 0x0000000083c00000| Complete 
|  61|0x0000000083d00000, 0x0000000083e00000, 0x0000000083e00000|100%|HS|  |TAMS 0x0000000083d00000| PB 0x0000000083d00000| Complete 
|  62|0x0000000083e00000, 0x0000000083f00000, 0x0000000083f00000|100%| O|  |TAMS 0x0000000083e00000| PB 0x0000000083e00000| Untracked 
|  63|0x0000000083f00000, 0x0000000084000000, 0x0000000084000000|100%| O|  |TAMS 0x0000000083f00000| PB 0x0000000083f00000| Untracked 
|  64|0x0000000084000000, 0x0000000084100000, 0x0000000084100000|100%| O|  |TAMS 0x0000000084000000| PB 0x0000000084000000| Untracked 
|  65|0x0000000084100000, 0x0000000084200000, 0x0000000084200000|100%| O|  |TAMS 0x0000000084100000| PB 0x0000000084100000| Untracked 
|  66|0x0000000084200000, 0x0000000084300000, 0x0000000084300000|100%| O|  |TAMS 0x0000000084200000| PB 0x0000000084200000| Untracked 
|  67|0x0000000084300000, 0x0000000084400000, 0x0000000084400000|100%| O|  |TAMS 0x0000000084300000| PB 0x0000000084300000| Untracked 
|  68|0x0000000084400000, 0x0000000084500000, 0x0000000084500000|100%| O|  |TAMS 0x0000000084400000| PB 0x0000000084400000| Untracked 
|  69|0x0000000084500000, 0x0000000084600000, 0x0000000084600000|100%| O|  |TAMS 0x0000000084500000| PB 0x0000000084500000| Untracked 
|  70|0x0000000084600000, 0x0000000084700000, 0x0000000084700000|100%| O|  |TAMS 0x0000000084600000| PB 0x0000000084600000| Untracked 
|  71|0x0000000084700000, 0x0000000084800000, 0x0000000084800000|100%| O|  |TAMS 0x0000000084700000| PB 0x0000000084700000| Untracked 
|  72|0x0000000084800000, 0x0000000084900000, 0x0000000084900000|100%| O|  |TAMS 0x0000000084800000| PB 0x0000000084800000| Untracked 
|  73|0x0000000084900000, 0x0000000084a00000, 0x0000000084a00000|100%| O|  |TAMS 0x0000000084900000| PB 0x0000000084900000| Untracked 
|  74|0x0000000084a00000, 0x0000000084a00000, 0x0000000084b00000|  0%| F|  |TAMS 0x0000000084a00000| PB 0x0000000084a00000| Untracked 
|  75|0x0000000084b00000, 0x0000000084c00000, 0x0000000084c00000|100%| O|  |TAMS 0x0000000084b00000| PB 0x0000000084b00000| Untracked 
|  76|0x0000000084c00000, 0x0000000084d00000, 0x0000000084d00000|100%| O|  |TAMS 0x0000000084c00000| PB 0x0000000084c00000| Untracked 
|  77|0x0000000084d00000, 0x0000000084e00000, 0x0000000084e00000|100%| O|  |TAMS 0x0000000084d00000| PB 0x0000000084d00000| Untracked 
|  78|0x0000000084e00000, 0x0000000084f00000, 0x0000000084f00000|100%| O|  |TAMS 0x0000000084e00000| PB 0x0000000084e00000| Untracked 
|  79|0x0000000084f00000, 0x0000000085000000, 0x0000000085000000|100%| O|  |TAMS 0x0000000084f00000| PB 0x0000000084f00000| Untracked 
|  80|0x0000000085000000, 0x0000000085100000, 0x0000000085100000|100%| O|  |TAMS 0x0000000085000000| PB 0x0000000085000000| Untracked 
|  81|0x0000000085100000, 0x00000000851fc000, 0x0000000085200000| 98%| O|  |TAMS 0x0000000085100000| PB 0x0000000085100000| Untracked 
|  82|0x0000000085200000, 0x0000000085200000, 0x0000000085300000|  0%| F|  |TAMS 0x0000000085200000| PB 0x0000000085200000| Untracked 
|  83|0x0000000085300000, 0x0000000085300000, 0x0000000085400000|  0%| F|  |TAMS 0x0000000085300000| PB 0x0000000085300000| Untracked 
|  84|0x0000000085400000, 0x0000000085400000, 0x0000000085500000|  0%| F|  |TAMS 0x0000000085400000| PB 0x0000000085400000| Untracked 
|  85|0x0000000085500000, 0x0000000085600000, 0x0000000085600000|100%| O|  |TAMS 0x0000000085500000| PB 0x0000000085500000| Untracked 
|  86|0x0000000085600000, 0x0000000085700000, 0x0000000085700000|100%| O|  |TAMS 0x0000000085600000| PB 0x0000000085600000| Untracked 
|  87|0x0000000085700000, 0x0000000085800000, 0x0000000085800000|100%| O|  |TAMS 0x0000000085700000| PB 0x0000000085700000| Untracked 
|  88|0x0000000085800000, 0x0000000085900000, 0x0000000085900000|100%| O|  |TAMS 0x0000000085800000| PB 0x0000000085800000| Untracked 
|  89|0x0000000085900000, 0x0000000085a00000, 0x0000000085a00000|100%| O|  |TAMS 0x0000000085900000| PB 0x0000000085900000| Untracked 
|  90|0x0000000085a00000, 0x0000000085b00000, 0x0000000085b00000|100%| O|  |TAMS 0x0000000085a00000| PB 0x0000000085a00000| Untracked 
|  91|0x0000000085b00000, 0x0000000085b00000, 0x0000000085c00000|  0%| F|  |TAMS 0x0000000085b00000| PB 0x0000000085b00000| Untracked 
|  92|0x0000000085c00000, 0x0000000085c00000, 0x0000000085d00000|  0%| F|  |TAMS 0x0000000085c00000| PB 0x0000000085c00000| Untracked 
|  93|0x0000000085d00000, 0x0000000085d00000, 0x0000000085e00000|  0%| F|  |TAMS 0x0000000085d00000| PB 0x0000000085d00000| Untracked 
|  94|0x0000000085e00000, 0x0000000085e00000, 0x0000000085f00000|  0%| F|  |TAMS 0x0000000085e00000| PB 0x0000000085e00000| Untracked 
|  95|0x0000000085f00000, 0x0000000085f00000, 0x0000000086000000|  0%| F|  |TAMS 0x0000000085f00000| PB 0x0000000085f00000| Untracked 
|  96|0x0000000086000000, 0x0000000086044c60, 0x0000000086100000| 26%| S|CS|TAMS 0x0000000086000000| PB 0x0000000086000000| Complete 
|  97|0x0000000086100000, 0x0000000086200000, 0x0000000086200000|100%| S|CS|TAMS 0x0000000086100000| PB 0x0000000086100000| Complete 
|  98|0x0000000086200000, 0x0000000086300000, 0x0000000086300000|100%| S|CS|TAMS 0x0000000086200000| PB 0x0000000086200000| Complete 
|  99|0x0000000086300000, 0x0000000086400000, 0x0000000086400000|100%| S|CS|TAMS 0x0000000086300000| PB 0x0000000086300000| Complete 
| 100|0x0000000086400000, 0x0000000086500000, 0x0000000086500000|100%| S|CS|TAMS 0x0000000086400000| PB 0x0000000086400000| Complete 
| 101|0x0000000086500000, 0x0000000086600000, 0x0000000086600000|100%| S|CS|TAMS 0x0000000086500000| PB 0x0000000086500000| Complete 
| 102|0x0000000086600000, 0x0000000086700000, 0x0000000086700000|100%| S|CS|TAMS 0x0000000086600000| PB 0x0000000086600000| Complete 
| 103|0x0000000086700000, 0x0000000086800000, 0x0000000086800000|100%| S|CS|TAMS 0x0000000086700000| PB 0x0000000086700000| Complete 
| 104|0x0000000086800000, 0x0000000086900000, 0x0000000086900000|100%| S|CS|TAMS 0x0000000086800000| PB 0x0000000086800000| Complete 
| 105|0x0000000086900000, 0x0000000086a00000, 0x0000000086a00000|100%| S|CS|TAMS 0x0000000086900000| PB 0x0000000086900000| Complete 
| 106|0x0000000086a00000, 0x0000000086b00000, 0x0000000086b00000|100%| S|CS|TAMS 0x0000000086a00000| PB 0x0000000086a00000| Complete 
| 107|0x0000000086b00000, 0x0000000086c00000, 0x0000000086c00000|100%| S|CS|TAMS 0x0000000086b00000| PB 0x0000000086b00000| Complete 
| 108|0x0000000086c00000, 0x0000000086d00000, 0x0000000086d00000|100%| S|CS|TAMS 0x0000000086c00000| PB 0x0000000086c00000| Complete 
| 109|0x0000000086d00000, 0x0000000086e00000, 0x0000000086e00000|100%| S|CS|TAMS 0x0000000086d00000| PB 0x0000000086d00000| Complete 
| 110|0x0000000086e00000, 0x0000000086e00000, 0x0000000086f00000|  0%| F|  |TAMS 0x0000000086e00000| PB 0x0000000086e00000| Untracked 
| 111|0x0000000086f00000, 0x0000000086f00000, 0x0000000087000000|  0%| F|  |TAMS 0x0000000086f00000| PB 0x0000000086f00000| Untracked 
| 112|0x0000000087000000, 0x0000000087000000, 0x0000000087100000|  0%| F|  |TAMS 0x0000000087000000| PB 0x0000000087000000| Untracked 
| 113|0x0000000087100000, 0x0000000087100000, 0x0000000087200000|  0%| F|  |TAMS 0x0000000087100000| PB 0x0000000087100000| Untracked 
| 114|0x0000000087200000, 0x0000000087200000, 0x0000000087300000|  0%| F|  |TAMS 0x0000000087200000| PB 0x0000000087200000| Untracked 
| 115|0x0000000087300000, 0x0000000087300000, 0x0000000087400000|  0%| F|  |TAMS 0x0000000087300000| PB 0x0000000087300000| Untracked 
| 116|0x0000000087400000, 0x0000000087400000, 0x0000000087500000|  0%| F|  |TAMS 0x0000000087400000| PB 0x0000000087400000| Untracked 
| 117|0x0000000087500000, 0x0000000087500000, 0x0000000087600000|  0%| F|  |TAMS 0x0000000087500000| PB 0x0000000087500000| Untracked 
| 118|0x0000000087600000, 0x0000000087600000, 0x0000000087700000|  0%| F|  |TAMS 0x0000000087600000| PB 0x0000000087600000| Untracked 
| 119|0x0000000087700000, 0x0000000087700000, 0x0000000087800000|  0%| F|  |TAMS 0x0000000087700000| PB 0x0000000087700000| Untracked 
| 120|0x0000000087800000, 0x0000000087800000, 0x0000000087900000|  0%| F|  |TAMS 0x0000000087800000| PB 0x0000000087800000| Untracked 
| 121|0x0000000087900000, 0x0000000087900000, 0x0000000087a00000|  0%| F|  |TAMS 0x0000000087900000| PB 0x0000000087900000| Untracked 
| 122|0x0000000087a00000, 0x0000000087a00000, 0x0000000087b00000|  0%| F|  |TAMS 0x0000000087a00000| PB 0x0000000087a00000| Untracked 
| 123|0x0000000087b00000, 0x0000000087b00000, 0x0000000087c00000|  0%| F|  |TAMS 0x0000000087b00000| PB 0x0000000087b00000| Untracked 
| 124|0x0000000087c00000, 0x0000000087c00000, 0x0000000087d00000|  0%| F|  |TAMS 0x0000000087c00000| PB 0x0000000087c00000| Untracked 
| 125|0x0000000087d00000, 0x0000000087d00000, 0x0000000087e00000|  0%| F|  |TAMS 0x0000000087d00000| PB 0x0000000087d00000| Untracked 
| 126|0x0000000087e00000, 0x0000000087e00000, 0x0000000087f00000|  0%| F|  |TAMS 0x0000000087e00000| PB 0x0000000087e00000| Untracked 
| 127|0x0000000087f00000, 0x0000000087f00000, 0x0000000088000000|  0%| F|  |TAMS 0x0000000087f00000| PB 0x0000000087f00000| Untracked 
| 128|0x0000000088000000, 0x0000000088000000, 0x0000000088100000|  0%| F|  |TAMS 0x0000000088000000| PB 0x0000000088000000| Untracked 
| 129|0x0000000088100000, 0x0000000088100000, 0x0000000088200000|  0%| F|  |TAMS 0x0000000088100000| PB 0x0000000088100000| Untracked 
| 130|0x0000000088200000, 0x0000000088200000, 0x0000000088300000|  0%| F|  |TAMS 0x0000000088200000| PB 0x0000000088200000| Untracked 
| 131|0x0000000088300000, 0x0000000088300000, 0x0000000088400000|  0%| F|  |TAMS 0x0000000088300000| PB 0x0000000088300000| Untracked 
| 132|0x0000000088400000, 0x0000000088400000, 0x0000000088500000|  0%| F|  |TAMS 0x0000000088400000| PB 0x0000000088400000| Untracked 
| 133|0x0000000088500000, 0x0000000088500000, 0x0000000088600000|  0%| F|  |TAMS 0x0000000088500000| PB 0x0000000088500000| Untracked 
| 134|0x0000000088600000, 0x0000000088600000, 0x0000000088700000|  0%| F|  |TAMS 0x0000000088600000| PB 0x0000000088600000| Untracked 
| 135|0x0000000088700000, 0x0000000088700000, 0x0000000088800000|  0%| F|  |TAMS 0x0000000088700000| PB 0x0000000088700000| Untracked 
| 136|0x0000000088800000, 0x0000000088800000, 0x0000000088900000|  0%| F|  |TAMS 0x0000000088800000| PB 0x0000000088800000| Untracked 
| 137|0x0000000088900000, 0x0000000088900000, 0x0000000088a00000|  0%| F|  |TAMS 0x0000000088900000| PB 0x0000000088900000| Untracked 
| 138|0x0000000088a00000, 0x0000000088a00000, 0x0000000088b00000|  0%| F|  |TAMS 0x0000000088a00000| PB 0x0000000088a00000| Untracked 
| 139|0x0000000088b00000, 0x0000000088b00000, 0x0000000088c00000|  0%| F|  |TAMS 0x0000000088b00000| PB 0x0000000088b00000| Untracked 
| 140|0x0000000088c00000, 0x0000000088c00000, 0x0000000088d00000|  0%| F|  |TAMS 0x0000000088c00000| PB 0x0000000088c00000| Untracked 
| 141|0x0000000088d00000, 0x0000000088d00000, 0x0000000088e00000|  0%| F|  |TAMS 0x0000000088d00000| PB 0x0000000088d00000| Untracked 
| 142|0x0000000088e00000, 0x0000000088e00000, 0x0000000088f00000|  0%| F|  |TAMS 0x0000000088e00000| PB 0x0000000088e00000| Untracked 
| 143|0x0000000088f00000, 0x0000000088f00000, 0x0000000089000000|  0%| F|  |TAMS 0x0000000088f00000| PB 0x0000000088f00000| Untracked 
| 144|0x0000000089000000, 0x0000000089000000, 0x0000000089100000|  0%| F|  |TAMS 0x0000000089000000| PB 0x0000000089000000| Untracked 
| 145|0x0000000089100000, 0x0000000089100000, 0x0000000089200000|  0%| F|  |TAMS 0x0000000089100000| PB 0x0000000089100000| Untracked 
| 146|0x0000000089200000, 0x0000000089200000, 0x0000000089300000|  0%| F|  |TAMS 0x0000000089200000| PB 0x0000000089200000| Untracked 
| 147|0x0000000089300000, 0x0000000089300000, 0x0000000089400000|  0%| F|  |TAMS 0x0000000089300000| PB 0x0000000089300000| Untracked 
| 148|0x0000000089400000, 0x0000000089400000, 0x0000000089500000|  0%| F|  |TAMS 0x0000000089400000| PB 0x0000000089400000| Untracked 
| 149|0x0000000089500000, 0x0000000089500000, 0x0000000089600000|  0%| F|  |TAMS 0x0000000089500000| PB 0x0000000089500000| Untracked 
| 150|0x0000000089600000, 0x0000000089600000, 0x0000000089700000|  0%| F|  |TAMS 0x0000000089600000| PB 0x0000000089600000| Untracked 
| 151|0x0000000089700000, 0x0000000089700000, 0x0000000089800000|  0%| F|  |TAMS 0x0000000089700000| PB 0x0000000089700000| Untracked 
| 152|0x0000000089800000, 0x0000000089800000, 0x0000000089900000|  0%| F|  |TAMS 0x0000000089800000| PB 0x0000000089800000| Untracked 
| 153|0x0000000089900000, 0x0000000089900000, 0x0000000089a00000|  0%| F|  |TAMS 0x0000000089900000| PB 0x0000000089900000| Untracked 
| 154|0x0000000089a00000, 0x0000000089a00000, 0x0000000089b00000|  0%| F|  |TAMS 0x0000000089a00000| PB 0x0000000089a00000| Untracked 
| 155|0x0000000089b00000, 0x0000000089b00000, 0x0000000089c00000|  0%| F|  |TAMS 0x0000000089b00000| PB 0x0000000089b00000| Untracked 
| 156|0x0000000089c00000, 0x0000000089c00000, 0x0000000089d00000|  0%| F|  |TAMS 0x0000000089c00000| PB 0x0000000089c00000| Untracked 
| 157|0x0000000089d00000, 0x0000000089d00000, 0x0000000089e00000|  0%| F|  |TAMS 0x0000000089d00000| PB 0x0000000089d00000| Untracked 
| 158|0x0000000089e00000, 0x0000000089e00000, 0x0000000089f00000|  0%| F|  |TAMS 0x0000000089e00000| PB 0x0000000089e00000| Untracked 
| 159|0x0000000089f00000, 0x0000000089f00000, 0x000000008a000000|  0%| F|  |TAMS 0x0000000089f00000| PB 0x0000000089f00000| Untracked 
| 160|0x000000008a000000, 0x000000008a000000, 0x000000008a100000|  0%| F|  |TAMS 0x000000008a000000| PB 0x000000008a000000| Untracked 
| 161|0x000000008a100000, 0x000000008a100000, 0x000000008a200000|  0%| F|  |TAMS 0x000000008a100000| PB 0x000000008a100000| Untracked 
| 162|0x000000008a200000, 0x000000008a200000, 0x000000008a300000|  0%| F|  |TAMS 0x000000008a200000| PB 0x000000008a200000| Untracked 
| 163|0x000000008a300000, 0x000000008a300000, 0x000000008a400000|  0%| F|  |TAMS 0x000000008a300000| PB 0x000000008a300000| Untracked 
| 164|0x000000008a400000, 0x000000008a400000, 0x000000008a500000|  0%| F|  |TAMS 0x000000008a400000| PB 0x000000008a400000| Untracked 
| 165|0x000000008a500000, 0x000000008a500000, 0x000000008a600000|  0%| F|  |TAMS 0x000000008a500000| PB 0x000000008a500000| Untracked 
| 166|0x000000008a600000, 0x000000008a600000, 0x000000008a700000|  0%| F|  |TAMS 0x000000008a600000| PB 0x000000008a600000| Untracked 
| 167|0x000000008a700000, 0x000000008a700000, 0x000000008a800000|  0%| F|  |TAMS 0x000000008a700000| PB 0x000000008a700000| Untracked 
| 168|0x000000008a800000, 0x000000008a800000, 0x000000008a900000|  0%| F|  |TAMS 0x000000008a800000| PB 0x000000008a800000| Untracked 
| 169|0x000000008a900000, 0x000000008a900000, 0x000000008aa00000|  0%| F|  |TAMS 0x000000008a900000| PB 0x000000008a900000| Untracked 
| 170|0x000000008aa00000, 0x000000008aa00000, 0x000000008ab00000|  0%| F|  |TAMS 0x000000008aa00000| PB 0x000000008aa00000| Untracked 
| 171|0x000000008ab00000, 0x000000008ab00000, 0x000000008ac00000|  0%| F|  |TAMS 0x000000008ab00000| PB 0x000000008ab00000| Untracked 
| 172|0x000000008ac00000, 0x000000008ac00000, 0x000000008ad00000|  0%| F|  |TAMS 0x000000008ac00000| PB 0x000000008ac00000| Untracked 
| 173|0x000000008ad00000, 0x000000008ad00000, 0x000000008ae00000|  0%| F|  |TAMS 0x000000008ad00000| PB 0x000000008ad00000| Untracked 
| 174|0x000000008ae00000, 0x000000008ae00000, 0x000000008af00000|  0%| F|  |TAMS 0x000000008ae00000| PB 0x000000008ae00000| Untracked 
| 175|0x000000008af00000, 0x000000008af00000, 0x000000008b000000|  0%| F|  |TAMS 0x000000008af00000| PB 0x000000008af00000| Untracked 
| 176|0x000000008b000000, 0x000000008b000000, 0x000000008b100000|  0%| F|  |TAMS 0x000000008b000000| PB 0x000000008b000000| Untracked 
| 177|0x000000008b100000, 0x000000008b100000, 0x000000008b200000|  0%| F|  |TAMS 0x000000008b100000| PB 0x000000008b100000| Untracked 
| 178|0x000000008b200000, 0x000000008b200000, 0x000000008b300000|  0%| F|  |TAMS 0x000000008b200000| PB 0x000000008b200000| Untracked 
| 179|0x000000008b300000, 0x000000008b300000, 0x000000008b400000|  0%| F|  |TAMS 0x000000008b300000| PB 0x000000008b300000| Untracked 
| 180|0x000000008b400000, 0x000000008b400000, 0x000000008b500000|  0%| F|  |TAMS 0x000000008b400000| PB 0x000000008b400000| Untracked 
| 181|0x000000008b500000, 0x000000008b500000, 0x000000008b600000|  0%| F|  |TAMS 0x000000008b500000| PB 0x000000008b500000| Untracked 
| 182|0x000000008b600000, 0x000000008b600000, 0x000000008b700000|  0%| F|  |TAMS 0x000000008b600000| PB 0x000000008b600000| Untracked 
| 183|0x000000008b700000, 0x000000008b700000, 0x000000008b800000|  0%| F|  |TAMS 0x000000008b700000| PB 0x000000008b700000| Untracked 
| 184|0x000000008b800000, 0x000000008b800000, 0x000000008b900000|  0%| F|  |TAMS 0x000000008b800000| PB 0x000000008b800000| Untracked 
| 185|0x000000008b900000, 0x000000008b900000, 0x000000008ba00000|  0%| F|  |TAMS 0x000000008b900000| PB 0x000000008b900000| Untracked 
| 186|0x000000008ba00000, 0x000000008ba00000, 0x000000008bb00000|  0%| F|  |TAMS 0x000000008ba00000| PB 0x000000008ba00000| Untracked 
| 187|0x000000008bb00000, 0x000000008bb00000, 0x000000008bc00000|  0%| F|  |TAMS 0x000000008bb00000| PB 0x000000008bb00000| Untracked 
| 188|0x000000008bc00000, 0x000000008bc00000, 0x000000008bd00000|  0%| F|  |TAMS 0x000000008bc00000| PB 0x000000008bc00000| Untracked 
| 189|0x000000008bd00000, 0x000000008bd00000, 0x000000008be00000|  0%| F|  |TAMS 0x000000008bd00000| PB 0x000000008bd00000| Untracked 
| 190|0x000000008be00000, 0x000000008be00000, 0x000000008bf00000|  0%| F|  |TAMS 0x000000008be00000| PB 0x000000008be00000| Untracked 
| 191|0x000000008bf00000, 0x000000008bf00000, 0x000000008c000000|  0%| F|  |TAMS 0x000000008bf00000| PB 0x000000008bf00000| Untracked 
| 192|0x000000008c000000, 0x000000008c000000, 0x000000008c100000|  0%| F|  |TAMS 0x000000008c000000| PB 0x000000008c000000| Untracked 
| 193|0x000000008c100000, 0x000000008c100000, 0x000000008c200000|  0%| F|  |TAMS 0x000000008c100000| PB 0x000000008c100000| Untracked 
| 194|0x000000008c200000, 0x000000008c200000, 0x000000008c300000|  0%| F|  |TAMS 0x000000008c200000| PB 0x000000008c200000| Untracked 
| 195|0x000000008c300000, 0x000000008c300000, 0x000000008c400000|  0%| F|  |TAMS 0x000000008c300000| PB 0x000000008c300000| Untracked 
| 196|0x000000008c400000, 0x000000008c400000, 0x000000008c500000|  0%| F|  |TAMS 0x000000008c400000| PB 0x000000008c400000| Untracked 
| 197|0x000000008c500000, 0x000000008c500000, 0x000000008c600000|  0%| F|  |TAMS 0x000000008c500000| PB 0x000000008c500000| Untracked 
| 198|0x000000008c600000, 0x000000008c600000, 0x000000008c700000|  0%| F|  |TAMS 0x000000008c600000| PB 0x000000008c600000| Untracked 
| 199|0x000000008c700000, 0x000000008c700000, 0x000000008c800000|  0%| F|  |TAMS 0x000000008c700000| PB 0x000000008c700000| Untracked 
| 200|0x000000008c800000, 0x000000008c800000, 0x000000008c900000|  0%| F|  |TAMS 0x000000008c800000| PB 0x000000008c800000| Untracked 
| 201|0x000000008c900000, 0x000000008c900000, 0x000000008ca00000|  0%| F|  |TAMS 0x000000008c900000| PB 0x000000008c900000| Untracked 
| 202|0x000000008ca00000, 0x000000008ca00000, 0x000000008cb00000|  0%| F|  |TAMS 0x000000008ca00000| PB 0x000000008ca00000| Untracked 
| 203|0x000000008cb00000, 0x000000008cb00000, 0x000000008cc00000|  0%| F|  |TAMS 0x000000008cb00000| PB 0x000000008cb00000| Untracked 
| 204|0x000000008cc00000, 0x000000008cc00000, 0x000000008cd00000|  0%| F|  |TAMS 0x000000008cc00000| PB 0x000000008cc00000| Untracked 
| 205|0x000000008cd00000, 0x000000008cd00000, 0x000000008ce00000|  0%| F|  |TAMS 0x000000008cd00000| PB 0x000000008cd00000| Untracked 
| 206|0x000000008ce00000, 0x000000008ce00000, 0x000000008cf00000|  0%| F|  |TAMS 0x000000008ce00000| PB 0x000000008ce00000| Untracked 
| 207|0x000000008cf00000, 0x000000008cf00000, 0x000000008d000000|  0%| F|  |TAMS 0x000000008cf00000| PB 0x000000008cf00000| Untracked 
| 208|0x000000008d000000, 0x000000008d000000, 0x000000008d100000|  0%| F|  |TAMS 0x000000008d000000| PB 0x000000008d000000| Untracked 
| 209|0x000000008d100000, 0x000000008d100000, 0x000000008d200000|  0%| F|  |TAMS 0x000000008d100000| PB 0x000000008d100000| Untracked 
| 210|0x000000008d200000, 0x000000008d200000, 0x000000008d300000|  0%| F|  |TAMS 0x000000008d200000| PB 0x000000008d200000| Untracked 
| 211|0x000000008d300000, 0x000000008d300000, 0x000000008d400000|  0%| F|  |TAMS 0x000000008d300000| PB 0x000000008d300000| Untracked 
| 212|0x000000008d400000, 0x000000008d400000, 0x000000008d500000|  0%| F|  |TAMS 0x000000008d400000| PB 0x000000008d400000| Untracked 
| 213|0x000000008d500000, 0x000000008d500000, 0x000000008d600000|  0%| F|  |TAMS 0x000000008d500000| PB 0x000000008d500000| Untracked 
| 214|0x000000008d600000, 0x000000008d600000, 0x000000008d700000|  0%| F|  |TAMS 0x000000008d600000| PB 0x000000008d600000| Untracked 
| 215|0x000000008d700000, 0x000000008d700000, 0x000000008d800000|  0%| F|  |TAMS 0x000000008d700000| PB 0x000000008d700000| Untracked 
| 216|0x000000008d800000, 0x000000008d800000, 0x000000008d900000|  0%| F|  |TAMS 0x000000008d800000| PB 0x000000008d800000| Untracked 
| 217|0x000000008d900000, 0x000000008d900000, 0x000000008da00000|  0%| F|  |TAMS 0x000000008d900000| PB 0x000000008d900000| Untracked 
| 218|0x000000008da00000, 0x000000008da00000, 0x000000008db00000|  0%| F|  |TAMS 0x000000008da00000| PB 0x000000008da00000| Untracked 
| 219|0x000000008db00000, 0x000000008db00000, 0x000000008dc00000|  0%| F|  |TAMS 0x000000008db00000| PB 0x000000008db00000| Untracked 
| 220|0x000000008dc00000, 0x000000008dc00000, 0x000000008dd00000|  0%| F|  |TAMS 0x000000008dc00000| PB 0x000000008dc00000| Untracked 
| 221|0x000000008dd00000, 0x000000008dd00000, 0x000000008de00000|  0%| F|  |TAMS 0x000000008dd00000| PB 0x000000008dd00000| Untracked 
| 222|0x000000008de00000, 0x000000008de00000, 0x000000008df00000|  0%| F|  |TAMS 0x000000008de00000| PB 0x000000008de00000| Untracked 
| 223|0x000000008df00000, 0x000000008df00000, 0x000000008e000000|  0%| F|  |TAMS 0x000000008df00000| PB 0x000000008df00000| Untracked 
| 224|0x000000008e000000, 0x000000008e000000, 0x000000008e100000|  0%| F|  |TAMS 0x000000008e000000| PB 0x000000008e000000| Untracked 
| 225|0x000000008e100000, 0x000000008e100000, 0x000000008e200000|  0%| F|  |TAMS 0x000000008e100000| PB 0x000000008e100000| Untracked 
| 226|0x000000008e200000, 0x000000008e200000, 0x000000008e300000|  0%| F|  |TAMS 0x000000008e200000| PB 0x000000008e200000| Untracked 
| 227|0x000000008e300000, 0x000000008e300000, 0x000000008e400000|  0%| F|  |TAMS 0x000000008e300000| PB 0x000000008e300000| Untracked 
| 228|0x000000008e400000, 0x000000008e400000, 0x000000008e500000|  0%| F|  |TAMS 0x000000008e400000| PB 0x000000008e400000| Untracked 
| 229|0x000000008e500000, 0x000000008e500000, 0x000000008e600000|  0%| F|  |TAMS 0x000000008e500000| PB 0x000000008e500000| Untracked 
| 230|0x000000008e600000, 0x000000008e600000, 0x000000008e700000|  0%| F|  |TAMS 0x000000008e600000| PB 0x000000008e600000| Untracked 
| 231|0x000000008e700000, 0x000000008e700000, 0x000000008e800000|  0%| F|  |TAMS 0x000000008e700000| PB 0x000000008e700000| Untracked 
| 232|0x000000008e800000, 0x000000008e800000, 0x000000008e900000|  0%| F|  |TAMS 0x000000008e800000| PB 0x000000008e800000| Untracked 
| 233|0x000000008e900000, 0x000000008e900000, 0x000000008ea00000|  0%| F|  |TAMS 0x000000008e900000| PB 0x000000008e900000| Untracked 
| 234|0x000000008ea00000, 0x000000008ea00000, 0x000000008eb00000|  0%| F|  |TAMS 0x000000008ea00000| PB 0x000000008ea00000| Untracked 
| 235|0x000000008eb00000, 0x000000008eb00000, 0x000000008ec00000|  0%| F|  |TAMS 0x000000008eb00000| PB 0x000000008eb00000| Untracked 
| 236|0x000000008ec00000, 0x000000008ec00000, 0x000000008ed00000|  0%| F|  |TAMS 0x000000008ec00000| PB 0x000000008ec00000| Untracked 
| 237|0x000000008ed00000, 0x000000008ed00000, 0x000000008ee00000|  0%| F|  |TAMS 0x000000008ed00000| PB 0x000000008ed00000| Untracked 
| 238|0x000000008ee00000, 0x000000008ee00000, 0x000000008ef00000|  0%| F|  |TAMS 0x000000008ee00000| PB 0x000000008ee00000| Untracked 
| 239|0x000000008ef00000, 0x000000008ef00000, 0x000000008f000000|  0%| F|  |TAMS 0x000000008ef00000| PB 0x000000008ef00000| Untracked 
| 240|0x000000008f000000, 0x000000008f000000, 0x000000008f100000|  0%| F|  |TAMS 0x000000008f000000| PB 0x000000008f000000| Untracked 
|2024|0x00000000fe800000, 0x00000000fe900000, 0x00000000fe900000|100%| O|  |TAMS 0x00000000fe800000| PB 0x00000000fe800000| Untracked 
|2025|0x00000000fe900000, 0x00000000fe900000, 0x00000000fea00000|  0%| F|  |TAMS 0x00000000fe900000| PB 0x00000000fe900000| Untracked 
|2026|0x00000000fea00000, 0x00000000feb00000, 0x00000000feb00000|100%| O|  |TAMS 0x00000000fea00000| PB 0x00000000fea00000| Untracked 
|2027|0x00000000feb00000, 0x00000000fec00000, 0x00000000fec00000|100%| O|  |TAMS 0x00000000feb00000| PB 0x00000000feb00000| Untracked 
|2028|0x00000000fec00000, 0x00000000fed00000, 0x00000000fed00000|100%| O|  |TAMS 0x00000000fec00000| PB 0x00000000fec00000| Untracked 
|2029|0x00000000fed00000, 0x00000000fee00000, 0x00000000fee00000|100%| O|  |TAMS 0x00000000fed00000| PB 0x00000000fed00000| Untracked 
|2030|0x00000000fee00000, 0x00000000fef00000, 0x00000000fef00000|100%| O|  |TAMS 0x00000000fee00000| PB 0x00000000fee00000| Untracked 
|2031|0x00000000fef00000, 0x00000000ff000000, 0x00000000ff000000|100%| O|  |TAMS 0x00000000fef00000| PB 0x00000000fef00000| Untracked 
|2032|0x00000000ff000000, 0x00000000ff100000, 0x00000000ff100000|100%| O|  |TAMS 0x00000000ff000000| PB 0x00000000ff000000| Untracked 
|2033|0x00000000ff100000, 0x00000000ff200000, 0x00000000ff200000|100%| O|  |TAMS 0x00000000ff100000| PB 0x00000000ff100000| Untracked 
|2034|0x00000000ff200000, 0x00000000ff300000, 0x00000000ff300000|100%| O|  |TAMS 0x00000000ff200000| PB 0x00000000ff200000| Untracked 
|2035|0x00000000ff300000, 0x00000000ff400000, 0x00000000ff400000|100%| O|  |TAMS 0x00000000ff300000| PB 0x00000000ff300000| Untracked 
|2036|0x00000000ff400000, 0x00000000ff500000, 0x00000000ff500000|100%| O|  |TAMS 0x00000000ff400000| PB 0x00000000ff400000| Untracked 
|2037|0x00000000ff500000, 0x00000000ff600000, 0x00000000ff600000|100%| O|  |TAMS 0x00000000ff500000| PB 0x00000000ff500000| Untracked 
|2038|0x00000000ff600000, 0x00000000ff700000, 0x00000000ff700000|100%| O|  |TAMS 0x00000000ff600000| PB 0x00000000ff600000| Untracked 
|2039|0x00000000ff700000, 0x00000000ff800000, 0x00000000ff800000|100%| O|  |TAMS 0x00000000ff700000| PB 0x00000000ff700000| Untracked 
|2040|0x00000000ff800000, 0x00000000ff900000, 0x00000000ff900000|100%| O|  |TAMS 0x00000000ff800000| PB 0x00000000ff800000| Untracked 
|2041|0x00000000ff900000, 0x00000000ffa00000, 0x00000000ffa00000|100%| O|  |TAMS 0x00000000ff900000| PB 0x00000000ff900000| Untracked 
|2042|0x00000000ffa00000, 0x00000000ffa00000, 0x00000000ffb00000|  0%| F|  |TAMS 0x00000000ffa00000| PB 0x00000000ffa00000| Untracked 
|2043|0x00000000ffb00000, 0x00000000ffb00000, 0x00000000ffc00000|  0%| F|  |TAMS 0x00000000ffb00000| PB 0x00000000ffb00000| Untracked 
|2044|0x00000000ffc00000, 0x00000000ffc00000, 0x00000000ffd00000|  0%| F|  |TAMS 0x00000000ffc00000| PB 0x00000000ffc00000| Untracked 
|2045|0x00000000ffd00000, 0x00000000ffd00000, 0x00000000ffe00000|  0%| F|  |TAMS 0x00000000ffd00000| PB 0x00000000ffd00000| Untracked 
|2046|0x00000000ffe00000, 0x00000000ffe00000, 0x00000000fff00000|  0%| F|  |TAMS 0x00000000ffe00000| PB 0x00000000ffe00000| Untracked 
|2047|0x00000000fff00000, 0x0000000100000000, 0x0000000100000000|100%| O|  |TAMS 0x00000000fff00000| PB 0x00000000fff00000| Untracked 

Card table byte_map: [0x00000152fa930000,0x00000152fad30000] _byte_map_base: 0x00000152fa530000

Marking Bits: (CMBitMap*) 0x00000152f6e3c890
 Bits: [0x00000152fad30000, 0x00000152fcd30000)

Polling page: 0x00000152f4cb0000

Metaspace:

Usage:
  Non-class:     56.86 MB used.
      Class:      6.63 MB used.
       Both:     63.49 MB used.

Virtual space:
  Non-class space:       64.00 MB reserved,      57.69 MB ( 90%) committed,  1 nodes.
      Class space:        1.00 GB reserved,       7.31 MB ( <1%) committed,  1 nodes.
             Both:        1.06 GB reserved,      65.00 MB (  6%) committed. 

Chunk freelists:
   Non-Class:  5.49 MB
       Class:  8.72 MB
        Both:  14.21 MB

MaxMetaspaceSize: unlimited
CompressedClassSpaceSize: 1.00 GB
Initial GC threshold: 21.00 MB
Current GC threshold: 105.25 MB
CDS: on
 - commit_granule_bytes: 65536.
 - commit_granule_words: 8192.
 - virtual_space_node_default_size: 8388608.
 - enlarge_chunks_in_place: 1.
 - use_allocation_guard: 0.


Internal statistics:

num_allocs_failed_limit: 6.
num_arena_births: 1176.
num_arena_deaths: 14.
num_vsnodes_births: 2.
num_vsnodes_deaths: 0.
num_space_committed: 1040.
num_space_uncommitted: 0.
num_chunks_returned_to_freelist: 20.
num_chunks_taken_from_freelist: 4019.
num_chunk_merges: 12.
num_chunk_splits: 2498.
num_chunks_enlarged: 1394.
num_inconsistent_stats: 0.

CodeHeap 'non-profiled nmethods': size=120000Kb used=4262Kb max_used=4262Kb free=115737Kb
 bounds [0x0000015287ad0000, 0x0000015287f00000, 0x000001528f000000]
CodeHeap 'profiled nmethods': size=120000Kb used=17585Kb max_used=17585Kb free=102414Kb
 bounds [0x0000015280000000, 0x0000015281180000, 0x0000015287530000]
CodeHeap 'non-nmethods': size=5760Kb used=1760Kb max_used=1807Kb free=3999Kb
 bounds [0x0000015287530000, 0x00000152877a0000, 0x0000015287ad0000]
 total_blobs=9899 nmethods=9120 adapters=683
 compilation: enabled
              stopped_count=0, restarted_count=0
 full_count=0

Compilation events (20 events):
Event: 32.751 Thread 0x00000152ff9a9db0 11562       2       org.eclipse.jdt.internal.core.PackageFragment::exists (25 bytes)
Event: 32.751 Thread 0x00000152ff9a9db0 nmethod 11562 0x0000015280703910 code [0x0000015280703ac0, 0x0000015280703c70]
Event: 32.751 Thread 0x00000152ff9a9db0 11561       1       org.eclipse.jdt.internal.compiler.classfmt.ClassFileReader::getName (5 bytes)
Event: 32.751 Thread 0x00000152ff9a9db0 nmethod 11561 0x0000015287ef8690 code [0x0000015287ef8820, 0x0000015287ef88e8]
Event: 32.751 Thread 0x00000152ff9a9db0 11589       1       org.eclipse.jdt.internal.compiler.lookup.BinaryTypeBinding::unannotated (5 bytes)
Event: 32.751 Thread 0x00000152ff9a9db0 nmethod 11589 0x0000015287ef8990 code [0x0000015287ef8b20, 0x0000015287ef8be8]
Event: 32.751 Thread 0x00000152ff9a9db0 11590       1       org.eclipse.jdt.internal.core.CompilationUnit::getElementName (5 bytes)
Event: 32.751 Thread 0x00000152ff9a9db0 nmethod 11590 0x0000015287ef8c90 code [0x0000015287ef8e20, 0x0000015287ef8ee8]
Event: 32.751 Thread 0x00000152ff9a9db0 11592       1       org.eclipse.jdt.internal.compiler.lookup.Scope::compilationUnitScope (5 bytes)
Event: 32.751 Thread 0x00000152ff9a9db0 nmethod 11592 0x0000015287ef8f90 code [0x0000015287ef9120, 0x0000015287ef91e8]
Event: 32.751 Thread 0x00000152ff9a9db0 11548       2       org.eclipse.jdt.internal.compiler.lookup.ModuleBinding$$Lambda/0x0000015290721fd0::test (8 bytes)
Event: 32.752 Thread 0x00000152ff9a9db0 nmethod 11548 0x0000015280703590 code [0x0000015280703720, 0x0000015280703888]
Event: 32.752 Thread 0x00000152ff9a9db0 11551       1       org.eclipse.jdt.internal.core.BinaryType::getElementType (3 bytes)
Event: 32.752 Thread 0x00000152ff9a9db0 nmethod 11551 0x0000015287ef9290 code [0x0000015287ef9420, 0x0000015287ef94e8]
Event: 32.752 Thread 0x00000152ff9a9db0 11599       1       org.eclipse.jdt.internal.compiler.lookup.ReferenceBinding::acceptsNonNullDefault (2 bytes)
Event: 32.752 Thread 0x00000152ff9a9db0 nmethod 11599 0x0000015287ef9590 code [0x0000015287ef9720, 0x0000015287ef97e8]
Event: 32.752 Thread 0x00000152ff9a9db0 11598       1       org.eclipse.jdt.internal.compiler.classfmt.ClassFileReader::getAnnotations (5 bytes)
Event: 32.752 Thread 0x00000152ff9a9db0 nmethod 11598 0x0000015287ef9890 code [0x0000015287ef9a20, 0x0000015287ef9ae8]
Event: 32.766 Thread 0x00000152ff9a9db0 11600       2       java.lang.invoke.LambdaFormBuffer::indexOf (25 bytes)
Event: 32.766 Thread 0x00000152ff9a9db0 nmethod 11600 0x0000015280703110 code [0x00000152807032c0, 0x0000015280703458]

GC Heap History (20 events):
Event: 27.171 GC heap after
{Heap after GC invocations=42 (full 0):
 garbage-first heap   total 218112K, used 111034K [0x0000000080000000, 0x0000000100000000)
  region size 1024K, 9 young (9216K), 9 survivors (9216K)
 Metaspace       used 62797K, committed 64192K, reserved 1114112K
  class space    used 6595K, committed 7168K, reserved 1048576K
}
Event: 27.451 GC heap before
{Heap before GC invocations=43 (full 0):
 garbage-first heap   total 218112K, used 184762K [0x0000000080000000, 0x0000000100000000)
  region size 1024K, 81 young (82944K), 9 survivors (9216K)
 Metaspace       used 62801K, committed 64192K, reserved 1114112K
  class space    used 6595K, committed 7168K, reserved 1048576K
}
Event: 27.459 GC heap after
{Heap after GC invocations=44 (full 0):
 garbage-first heap   total 271360K, used 112682K [0x0000000080000000, 0x0000000100000000)
  region size 1024K, 2 young (2048K), 2 survivors (2048K)
 Metaspace       used 62801K, committed 64192K, reserved 1114112K
  class space    used 6595K, committed 7168K, reserved 1048576K
}
Event: 28.361 GC heap before
{Heap before GC invocations=44 (full 0):
 garbage-first heap   total 271360K, used 214058K [0x0000000080000000, 0x0000000100000000)
  region size 1024K, 101 young (103424K), 2 survivors (2048K)
 Metaspace       used 63036K, committed 64512K, reserved 1114112K
  class space    used 6604K, committed 7232K, reserved 1048576K
}
Event: 28.365 GC heap after
{Heap after GC invocations=45 (full 0):
 garbage-first heap   total 271360K, used 110990K [0x0000000080000000, 0x0000000100000000)
  region size 1024K, 2 young (2048K), 2 survivors (2048K)
 Metaspace       used 63036K, committed 64512K, reserved 1114112K
  class space    used 6604K, committed 7232K, reserved 1048576K
}
Event: 29.103 GC heap before
{Heap before GC invocations=45 (full 0):
 garbage-first heap   total 271360K, used 233870K [0x0000000080000000, 0x0000000100000000)
  region size 1024K, 121 young (123904K), 2 survivors (2048K)
 Metaspace       used 63037K, committed 64512K, reserved 1114112K
  class space    used 6604K, committed 7232K, reserved 1048576K
}
Event: 29.106 GC heap after
{Heap after GC invocations=46 (full 0):
 garbage-first heap   total 271360K, used 112604K [0x0000000080000000, 0x0000000100000000)
  region size 1024K, 3 young (3072K), 3 survivors (3072K)
 Metaspace       used 63037K, committed 64512K, reserved 1114112K
  class space    used 6604K, committed 7232K, reserved 1048576K
}
Event: 31.149 GC heap before
{Heap before GC invocations=46 (full 0):
 garbage-first heap   total 271360K, used 239580K [0x0000000080000000, 0x0000000100000000)
  region size 1024K, 127 young (130048K), 3 survivors (3072K)
 Metaspace       used 63115K, committed 64576K, reserved 1114112K
  class space    used 6610K, committed 7232K, reserved 1048576K
}
Event: 31.155 GC heap after
{Heap after GC invocations=47 (full 0):
 garbage-first heap   total 271360K, used 114156K [0x0000000080000000, 0x0000000100000000)
  region size 1024K, 5 young (5120K), 5 survivors (5120K)
 Metaspace       used 63115K, committed 64576K, reserved 1114112K
  class space    used 6610K, committed 7232K, reserved 1048576K
}
Event: 31.303 GC heap before
{Heap before GC invocations=47 (full 0):
 garbage-first heap   total 271360K, used 244204K [0x0000000080000000, 0x0000000100000000)
  region size 1024K, 132 young (135168K), 5 survivors (5120K)
 Metaspace       used 63125K, committed 64576K, reserved 1114112K
  class space    used 6610K, committed 7232K, reserved 1048576K
}
Event: 31.323 GC heap after
{Heap after GC invocations=48 (full 0):
 garbage-first heap   total 271360K, used 114920K [0x0000000080000000, 0x0000000100000000)
  region size 1024K, 5 young (5120K), 5 survivors (5120K)
 Metaspace       used 63125K, committed 64576K, reserved 1114112K
  class space    used 6610K, committed 7232K, reserved 1048576K
}
Event: 31.565 GC heap before
{Heap before GC invocations=49 (full 0):
 garbage-first heap   total 271360K, used 249064K [0x0000000080000000, 0x0000000100000000)
  region size 1024K, 136 young (139264K), 5 survivors (5120K)
 Metaspace       used 63142K, committed 64640K, reserved 1114112K
  class space    used 6610K, committed 7232K, reserved 1048576K
}
Event: 31.595 GC heap after
{Heap after GC invocations=50 (full 0):
 garbage-first heap   total 271360K, used 115991K [0x0000000080000000, 0x0000000100000000)
  region size 1024K, 6 young (6144K), 6 survivors (6144K)
 Metaspace       used 63142K, committed 64640K, reserved 1114112K
  class space    used 6610K, committed 7232K, reserved 1048576K
}
Event: 31.789 GC heap before
{Heap before GC invocations=50 (full 0):
 garbage-first heap   total 271360K, used 250135K [0x0000000080000000, 0x0000000100000000)
  region size 1024K, 137 young (140288K), 6 survivors (6144K)
 Metaspace       used 63154K, committed 64640K, reserved 1114112K
  class space    used 6610K, committed 7232K, reserved 1048576K
}
Event: 31.797 GC heap after
{Heap after GC invocations=51 (full 0):
 garbage-first heap   total 271360K, used 114190K [0x0000000080000000, 0x0000000100000000)
  region size 1024K, 7 young (7168K), 7 survivors (7168K)
 Metaspace       used 63154K, committed 64640K, reserved 1114112K
  class space    used 6610K, committed 7232K, reserved 1048576K
}
Event: 31.949 GC heap before
{Heap before GC invocations=51 (full 0):
 garbage-first heap   total 271360K, used 249358K [0x0000000080000000, 0x0000000100000000)
  region size 1024K, 139 young (142336K), 7 survivors (7168K)
 Metaspace       used 63181K, committed 64640K, reserved 1114112K
  class space    used 6610K, committed 7232K, reserved 1048576K
}
Event: 31.961 GC heap after
{Heap after GC invocations=52 (full 0):
 garbage-first heap   total 271360K, used 117449K [0x0000000080000000, 0x0000000100000000)
  region size 1024K, 10 young (10240K), 10 survivors (10240K)
 Metaspace       used 63181K, committed 64640K, reserved 1114112K
  class space    used 6610K, committed 7232K, reserved 1048576K
}
Event: 32.165 GC heap before
{Heap before GC invocations=53 (full 0):
 garbage-first heap   total 271360K, used 247497K [0x0000000080000000, 0x0000000100000000)
  region size 1024K, 136 young (139264K), 10 survivors (10240K)
 Metaspace       used 63247K, committed 64768K, reserved 1114112K
  class space    used 6613K, committed 7296K, reserved 1048576K
}
Event: 32.176 GC heap after
{Heap after GC invocations=54 (full 0):
 garbage-first heap   total 271360K, used 117908K [0x0000000080000000, 0x0000000100000000)
  region size 1024K, 8 young (8192K), 8 survivors (8192K)
 Metaspace       used 63247K, committed 64768K, reserved 1114112K
  class space    used 6613K, committed 7296K, reserved 1048576K
}
Event: 32.773 GC heap before
{Heap before GC invocations=54 (full 0):
 garbage-first heap   total 271360K, used 247956K [0x0000000080000000, 0x0000000100000000)
  region size 1024K, 135 young (138240K), 8 survivors (8192K)
 Metaspace       used 65011K, committed 66560K, reserved 1114112K
  class space    used 6789K, committed 7488K, reserved 1048576K
}

Dll operation events (12 events):
Event: 0.017 Loaded shared library c:\Users\raksh\.vscode\extensions\redhat.java-1.41.1-win32-x64\jre\21.0.6-win32-x86_64\bin\java.dll
Event: 0.134 Loaded shared library c:\Users\raksh\.vscode\extensions\redhat.java-1.41.1-win32-x64\jre\21.0.6-win32-x86_64\bin\zip.dll
Event: 0.163 Loaded shared library C:\Users\raksh\.vscode\extensions\redhat.java-1.41.1-win32-x64\jre\21.0.6-win32-x86_64\bin\instrument.dll
Event: 0.169 Loaded shared library C:\Users\raksh\.vscode\extensions\redhat.java-1.41.1-win32-x64\jre\21.0.6-win32-x86_64\bin\net.dll
Event: 0.173 Loaded shared library C:\Users\raksh\.vscode\extensions\redhat.java-1.41.1-win32-x64\jre\21.0.6-win32-x86_64\bin\nio.dll
Event: 0.177 Loaded shared library C:\Users\raksh\.vscode\extensions\redhat.java-1.41.1-win32-x64\jre\21.0.6-win32-x86_64\bin\zip.dll
Event: 0.200 Loaded shared library C:\Users\raksh\.vscode\extensions\redhat.java-1.41.1-win32-x64\jre\21.0.6-win32-x86_64\bin\jimage.dll
Event: 0.362 Loaded shared library c:\Users\raksh\.vscode\extensions\redhat.java-1.41.1-win32-x64\jre\21.0.6-win32-x86_64\bin\verify.dll
Event: 2.232 Loaded shared library C:\Users\raksh\AppData\Roaming\Code\User\globalStorage\redhat.java\1.41.1\config_win\org.eclipse.equinox.launcher\org.eclipse.equinox.launcher.win32.win32.x86_64_1.2.1300.v20250331-1702\eclipse_11911.dll
Event: 4.791 Loaded shared library C:\Users\raksh\AppData\Local\Temp\jna-108277617\jna18247870409239594504.dll
Event: 7.382 Loaded shared library C:\Users\raksh\.vscode\extensions\redhat.java-1.41.1-win32-x64\jre\21.0.6-win32-x86_64\bin\sunmscapi.dll
Event: 7.928 Loaded shared library C:\Users\raksh\.vscode\extensions\redhat.java-1.41.1-win32-x64\jre\21.0.6-win32-x86_64\bin\extnet.dll

Deoptimization events (20 events):
Event: 32.590 Thread 0x00000152d631ff30 DEOPT PACKING pc=0x0000015280d1de56 sp=0x0000003f2d9fd680
Event: 32.590 Thread 0x00000152d631ff30 DEOPT UNPACKING pc=0x0000015287584e42 sp=0x0000003f2d9fcb28 mode 0
Event: 32.607 Thread 0x00000152d506a870 Uncommon trap: trap_request=0xffffff76 fr.pc=0x0000015287cee870 relative=0x0000000000000090
Event: 32.607 Thread 0x00000152d73eef60 Uncommon trap: trap_request=0xffffff76 fr.pc=0x0000015287cee870 relative=0x0000000000000090
Event: 32.607 Thread 0x00000152d631ff30 Uncommon trap: trap_request=0xffffff76 fr.pc=0x0000015287cee870 relative=0x0000000000000090
Event: 32.607 Thread 0x00000152d506a870 Uncommon trap: reason=predicate action=maybe_recompile pc=0x0000015287cee870 method=java.util.TimSort.binarySort([Ljava/lang/Object;IIILjava/util/Comparator;)V @ 34 c2
Event: 32.607 Thread 0x00000152d73eef60 Uncommon trap: reason=predicate action=maybe_recompile pc=0x0000015287cee870 method=java.util.TimSort.binarySort([Ljava/lang/Object;IIILjava/util/Comparator;)V @ 34 c2
Event: 32.607 Thread 0x00000152d631ff30 Uncommon trap: reason=predicate action=maybe_recompile pc=0x0000015287cee870 method=java.util.TimSort.binarySort([Ljava/lang/Object;IIILjava/util/Comparator;)V @ 34 c2
Event: 32.607 Thread 0x00000152d506a870 DEOPT PACKING pc=0x0000015287cee870 sp=0x0000003f2c0fe700
Event: 32.607 Thread 0x00000152d73eef60 DEOPT PACKING pc=0x0000015287cee870 sp=0x0000003f2d4fdbb0
Event: 32.607 Thread 0x00000152d631ff30 DEOPT PACKING pc=0x0000015287cee870 sp=0x0000003f2d9fe110
Event: 32.607 Thread 0x00000152d73eef60 DEOPT UNPACKING pc=0x00000152875846a2 sp=0x0000003f2d4fdb60 mode 2
Event: 32.607 Thread 0x00000152d631ff30 DEOPT UNPACKING pc=0x00000152875846a2 sp=0x0000003f2d9fe0c0 mode 2
Event: 32.607 Thread 0x00000152d506a870 DEOPT UNPACKING pc=0x00000152875846a2 sp=0x0000003f2c0fe6b0 mode 2
Event: 32.611 Thread 0x00000152d631ff30 Uncommon trap: trap_request=0xffffff45 fr.pc=0x0000015287eef130 relative=0x0000000000000830
Event: 32.611 Thread 0x00000152d631ff30 Uncommon trap: reason=unstable_if action=reinterpret pc=0x0000015287eef130 method=org.eclipse.jdt.internal.compiler.util.CharDeduplication.sharedCopyOfRange([CII)[C @ 7 c2
Event: 32.611 Thread 0x00000152d631ff30 DEOPT PACKING pc=0x0000015287eef130 sp=0x0000003f2d9fda30
Event: 32.611 Thread 0x00000152d631ff30 DEOPT UNPACKING pc=0x00000152875846a2 sp=0x0000003f2d9fd9c8 mode 2
Event: 32.668 Thread 0x00000152d506a870 DEOPT PACKING pc=0x0000015280fc5c74 sp=0x0000003f2c0fda70
Event: 32.669 Thread 0x00000152d506a870 DEOPT UNPACKING pc=0x0000015287584e42 sp=0x0000003f2c0fcf00 mode 0

Classes loaded (20 events):
Event: 26.033 Loading class jdk/internal/event/SecurityPropertyModificationEvent
Event: 26.033 Loading class jdk/internal/event/SecurityPropertyModificationEvent done
Event: 26.116 Loading class java/util/zip/CheckedInputStream
Event: 26.117 Loading class java/util/zip/CheckedInputStream done
Event: 26.214 Loading class java/util/zip/GZIPInputStream$1
Event: 26.214 Loading class java/util/zip/GZIPInputStream$1 done
Event: 31.453 Loading class java/lang/invoke/MethodHandleImpl$CountingWrapper$1
Event: 31.460 Loading class java/lang/invoke/MethodHandleImpl$CountingWrapper$1 done
Event: 32.121 Loading class sun/nio/cs/ISO_8859_1$Encoder
Event: 32.123 Loading class sun/nio/cs/ISO_8859_1$Encoder done
Event: 32.124 Loading class sun/nio/cs/Surrogate$Parser
Event: 32.125 Loading class sun/nio/cs/Surrogate$Parser done
Event: 32.125 Loading class sun/nio/cs/Surrogate
Event: 32.126 Loading class sun/nio/cs/Surrogate done
Event: 32.464 Loading class java/util/stream/ReduceOps$4
Event: 32.465 Loading class java/util/stream/ReduceOps$4 done
Event: 32.468 Loading class java/util/stream/ReduceOps$4ReducingSink
Event: 32.468 Loading class java/util/stream/ReduceOps$4ReducingSink done
Event: 32.511 Loading class java/nio/file/Files$2
Event: 32.514 Loading class java/nio/file/Files$2 done

Classes unloaded (7 events):
Event: 7.509 Thread 0x00000152ff97df80 Unloading class 0x0000015290199c00 'java/lang/invoke/LambdaForm$MH+0x0000015290199c00'
Event: 7.509 Thread 0x00000152ff97df80 Unloading class 0x0000015290199800 'java/lang/invoke/LambdaForm$MH+0x0000015290199800'
Event: 7.509 Thread 0x00000152ff97df80 Unloading class 0x0000015290199400 'java/lang/invoke/LambdaForm$MH+0x0000015290199400'
Event: 7.509 Thread 0x00000152ff97df80 Unloading class 0x0000015290199000 'java/lang/invoke/LambdaForm$MH+0x0000015290199000'
Event: 7.509 Thread 0x00000152ff97df80 Unloading class 0x0000015290198c00 'java/lang/invoke/LambdaForm$BMH+0x0000015290198c00'
Event: 7.509 Thread 0x00000152ff97df80 Unloading class 0x0000015290198800 'java/lang/invoke/LambdaForm$DMH+0x0000015290198800'
Event: 7.509 Thread 0x00000152ff97df80 Unloading class 0x0000015290197400 'java/lang/invoke/LambdaForm$DMH+0x0000015290197400'

Classes redefined (0 events):
No events

Internal exceptions (20 events):
Event: 24.600 Thread 0x00000152d73eef60 Implicit null exception at 0x0000015287ddb886 to 0x0000015287ddb960
Event: 25.722 Thread 0x00000152d73f5ef0 Exception <a 'java/lang/IncompatibleClassChangeError'{0x00000000873e7490}: Found class java.lang.Object, but interface was expected> (0x00000000873e7490) 
thrown [s\src\hotspot\share\interpreter\linkResolver.cpp, line 840]
Event: 26.122 Thread 0x00000152d73f5ef0 Exception <a 'java/lang/IncompatibleClassChangeError'{0x000000008584b050}: Found class java.lang.Object, but interface was expected> (0x000000008584b050) 
thrown [s\src\hotspot\share\interpreter\linkResolver.cpp, line 840]
Event: 26.264 Thread 0x00000152d506c2b0 Exception <a 'sun/nio/fs/WindowsException'{0x0000000084f130a8}> (0x0000000084f130a8) 
thrown [s\src\hotspot\share\prims\jni.cpp, line 520]
Event: 26.264 Thread 0x00000152d506c2b0 Exception <a 'sun/nio/fs/WindowsException'{0x0000000084f3ebf8}> (0x0000000084f3ebf8) 
thrown [s\src\hotspot\share\prims\jni.cpp, line 520]
Event: 26.438 Thread 0x00000152d506c2b0 Exception <a 'java/lang/NoSuchMethodError'{0x000000008a7018d8}: method resolution failed> (0x000000008a7018d8) 
thrown [s\src\hotspot\share\prims\methodHandles.cpp, line 1144]
Event: 26.603 Thread 0x00000152d631ff30 Implicit null exception at 0x0000015287cad4e2 to 0x0000015287cae2c8
Event: 26.903 Thread 0x00000152d631ff30 Implicit null exception at 0x0000015287e61fbb to 0x0000015287e64da4
Event: 26.903 Thread 0x00000152d631ff30 Implicit null exception at 0x0000015287dd5f06 to 0x0000015287dd6005
Event: 28.191 Thread 0x00000152d73f5ef0 Exception <a 'java/lang/IncompatibleClassChangeError'{0x000000008a3addd0}: Found class java.lang.Object, but interface was expected> (0x000000008a3addd0) 
thrown [s\src\hotspot\share\interpreter\linkResolver.cpp, line 840]
Event: 31.060 Thread 0x00000152d631ff30 Exception <a 'java/lang/IncompatibleClassChangeError'{0x0000000089d5c4b0}: Found class java.lang.Object, but interface was expected> (0x0000000089d5c4b0) 
thrown [s\src\hotspot\share\interpreter\linkResolver.cpp, line 840]
Event: 31.061 Thread 0x00000152d73eef60 Exception <a 'java/lang/IncompatibleClassChangeError'{0x0000000089c0e1e0}: Found class java.lang.Object, but interface was expected> (0x0000000089c0e1e0) 
thrown [s\src\hotspot\share\interpreter\linkResolver.cpp, line 840]
Event: 31.433 Thread 0x00000152d73eef60 Implicit null exception at 0x0000015287d2493b to 0x0000015287d24fec
Event: 32.016 Thread 0x00000152d4554300 Implicit null exception at 0x0000015287d4aea6 to 0x0000015287d4b3ea
Event: 32.484 Thread 0x00000152d506a870 Exception <a 'java/lang/NoSuchMethodError'{0x000000008865f620}: 'int java.lang.invoke.DirectMethodHandle$Holder.invokeSpecialIFC(java.lang.Object, java.lang.Object, java.lang.Object)'> (0x000000008865f620) 
thrown [s\src\hotspot\share\interpreter\linkResolver.cpp, line 773]
Event: 32.484 Thread 0x00000152d73eef60 Exception <a 'java/lang/NoSuchMethodError'{0x00000000886def40}: 'int java.lang.invoke.DirectMethodHandle$Holder.invokeSpecialIFC(java.lang.Object, java.lang.Object, java.lang.Object)'> (0x00000000886def40) 
thrown [s\src\hotspot\share\interpreter\linkResolver.cpp, line 773]
Event: 32.543 Thread 0x00000152d73eef60 Exception <a 'java/lang/LinkageError'{0x000000008846f950}: loader lombok.launch.ShadowClassLoader @3883c95e attempted duplicate class definition for lombok.launch.PatchFixesHider$Delegate. (lombok.launch.PatchFixesHider$Delegate is in unnamed module of loader lombok.launch.ShadowClassLoader @3883c95e, parent loader org.eclipse.osgi.internal.loader.EquinoxClassLoader @4b25e240)> (0x000000008846f950) 
thrown [s\src\hotspot\share\classfile\systemDictionary.cpp, line 1682]
Event: 32.544 Thread 0x00000152d631ff30 Exception <a 'java/lang/LinkageError'{0x00000000884c94e8}: loader lombok.launch.ShadowClassLoader @3883c95e attempted duplicate class definition for lombok.launch.PatchFixesHider$Delegate. (lombok.launch.PatchFixesHider$Delegate is in unnamed module of loader lombok.launch.ShadowClassLoader @3883c95e, parent loader org.eclipse.osgi.internal.loader.EquinoxClassLoader @4b25e240)> (0x00000000884c94e8) 
thrown [s\src\hotspot\share\classfile\systemDictionary.cpp, line 1682]
Event: 32.750 Thread 0x00000152d73eef60 Exception <a 'java/lang/LinkageError'{0x00000000878f5ae8}: loader lombok.launch.ShadowClassLoader @3883c95e attempted duplicate class definition for lombok.launch.PatchFixesHider$ExtensionMethod. (lombok.launch.PatchFixesHider$ExtensionMethod is in unnamed module of loader lombok.launch.ShadowClassLoader @3883c95e, parent loader org.eclipse.osgi.internal.loader.EquinoxClassLoader @4b25e240)> (0x00000000878f5ae8) 
thrown [s\src\hotspot\share\classfile\systemDictionary.cpp, line 1682]
Event: 32.751 Thread 0x00000152d506a870 Exception <a 'java/lang/LinkageError'{0x000000008774c9b8}: loader lombok.launch.ShadowClassLoader @3883c95e attempted duplicate class definition for lombok.launch.PatchFixesHider$ExtensionMethod. (lombok.launch.PatchFixesHider$ExtensionMethod is in unnamed module of loader lombok.launch.ShadowClassLoader @3883c95e, parent loader org.eclipse.osgi.internal.loader.EquinoxClassLoader @4b25e240)> (0x000000008774c9b8) 
thrown [s\src\hotspot\share\classfile\systemDictionary.cpp, line 1682]

ZGC Phase Switch (0 events):
No events

VM Operations (20 events):
Event: 31.595 Executing VM operation: G1CollectForAllocation (G1 Evacuation Pause) done
Event: 31.789 Executing VM operation: G1CollectForAllocation (G1 Evacuation Pause)
Event: 31.797 Executing VM operation: G1CollectForAllocation (G1 Evacuation Pause) done
Event: 31.948 Executing VM operation: G1CollectForAllocation (G1 Evacuation Pause)
Event: 31.961 Executing VM operation: G1CollectForAllocation (G1 Evacuation Pause) done
Event: 32.072 Executing VM operation: G1PauseRemark
Event: 32.085 Executing VM operation: G1PauseRemark done
Event: 32.132 Executing VM operation: G1PauseCleanup
Event: 32.133 Executing VM operation: G1PauseCleanup done
Event: 32.165 Executing VM operation: G1CollectForAllocation (G1 Evacuation Pause)
Event: 32.176 Executing VM operation: G1CollectForAllocation (G1 Evacuation Pause) done
Event: 32.449 Executing VM operation: HandshakeAllThreads (Deoptimize)
Event: 32.449 Executing VM operation: HandshakeAllThreads (Deoptimize) done
Event: 32.467 Executing VM operation: HandshakeAllThreads (Deoptimize)
Event: 32.468 Executing VM operation: HandshakeAllThreads (Deoptimize) done
Event: 32.494 Executing VM operation: HandshakeAllThreads (Deoptimize)
Event: 32.494 Executing VM operation: HandshakeAllThreads (Deoptimize) done
Event: 32.685 Executing VM operation: HandshakeAllThreads (Deoptimize)
Event: 32.685 Executing VM operation: HandshakeAllThreads (Deoptimize) done
Event: 32.772 Executing VM operation: G1CollectForAllocation (G1 Evacuation Pause)

Memory protections (0 events):
No events

Nmethod flushes (20 events):
Event: 32.083 Thread 0x00000152ff97df80 flushing  nmethod 0x0000015280aa2510
Event: 32.083 Thread 0x00000152ff97df80 flushing  nmethod 0x0000015280e6a310
Event: 32.083 Thread 0x00000152ff97df80 flushing  nmethod 0x0000015280e6d290
Event: 32.083 Thread 0x00000152ff97df80 flushing  nmethod 0x0000015280e7c310
Event: 32.083 Thread 0x00000152ff97df80 flushing  nmethod 0x0000015280ff5210
Event: 32.083 Thread 0x00000152ff97df80 flushing  nmethod 0x0000015287de0310
Event: 32.084 Thread 0x00000152ff97df80 flushing  nmethod 0x0000015280006a10
Event: 32.084 Thread 0x00000152ff97df80 flushing  nmethod 0x00000152800a0c90
Event: 32.084 Thread 0x00000152ff97df80 flushing  nmethod 0x0000015280220210
Event: 32.084 Thread 0x00000152ff97df80 flushing  nmethod 0x0000015280387b10
Event: 32.084 Thread 0x00000152ff97df80 flushing  nmethod 0x00000152804d3a10
Event: 32.084 Thread 0x00000152ff97df80 flushing  nmethod 0x00000152804e6a10
Event: 32.084 Thread 0x00000152ff97df80 flushing  nmethod 0x00000152807b0410
Event: 32.084 Thread 0x00000152ff97df80 flushing  nmethod 0x00000152809cc210
Event: 32.084 Thread 0x00000152ff97df80 flushing  nmethod 0x0000015280e46590
Event: 32.084 Thread 0x00000152ff97df80 flushing  nmethod 0x0000015280e48590
Event: 32.084 Thread 0x00000152ff97df80 flushing  nmethod 0x0000015280e56e90
Event: 32.084 Thread 0x00000152ff97df80 flushing  nmethod 0x0000015280e57310
Event: 32.084 Thread 0x00000152ff97df80 flushing  nmethod 0x0000015280fa8110
Event: 32.084 Thread 0x00000152ff97df80 flushing  nmethod 0x0000015280fac390

Events (20 events):
Event: 9.385 Thread 0x00000152d631f210 Thread added: 0x00000152d6320c50
Event: 9.387 Thread 0x00000152d631ff30 Thread added: 0x00000152d6322000
Event: 9.387 Thread 0x00000152d6320c50 Thread added: 0x00000152d63212e0
Event: 9.389 Thread 0x00000152d6322000 Thread added: 0x00000152d631eb80
Event: 10.794 Thread 0x00000152d4be0070 Thread exited: 0x00000152d4be0070
Event: 19.538 Thread 0x00000152d506bc20 Thread added: 0x00000152d631e4f0
Event: 21.672 Thread 0x00000152d506bc20 Thread added: 0x00000152d63233b0
Event: 21.672 Thread 0x00000152d506bc20 Thread added: 0x00000152d631f8a0
Event: 21.672 Thread 0x00000152d506bc20 Thread added: 0x00000152d6323a40
Event: 21.672 Thread 0x00000152d506bc20 Thread added: 0x00000152d6322d20
Event: 21.673 Thread 0x00000152d506bc20 Thread added: 0x00000152d6322690
Event: 23.805 Thread 0x00000152d73f2a70 Thread exited: 0x00000152d73f2a70
Event: 23.965 Thread 0x00000152d6322d20 Thread exited: 0x00000152d6322d20
Event: 23.966 Thread 0x00000152d63233b0 Thread exited: 0x00000152d63233b0
Event: 23.966 Thread 0x00000152d6323a40 Thread exited: 0x00000152d6323a40
Event: 23.966 Thread 0x00000152d6322690 Thread exited: 0x00000152d6322690
Event: 23.966 Thread 0x00000152d631f8a0 Thread exited: 0x00000152d631f8a0
Event: 24.538 Thread 0x00000152d631e4f0 Thread exited: 0x00000152d631e4f0
Event: 26.037 Thread 0x00000152d63205c0 Thread added: 0x00000152d631d140
Event: 27.053 Thread 0x00000152d631d140 Thread exited: 0x00000152d631d140


Dynamic libraries:
0x00007ff74cc10000 - 0x00007ff74cc1e000 	c:\Users\raksh\.vscode\extensions\redhat.java-1.41.1-win32-x64\jre\21.0.6-win32-x86_64\bin\java.exe
0x00007fffc8a30000 - 0x00007fffc8c47000 	C:\WINDOWS\SYSTEM32\ntdll.dll
0x00007fffc7a30000 - 0x00007fffc7af4000 	C:\WINDOWS\System32\KERNEL32.DLL
0x00007fffc60d0000 - 0x00007fffc64a3000 	C:\WINDOWS\System32\KERNELBASE.dll
0x00007fffc5b40000 - 0x00007fffc5c51000 	C:\WINDOWS\System32\ucrtbase.dll
0x00007fffa7a20000 - 0x00007fffa7a3e000 	c:\Users\raksh\.vscode\extensions\redhat.java-1.41.1-win32-x64\jre\21.0.6-win32-x86_64\bin\VCRUNTIME140.dll
0x00007fffa7a00000 - 0x00007fffa7a18000 	c:\Users\raksh\.vscode\extensions\redhat.java-1.41.1-win32-x64\jre\21.0.6-win32-x86_64\bin\jli.dll
0x00007fffc85f0000 - 0x00007fffc87a1000 	C:\WINDOWS\System32\USER32.dll
0x00007fffc5f60000 - 0x00007fffc5f86000 	C:\WINDOWS\System32\win32u.dll
0x00007fffb2890000 - 0x00007fffb2b28000 	C:\WINDOWS\WinSxS\amd64_microsoft.windows.common-controls_6595b64144ccf1df_6.0.22621.5124_none_270e8f4f7386d69d\COMCTL32.dll
0x00007fffc89c0000 - 0x00007fffc89e9000 	C:\WINDOWS\System32\GDI32.dll
0x00007fffc73c0000 - 0x00007fffc7467000 	C:\WINDOWS\System32\msvcrt.dll
0x00007fffc5e40000 - 0x00007fffc5f5b000 	C:\WINDOWS\System32\gdi32full.dll
0x00007fffc5da0000 - 0x00007fffc5e3a000 	C:\WINDOWS\System32\msvcp_win.dll
0x00007fffc7850000 - 0x00007fffc7881000 	C:\WINDOWS\System32\IMM32.DLL
0x00007fffab780000 - 0x00007fffab78c000 	c:\Users\raksh\.vscode\extensions\redhat.java-1.41.1-win32-x64\jre\21.0.6-win32-x86_64\bin\vcruntime140_1.dll
0x00007fff5fc70000 - 0x00007fff5fcfd000 	c:\Users\raksh\.vscode\extensions\redhat.java-1.41.1-win32-x64\jre\21.0.6-win32-x86_64\bin\msvcp140.dll
0x00007fff3b240000 - 0x00007fff3bfd0000 	c:\Users\raksh\.vscode\extensions\redhat.java-1.41.1-win32-x64\jre\21.0.6-win32-x86_64\bin\server\jvm.dll
0x00007fffc87d0000 - 0x00007fffc8881000 	C:\WINDOWS\System32\ADVAPI32.dll
0x00007fffc7550000 - 0x00007fffc75f8000 	C:\WINDOWS\System32\sechost.dll
0x00007fffc6620000 - 0x00007fffc6648000 	C:\WINDOWS\System32\bcrypt.dll
0x00007fffc88a0000 - 0x00007fffc89b4000 	C:\WINDOWS\System32\RPCRT4.dll
0x00007fffc8570000 - 0x00007fffc85e1000 	C:\WINDOWS\System32\WS2_32.dll
0x00007fffc5a10000 - 0x00007fffc5a5d000 	C:\WINDOWS\SYSTEM32\POWRPROF.dll
0x00007fffbddb0000 - 0x00007fffbddba000 	C:\WINDOWS\SYSTEM32\VERSION.dll
0x00007fffc1490000 - 0x00007fffc14c4000 	C:\WINDOWS\SYSTEM32\WINMM.dll
0x00007fffc59f0000 - 0x00007fffc5a03000 	C:\WINDOWS\SYSTEM32\UMPDC.dll
0x00007fffc4b50000 - 0x00007fffc4b68000 	C:\WINDOWS\SYSTEM32\kernel.appcore.dll
0x00007fffa79f0000 - 0x00007fffa79fa000 	c:\Users\raksh\.vscode\extensions\redhat.java-1.41.1-win32-x64\jre\21.0.6-win32-x86_64\bin\jimage.dll
0x00007fffc3640000 - 0x00007fffc3872000 	C:\WINDOWS\SYSTEM32\DBGHELP.DLL
0x00007fffc7b80000 - 0x00007fffc7f12000 	C:\WINDOWS\System32\combase.dll
0x00007fffc7470000 - 0x00007fffc7547000 	C:\WINDOWS\System32\OLEAUT32.dll
0x00007fffb4b20000 - 0x00007fffb4b52000 	C:\WINDOWS\SYSTEM32\dbgcore.DLL
0x00007fffc6650000 - 0x00007fffc66cb000 	C:\WINDOWS\System32\bcryptPrimitives.dll
0x00007fffa5780000 - 0x00007fffa578f000 	c:\Users\raksh\.vscode\extensions\redhat.java-1.41.1-win32-x64\jre\21.0.6-win32-x86_64\bin\instrument.dll
0x00007fff91040000 - 0x00007fff9105f000 	c:\Users\raksh\.vscode\extensions\redhat.java-1.41.1-win32-x64\jre\21.0.6-win32-x86_64\bin\java.dll
0x00007fffc6810000 - 0x00007fffc70a6000 	C:\WINDOWS\System32\SHELL32.dll
0x00007fffc5f90000 - 0x00007fffc60cf000 	C:\WINDOWS\System32\wintypes.dll
0x00007fffc3a10000 - 0x00007fffc432a000 	C:\WINDOWS\SYSTEM32\windows.storage.dll
0x00007fffc7920000 - 0x00007fffc7a2a000 	C:\WINDOWS\System32\SHCORE.dll
0x00007fffc76b0000 - 0x00007fffc7713000 	C:\WINDOWS\System32\shlwapi.dll
0x00007fffc5a70000 - 0x00007fffc5a9b000 	C:\WINDOWS\SYSTEM32\profapi.dll
0x00007fff93cc0000 - 0x00007fff93cd8000 	c:\Users\raksh\.vscode\extensions\redhat.java-1.41.1-win32-x64\jre\21.0.6-win32-x86_64\bin\zip.dll
0x00007fffa47f0000 - 0x00007fffa4800000 	C:\Users\raksh\.vscode\extensions\redhat.java-1.41.1-win32-x64\jre\21.0.6-win32-x86_64\bin\net.dll
0x00007fffc17a0000 - 0x00007fffc18cc000 	C:\WINDOWS\SYSTEM32\WINHTTP.dll
0x00007fffc4ff0000 - 0x00007fffc505a000 	C:\WINDOWS\system32\mswsock.dll
0x00007fff8ea20000 - 0x00007fff8ea36000 	C:\Users\raksh\.vscode\extensions\redhat.java-1.41.1-win32-x64\jre\21.0.6-win32-x86_64\bin\nio.dll
0x00007fffa27c0000 - 0x00007fffa27d0000 	c:\Users\raksh\.vscode\extensions\redhat.java-1.41.1-win32-x64\jre\21.0.6-win32-x86_64\bin\verify.dll
0x00007fff712e0000 - 0x00007fff71325000 	C:\Users\raksh\AppData\Roaming\Code\User\globalStorage\redhat.java\1.41.1\config_win\org.eclipse.equinox.launcher\org.eclipse.equinox.launcher.win32.win32.x86_64_1.2.1300.v20250331-1702\eclipse_11911.dll
0x00007fffc70b0000 - 0x00007fffc7251000 	C:\WINDOWS\System32\ole32.dll
0x00007fffc5240000 - 0x00007fffc525b000 	C:\WINDOWS\SYSTEM32\CRYPTSP.dll
0x00007fffc4aa0000 - 0x00007fffc4ad7000 	C:\WINDOWS\system32\rsaenh.dll
0x00007fffc50e0000 - 0x00007fffc5108000 	C:\WINDOWS\SYSTEM32\USERENV.dll
0x00007fffc5260000 - 0x00007fffc526c000 	C:\WINDOWS\SYSTEM32\CRYPTBASE.dll
0x00007fffc4590000 - 0x00007fffc45bd000 	C:\WINDOWS\SYSTEM32\IPHLPAPI.DLL
0x00007fffc6790000 - 0x00007fffc6799000 	C:\WINDOWS\System32\NSI.dll
0x00007fff65bf0000 - 0x00007fff65c39000 	C:\Users\raksh\AppData\Local\Temp\jna-108277617\jna18247870409239594504.dll
0x00007fffc8560000 - 0x00007fffc8568000 	C:\WINDOWS\System32\PSAPI.DLL
0x00007fffc1570000 - 0x00007fffc1589000 	C:\WINDOWS\SYSTEM32\dhcpcsvc6.DLL
0x00007fffc1550000 - 0x00007fffc156f000 	C:\WINDOWS\SYSTEM32\dhcpcsvc.DLL
0x00007fffb6df0000 - 0x00007fffb6dfe000 	C:\Users\raksh\.vscode\extensions\redhat.java-1.41.1-win32-x64\jre\21.0.6-win32-x86_64\bin\sunmscapi.dll
0x00007fffc64b0000 - 0x00007fffc6617000 	C:\WINDOWS\System32\CRYPT32.dll
0x00007fffc5400000 - 0x00007fffc542d000 	C:\WINDOWS\SYSTEM32\ncrypt.dll
0x00007fffc53c0000 - 0x00007fffc53f7000 	C:\WINDOWS\SYSTEM32\NTASN1.dll
0x00007fffc4600000 - 0x00007fffc4702000 	C:\WINDOWS\SYSTEM32\DNSAPI.dll
0x00007fffbdd90000 - 0x00007fffbdd9a000 	C:\Windows\System32\rasadhlp.dll
0x00007fffc0fa0000 - 0x00007fffc1023000 	C:\WINDOWS\System32\fwpuclnt.dll
0x00007fffb0540000 - 0x00007fffb0549000 	C:\Users\raksh\.vscode\extensions\redhat.java-1.41.1-win32-x64\jre\21.0.6-win32-x86_64\bin\extnet.dll

dbghelp: loaded successfully - version: 4.0.5 - missing functions: none
symbol engine: initialized successfully - sym options: 0x614 - pdb path: .;c:\Users\raksh\.vscode\extensions\redhat.java-1.41.1-win32-x64\jre\21.0.6-win32-x86_64\bin;C:\WINDOWS\SYSTEM32;C:\WINDOWS\WinSxS\amd64_microsoft.windows.common-controls_6595b64144ccf1df_6.0.22621.5124_none_270e8f4f7386d69d;c:\Users\raksh\.vscode\extensions\redhat.java-1.41.1-win32-x64\jre\21.0.6-win32-x86_64\bin\server;C:\Users\raksh\AppData\Roaming\Code\User\globalStorage\redhat.java\1.41.1\config_win\org.eclipse.equinox.launcher\org.eclipse.equinox.launcher.win32.win32.x86_64_1.2.1300.v20250331-1702;C:\Users\raksh\AppData\Local\Temp\jna-108277617

VM Arguments:
jvm_args: --add-modules=ALL-SYSTEM --add-opens=java.base/java.util=ALL-UNNAMED --add-opens=java.base/java.lang=ALL-UNNAMED --add-opens=java.base/sun.nio.fs=ALL-UNNAMED -Declipse.application=org.eclipse.jdt.ls.core.id1 -Dosgi.bundles.defaultStartLevel=4 -Declipse.product=org.eclipse.jdt.ls.core.product -Djava.import.generatesMetadataFilesAtProjectRoot=false -DDetectVMInstallationsJob.disabled=true -Dfile.encoding=utf8 -Xlog:disable -javaagent:c:\Users\raksh\.vscode\extensions\redhat.java-1.41.1-win32-x64\lombok\lombok-1.18.36.jar -XX:+HeapDumpOnOutOfMemoryError -XX:HeapDumpPath=c:\Users\raksh\AppData\Roaming\Code\User\workspaceStorage\9e95b460ab2f98c4a6ac8e55d6906d03\redhat.java -Daether.dependencyCollector.impl=bf -Xmx2048M 
java_command: c:\Users\raksh\.vscode\extensions\redhat.java-1.41.1-win32-x64\server\plugins\org.eclipse.equinox.launcher_1.7.0.v20250331-1702.jar -configuration c:\Users\raksh\AppData\Roaming\Code\User\globalStorage\redhat.java\1.41.1\config_win -data c:\Users\raksh\AppData\Roaming\Code\User\workspaceStorage\9e95b460ab2f98c4a6ac8e55d6906d03\redhat.java\jdt_ws --pipe=\\.\pipe\lsp-3f2a4f099a53b50574458edad10b9b48-sock
java_class_path (initial): c:\Users\raksh\.vscode\extensions\redhat.java-1.41.1-win32-x64\server\plugins\org.eclipse.equinox.launcher_1.7.0.v20250331-1702.jar
Launcher Type: SUN_STANDARD

[Global flags]
     intx CICompilerCount                          = 4                                         {product} {ergonomic}
     uint ConcGCThreads                            = 3                                         {product} {ergonomic}
     uint G1ConcRefinementThreads                  = 10                                        {product} {ergonomic}
   size_t G1HeapRegionSize                         = 1048576                                   {product} {ergonomic}
    uintx GCDrainStackTargetSize                   = 64                                        {product} {ergonomic}
     bool HeapDumpOnOutOfMemoryError               = true                                   {manageable} {command line}
    ccstr HeapDumpPath                             = c:\Users\raksh\AppData\Roaming\Code\User\workspaceStorage\9e95b460ab2f98c4a6ac8e55d6906d03\redhat.java         {manageable} {command line}
   size_t InitialHeapSize                          = 98566144                                  {product} {ergonomic}
   size_t MarkStackSize                            = 4194304                                   {product} {ergonomic}
   size_t MaxHeapSize                              = 2147483648                                {product} {command line}
   size_t MaxNewSize                               = 1287651328                                {product} {ergonomic}
   size_t MinHeapDeltaBytes                        = 1048576                                   {product} {ergonomic}
   size_t MinHeapSize                              = 8388608                                   {product} {ergonomic}
    uintx NonNMethodCodeHeapSize                   = 5839372                                {pd product} {ergonomic}
    uintx NonProfiledCodeHeapSize                  = 122909434                              {pd product} {ergonomic}
    uintx ProfiledCodeHeapSize                     = 122909434                              {pd product} {ergonomic}
    uintx ReservedCodeCacheSize                    = 251658240                              {pd product} {ergonomic}
     bool SegmentedCodeCache                       = true                                      {product} {ergonomic}
   size_t SoftMaxHeapSize                          = 2147483648                             {manageable} {ergonomic}
     bool UseCompressedOops                        = true                           {product lp64_product} {ergonomic}
     bool UseG1GC                                  = true                                      {product} {ergonomic}
     bool UseLargePagesIndividualAllocation        = false                                  {pd product} {ergonomic}

Logging:
Log output configuration:
 #0: stdout all=off uptime,level,tags foldmultilines=false
 #1: stderr all=off uptime,level,tags foldmultilines=false

Environment Variables:
JAVA_HOME=C:\Program Files\Java\jdk-17
_JAVA_OPTIONS=-Xmx2048M
PATH=C:\Python310\Scripts\;C:\Python310\;C:\Program Files\Common Files\Oracle\Java\javapath;C:\WINDOWS\system32;C:\WINDOWS;C:\WINDOWS\System32\Wbem;C:\WINDOWS\System32\WindowsPowerShell\v1.0\;C:\WINDOWS\System32\OpenSSH\;C:\Program Files\Java\jdk-19\bin;C:\ProgramData\chocolatey\bin;C:\Program Files\MySQL\MySQL Server 8.0\bin;C:\Program Files\Git\cmd;C:\Program Files\MongoDB\mongosh-1.8.2-win32-x64\mongosh-1.8.2-win32-x64\bin;C:\ngrok;C:\Users\raksh\AppData\Roaming\npm;C:\Program Files\nodejs\;C:\Program Files\apache-maven-3.9.9\bin;C:\Program Files\MySQL\MySQL Shell 8.0\bin\;C:\Users\raksh\AppData\Local\Microsoft\WindowsApps;;C:\Users\raksh\AppData\Local\Programs\Hyper\resources\bin;C:\Users\raksh\AppData\Local\Programs\Microsoft VS Code\bin;C:\Users\raksh\AppData\Roaming\npm
USERNAME=raksh
OS=Windows_NT
PROCESSOR_IDENTIFIER=AMD64 Family 23 Model 104 Stepping 1, AuthenticAMD
TMP=C:\Users\raksh\AppData\Local\Temp
TEMP=C:\Users\raksh\AppData\Local\Temp




Periodic native trim disabled

---------------  S Y S T E M  ---------------

OS:
 Windows 11 , 64 bit Build 22621 (10.0.22621.5124)
OS uptime: 0 days 9:41 hours
Hyper-V role detected

CPU: total 12 (initial active 12) (12 cores per cpu, 2 threads per core) family 23 model 104 stepping 1 microcode 0x0, cx8, cmov, fxsr, ht, mmx, 3dnowpref, sse, sse2, sse3, ssse3, sse4a, sse4.1, sse4.2, popcnt, lzcnt, tsc, tscinvbit, avx, avx2, aes, clmul, bmi1, bmi2, adx, sha, fma, vzeroupper, clflush, clflushopt, hv, rdtscp, rdpid, f16c
Processor Information for processor 0
  Max Mhz: 2100, Current Mhz: 1893, Mhz Limit: 2100
Processor Information for processor 1
  Max Mhz: 2100, Current Mhz: 1813, Mhz Limit: 2100
Processor Information for processor 2
  Max Mhz: 2100, Current Mhz: 1893, Mhz Limit: 2100
Processor Information for processor 3
  Max Mhz: 2100, Current Mhz: 1893, Mhz Limit: 2100
Processor Information for processor 4
  Max Mhz: 2100, Current Mhz: 1813, Mhz Limit: 2100
Processor Information for processor 5
  Max Mhz: 2100, Current Mhz: 1893, Mhz Limit: 2100
Processor Information for processor 6
  Max Mhz: 2100, Current Mhz: 1893, Mhz Limit: 2100
Processor Information for processor 7
  Max Mhz: 2100, Current Mhz: 1813, Mhz Limit: 2100
Processor Information for processor 8
  Max Mhz: 2100, Current Mhz: 1893, Mhz Limit: 2100
Processor Information for processor 9
  Max Mhz: 2100, Current Mhz: 1813, Mhz Limit: 2100
Processor Information for processor 10
  Max Mhz: 2100, Current Mhz: 1813, Mhz Limit: 2100
Processor Information for processor 11
  Max Mhz: 2100, Current Mhz: 1813, Mhz Limit: 2100

Memory: 4k page, system-wide physical 6005M (211M free)
TotalPageFile size 24437M (AvailPageFile size 180M)
current process WorkingSet (physical memory assigned to process): 380M, peak: 421M
current process commit charge ("private bytes"): 514M, peak: 898M

vm_info: OpenJDK 64-Bit Server VM (21.0.6+7-LTS) for windows-amd64 JRE (21.0.6+7-LTS), built on 2025-01-21T00:00:00Z by "admin" with MS VC++ 17.7 (VS2022)

END.
